#-----------------------------------------------------------
# Webtalk v2018.2 (64-bit)
# SW Build 2258646 on Thu Jun 14 20:03:12 MDT 2018
# 
# Start of session at: Wed Sep 19 16:22:20 2018
# Process ID: 5684
# Current directory: F:/SchoolWork/2019/HSCD/lab1/lab1.sdk/webtalk
# Command line: wbtcv.exe -mode batch -source sdk_webtalk.tcl
# Log file: F:/SchoolWork/2019/HSCD/lab1/lab1.sdk/webtalk/webtalk.log
# Journal file: F:/SchoolWork/2019/HSCD/lab1/lab1.sdk/webtalk\webtalk.jou
#-----------------------------------------------------------
source sdk_webtalk.tcl
# webtalk_init -webtalk_dir F:\\SchoolWork\\2019\\HSCD\\lab1\\lab1.sdk\\webtalk
# webtalk_register_client -client project
# webtalk_add_data -client project -key date_generated -value "2018-09-19 16:22:18" -context "software_version_and_target_device"
# webtalk_add_data -client project -key product_version -value "SDK v2018.2" -context "software_version_and_target_device"
# webtalk_add_data -client project -key build_version -value "2018.2" -context "software_version_and_target_device"
# webtalk_add_data -client project -key os_platform -value "amd64" -context "software_version_and_target_device"
# webtalk_add_data -client project -key registration_id -value "211395084_0_0_225" -context "software_version_and_target_device"
# webtalk_add_data -client project -key tool_flow -value "SDK" -context "software_version_and_target_device"
# webtalk_add_data -client project -key beta -value "false" -context "software_version_and_target_device"
# webtalk_add_data -client project -key route_design -value "NA" -context "software_version_and_target_device"
# webtalk_add_data -client project -key target_family -value "NA" -context "software_version_and_target_device"
# webtalk_add_data -client project -key target_device -value "NA" -context "software_version_and_target_device"
# webtalk_add_data -client project -key target_package -value "NA" -context "software_version_and_target_device"
# webtalk_add_data -client project -key target_speed -value "NA" -context "software_version_and_target_device"
# webtalk_add_data -client project -key random_id -value "i8futoicrphc4je4ll1d5ietm9" -context "software_version_and_target_device"
# webtalk_add_data -client project -key project_id -value "2018.2_1" -context "software_version_and_target_device"
# webtalk_add_data -client project -key project_iteration -value "1" -context "software_version_and_target_device"
# webtalk_add_data -client project -key os_name -value "Microsoft Windows 8 or later , 64-bit" -context "user_environment"
# webtalk_add_data -client project -key os_release -value "major release  (build 9200)" -context "user_environment"
# webtalk_add_data -client project -key cpu_name -value "Intel(R) Core(TM) i5-4590 CPU @ 3.30GHz" -context "user_environment"
# webtalk_add_data -client project -key cpu_speed -value "3300 MHz" -context "user_environment"
# webtalk_add_data -client project -key total_processors -value "1" -context "user_environment"
# webtalk_add_data -client project -key system_ram -value "25.628 GB" -context "user_environment"
# webtalk_register_client -client sdk
# webtalk_add_data -client sdk -key uid -value "1537385113505" -context "sdk\\\\hardware/1537385113505"
# webtalk_add_data -client sdk -key isZynq -value "true" -context "sdk\\\\hardware/1537385113505"
# webtalk_add_data -client sdk -key isZynqMP -value "false" -context "sdk\\\\hardware/1537385113505"
# webtalk_add_data -client sdk -key Processors -value "2" -context "sdk\\\\hardware/1537385113505"
# webtalk_add_data -client sdk -key VivadoVersion -value "2018.2" -context "sdk\\\\hardware/1537385113505"
# webtalk_add_data -client sdk -key Arch -value "zynq" -context "sdk\\\\hardware/1537385113505"
# webtalk_add_data -client sdk -key Device -value "7z010" -context "sdk\\\\hardware/1537385113505"
# webtalk_add_data -client sdk -key IsHandoff -value "true" -context "sdk\\\\hardware/1537385113505"
# webtalk_add_data -client sdk -key os -value "NA" -context "sdk\\\\hardware/1537385113505"
# webtalk_add_data -client sdk -key apptemplate -value "NA" -context "sdk\\\\hardware/1537385113505"
# webtalk_add_data -client sdk -key RecordType -value "HWCreation" -context "sdk\\\\hardware/1537385113505"
# webtalk_add_data -client sdk -key uid -value "1537385177282" -context "sdk\\\\bsp/1537385177282"
# webtalk_add_data -client sdk -key hwid -value "1537385113505" -context "sdk\\\\bsp/1537385177282"
# webtalk_add_data -client sdk -key os -value "standalone" -context "sdk\\\\bsp/1537385177282"
# webtalk_add_data -client sdk -key apptemplate -value "hello_world" -context "sdk\\\\bsp/1537385177282"
# webtalk_add_data -client sdk -key RecordType -value "BSPCreation" -context "sdk\\\\bsp/1537385177282"
# webtalk_add_data -client sdk -key uid -value "1537385188149" -context "sdk\\\\application/1537385188149"
# webtalk_add_data -client sdk -key hwid -value "1537385113505" -context "sdk\\\\application/1537385188149"
# webtalk_add_data -client sdk -key bspid -value "1537385177282" -context "sdk\\\\application/1537385188149"
# webtalk_add_data -client sdk -key newbsp -value "true" -context "sdk\\\\application/1537385188149"
# webtalk_add_data -client sdk -key os -value "standalone" -context "sdk\\\\application/1537385188149"
# webtalk_add_data -client sdk -key apptemplate -value "hello_world" -context "sdk\\\\application/1537385188149"
# webtalk_add_data -client sdk -key RecordType -value "APPCreation" -context "sdk\\\\application/1537385188149"
# webtalk_add_data -client sdk -key LangUsed -value "C" -context "sdk\\\\application/1537385188149"
# webtalk_add_data -client sdk -key Procused -value "ps7_cortexa9" -context "sdk\\\\application/1537385188149"
# webtalk_add_data -client sdk -key uid -value "NA" -context "sdk\\\\bsp/1537392138827"
# webtalk_add_data -client sdk -key RecordType -value "ToolUsage" -context "sdk\\\\bsp/1537392138827"
# webtalk_add_data -client sdk -key BootgenCount -value "0" -context "sdk\\\\bsp/1537392138827"
# webtalk_add_data -client sdk -key DebugCount -value "4" -context "sdk\\\\bsp/1537392138827"
# webtalk_add_data -client sdk -key PerfCount -value "0" -context "sdk\\\\bsp/1537392138827"
# webtalk_add_data -client sdk -key FlashCount -value "0" -context "sdk\\\\bsp/1537392138827"
# webtalk_add_data -client sdk -key CrossTriggCount -value "0" -context "sdk\\\\bsp/1537392138827"
# webtalk_add_data -client sdk -key QemuDebugCount -value "0" -context "sdk\\\\bsp/1537392138827"
# webtalk_transmit -clientid 604946186 -regid "211395084_0_0_225" -xml F:\\SchoolWork\\2019\\HSCD\\lab1\\lab1.sdk\\webtalk\\usage_statistics_ext_sdk.xml -html F:\\SchoolWork\\2019\\HSCD\\lab1\\lab1.sdk\\webtalk\\usage_statistics_ext_sdk.html -wdm F:\\SchoolWork\\2019\\HSCD\\lab1\\lab1.sdk\\webtalk\\sdk_webtalk.wdm -intro "<H3>SDK Usage Report</H3><BR>"
INFO: [Common 17-186] 'F:\SchoolWork\2019\HSCD\lab1\lab1.sdk\webtalk\usage_statistics_ext_sdk.xml' has been successfully sent to Xilinx on Wed Sep 19 16:22:24 2018. For additional details about this file, please refer to the WebTalk help file at C:/Xilinx/SDK/2018.2/doc/webtalk_introduction.html.
# webtalk_terminate
INFO: [Common 17-206] Exiting Webtalk at Wed Sep 19 16:22:24 2018...
