\BOOKMARK [1][-]{section.1}{Executive Summary}{}% 1
\BOOKMARK [1][-]{section.2}{Intro \046 Background}{}% 2
\BOOKMARK [1][-]{section.3}{Market, Social, \046 Ethical}{}% 3
\BOOKMARK [1][-]{section.4}{Design Parameters \046 Specifications}{}% 4
\BOOKMARK [2][-]{subsection.4.1}{Design Parameters}{section.4}% 5
\BOOKMARK [3][-]{subsubsection.4.1.1}{Robot}{subsection.4.1}% 6
\BOOKMARK [3][-]{subsubsection.4.1.2}{Mothership}{subsection.4.1}% 7
\BOOKMARK [3][-]{subsubsection.4.1.3}{Obstacles \046 Blocks}{subsection.4.1}% 8
\BOOKMARK [3][-]{subsubsection.4.1.4}{Competition Board}{subsection.4.1}% 9
\BOOKMARK [3][-]{subsubsection.4.1.5}{Corner Lights}{subsection.4.1}% 10
\BOOKMARK [2][-]{subsection.4.2}{Specification}{section.4}% 11
\BOOKMARK [1][-]{section.5}{Technical Analysis \046 Recommendation}{}% 12
\BOOKMARK [1][-]{section.6}{Implementation Plan}{}% 13
\BOOKMARK [1][-]{section.7}{References}{}% 14
\BOOKMARK [1][-]{section.8}{Appendix}{}% 15
\BOOKMARK [2][-]{subsection.8.1}{Specifications}{section.8}% 16
\BOOKMARK [2][-]{subsection.8.2}{Resources}{section.8}% 17
\BOOKMARK [3][-]{subsubsection.8.2.1}{Facilities}{subsection.8.2}% 18
\BOOKMARK [3][-]{subsubsection.8.2.2}{Lab Equipment}{subsection.8.2}% 19
\BOOKMARK [3][-]{subsubsection.8.2.3}{Computer Applications}{subsection.8.2}% 20
\BOOKMARK [3][-]{subsubsection.8.2.4}{Specialized Hardware}{subsection.8.2}% 21
\BOOKMARK [3][-]{subsubsection.8.2.5}{Communication Protocols}{subsection.8.2}% 22
\BOOKMARK [2][-]{subsection.8.3}{Testing}{section.8}% 23
\BOOKMARK [3][-]{subsubsection.8.3.1}{OCR}{subsection.8.3}% 24
\BOOKMARK [3][-]{subsubsection.8.3.2}{Claw}{subsection.8.3}% 25
\BOOKMARK [3][-]{subsubsection.8.3.3}{Navigation}{subsection.8.3}% 26
\BOOKMARK [3][-]{subsubsection.8.3.4}{Completed Robot}{subsection.8.3}% 27
\BOOKMARK [2][-]{subsection.8.4}{Personnel}{section.8}% 28
