#-----------------------------------------------------------
# Webtalk v2018.2 (64-bit)
# SW Build 2258646 on Thu Jun 14 20:03:12 MDT 2018
# 
# Start of session at: Fri Oct 26 00:24:26 2018
# Process ID: 6108
# Current directory: F:/school/2018-2019/fall/hscd/lab2part2/lab2part2.sdk/webtalk
# Command line: wbtcv.exe -mode batch -source sdk_webtalk.tcl
# Log file: F:/school/2018-2019/fall/hscd/lab2part2/lab2part2.sdk/webtalk/webtalk.log
# Journal file: F:/school/2018-2019/fall/hscd/lab2part2/lab2part2.sdk/webtalk\webtalk.jou
#-----------------------------------------------------------
source sdk_webtalk.tcl
# webtalk_init -webtalk_dir F:\\school\\2018-2019\\fall\\hscd\\lab2part2\\lab2part2.sdk\\webtalk
# webtalk_register_client -client project
# webtalk_add_data -client project -key date_generated -value "2018-10-26 00:24:23" -context "software_version_and_target_device"
# webtalk_add_data -client project -key product_version -value "SDK v2018.2" -context "software_version_and_target_device"
# webtalk_add_data -client project -key build_version -value "2018.2" -context "software_version_and_target_device"
# webtalk_add_data -client project -key os_platform -value "amd64" -context "software_version_and_target_device"
# webtalk_add_data -client project -key registration_id -value "211395084_0_0_225" -context "software_version_and_target_device"
# webtalk_add_data -client project -key tool_flow -value "SDK" -context "software_version_and_target_device"
# webtalk_add_data -client project -key beta -value "false" -context "software_version_and_target_device"
# webtalk_add_data -client project -key route_design -value "NA" -context "software_version_and_target_device"
# webtalk_add_data -client project -key target_family -value "NA" -context "software_version_and_target_device"
# webtalk_add_data -client project -key target_device -value "NA" -context "software_version_and_target_device"
# webtalk_add_data -client project -key target_package -value "NA" -context "software_version_and_target_device"
# webtalk_add_data -client project -key target_speed -value "NA" -context "software_version_and_target_device"
# webtalk_add_data -client project -key random_id -value "pfse526h1bqapn9s43euvdmqld" -context "software_version_and_target_device"
# webtalk_add_data -client project -key project_id -value "2018.2_5" -context "software_version_and_target_device"
# webtalk_add_data -client project -key project_iteration -value "5" -context "software_version_and_target_device"
# webtalk_add_data -client project -key os_name -value "Microsoft Windows 8 or later , 64-bit" -context "user_environment"
# webtalk_add_data -client project -key os_release -value "major release  (build 9200)" -context "user_environment"
# webtalk_add_data -client project -key cpu_name -value "Intel(R) Core(TM) i5-4590 CPU @ 3.30GHz" -context "user_environment"
# webtalk_add_data -client project -key cpu_speed -value "3300 MHz" -context "user_environment"
# webtalk_add_data -client project -key total_processors -value "1" -context "user_environment"
# webtalk_add_data -client project -key system_ram -value "25.628 GB" -context "user_environment"
# webtalk_register_client -client sdk
# webtalk_add_data -client sdk -key uid -value "1540531383359" -context "sdk\\\\hardware/1540531383359"
# webtalk_add_data -client sdk -key isZynq -value "true" -context "sdk\\\\hardware/1540531383359"
# webtalk_add_data -client sdk -key isZynqMP -value "false" -context "sdk\\\\hardware/1540531383359"
# webtalk_add_data -client sdk -key Processors -value "2" -context "sdk\\\\hardware/1540531383359"
# webtalk_add_data -client sdk -key VivadoVersion -value "2018.2" -context "sdk\\\\hardware/1540531383359"
# webtalk_add_data -client sdk -key Arch -value "zynq" -context "sdk\\\\hardware/1540531383359"
# webtalk_add_data -client sdk -key Device -value "7z010" -context "sdk\\\\hardware/1540531383359"
# webtalk_add_data -client sdk -key IsHandoff -value "true" -context "sdk\\\\hardware/1540531383359"
# webtalk_add_data -client sdk -key os -value "NA" -context "sdk\\\\hardware/1540531383359"
# webtalk_add_data -client sdk -key apptemplate -value "NA" -context "sdk\\\\hardware/1540531383359"
# webtalk_add_data -client sdk -key RecordType -value "HWCreation" -context "sdk\\\\hardware/1540531383359"
# webtalk_add_data -client sdk -key uid -value "NA" -context "sdk\\\\bsp/1540531463744"
# webtalk_add_data -client sdk -key RecordType -value "ToolUsage" -context "sdk\\\\bsp/1540531463744"
# webtalk_add_data -client sdk -key BootgenCount -value "0" -context "sdk\\\\bsp/1540531463744"
# webtalk_add_data -client sdk -key DebugCount -value "0" -context "sdk\\\\bsp/1540531463744"
# webtalk_add_data -client sdk -key PerfCount -value "0" -context "sdk\\\\bsp/1540531463744"
# webtalk_add_data -client sdk -key FlashCount -value "0" -context "sdk\\\\bsp/1540531463744"
# webtalk_add_data -client sdk -key CrossTriggCount -value "0" -context "sdk\\\\bsp/1540531463744"
# webtalk_add_data -client sdk -key QemuDebugCount -value "0" -context "sdk\\\\bsp/1540531463744"
# webtalk_transmit -clientid 1207382446 -regid "211395084_0_0_225" -xml F:\\school\\2018-2019\\fall\\hscd\\lab2part2\\lab2part2.sdk\\webtalk\\usage_statistics_ext_sdk.xml -html F:\\school\\2018-2019\\fall\\hscd\\lab2part2\\lab2part2.sdk\\webtalk\\usage_statistics_ext_sdk.html -wdm F:\\school\\2018-2019\\fall\\hscd\\lab2part2\\lab2part2.sdk\\webtalk\\sdk_webtalk.wdm -intro "<H3>SDK Usage Report</H3><BR>"
# webtalk_terminate
INFO: [Common 17-206] Exiting Webtalk at Fri Oct 26 00:24:26 2018...
