
*** Running vivado
    with args -log light_counter_v1_0.vds -m64 -product Vivado -mode batch -messageDb vivado.pb -notrace -source light_counter_v1_0.tcl


****** Vivado v2018.2 (64-bit)
  **** SW Build 2258646 on Thu Jun 14 20:03:12 MDT 2018
  **** IP Build 2256618 on Thu Jun 14 22:10:49 MDT 2018
    ** Copyright 1986-2018 Xilinx, Inc. All Rights Reserved.

source light_counter_v1_0.tcl -notrace
Command: synth_design -top light_counter_v1_0 -part xc7z010clg400-1
Starting synth_design
Attempting to get a license for feature 'Synthesis' and/or device 'xc7z010'
INFO: [Common 17-349] Got license for feature 'Synthesis' and/or device 'xc7z010'
INFO: Launching helper process for spawning children vivado processes
INFO: Helper process launched with PID 4748 
---------------------------------------------------------------------------------
Starting Synthesize : Time (s): cpu = 00:00:02 ; elapsed = 00:00:03 . Memory (MB): peak = 424.691 ; gain = 96.504
---------------------------------------------------------------------------------
INFO: [Synth 8-638] synthesizing module 'light_counter_v1_0' [f:/school/2018-2019/fall/hscd/ip_repo/light_counter_1.0/hdl/light_counter_v1_0.vhd:49]
	Parameter C_LIGHT_REG_AXI_DATA_WIDTH bound to: 32 - type: integer 
	Parameter C_LIGHT_REG_AXI_ADDR_WIDTH bound to: 4 - type: integer 
	Parameter C_S_AXI_DATA_WIDTH bound to: 32 - type: integer 
	Parameter C_S_AXI_ADDR_WIDTH bound to: 4 - type: integer 
INFO: [Synth 8-3491] module 'light_counter_v1_0_LIGHT_REG_AXI' declared at 'f:/school/2018-2019/fall/hscd/ip_repo/light_counter_1.0/hdl/light_counter_v1_0_LIGHT_REG_AXI.vhd:5' bound to instance 'light_counter_v1_0_LIGHT_REG_AXI_inst' of component 'light_counter_v1_0_LIGHT_REG_AXI' [f:/school/2018-2019/fall/hscd/ip_repo/light_counter_1.0/hdl/light_counter_v1_0.vhd:85]
INFO: [Synth 8-638] synthesizing module 'light_counter_v1_0_LIGHT_REG_AXI' [f:/school/2018-2019/fall/hscd/ip_repo/light_counter_1.0/hdl/light_counter_v1_0_LIGHT_REG_AXI.vhd:85]
	Parameter C_S_AXI_DATA_WIDTH bound to: 32 - type: integer 
	Parameter C_S_AXI_ADDR_WIDTH bound to: 4 - type: integer 
INFO: [Synth 8-226] default block is never used [f:/school/2018-2019/fall/hscd/ip_repo/light_counter_1.0/hdl/light_counter_v1_0_LIGHT_REG_AXI.vhd:353]
WARNING: [Synth 8-6014] Unused sequential element loc_addr_reg was removed.  [f:/school/2018-2019/fall/hscd/ip_repo/light_counter_1.0/hdl/light_counter_v1_0_LIGHT_REG_AXI.vhd:221]
INFO: [Synth 8-256] done synthesizing module 'light_counter_v1_0_LIGHT_REG_AXI' (1#1) [f:/school/2018-2019/fall/hscd/ip_repo/light_counter_1.0/hdl/light_counter_v1_0_LIGHT_REG_AXI.vhd:85]
INFO: [Synth 8-256] done synthesizing module 'light_counter_v1_0' (2#1) [f:/school/2018-2019/fall/hscd/ip_repo/light_counter_1.0/hdl/light_counter_v1_0.vhd:49]
WARNING: [Synth 8-3331] design light_counter_v1_0_LIGHT_REG_AXI has unconnected port S_AXI_AWPROT[2]
WARNING: [Synth 8-3331] design light_counter_v1_0_LIGHT_REG_AXI has unconnected port S_AXI_AWPROT[1]
WARNING: [Synth 8-3331] design light_counter_v1_0_LIGHT_REG_AXI has unconnected port S_AXI_AWPROT[0]
WARNING: [Synth 8-3331] design light_counter_v1_0_LIGHT_REG_AXI has unconnected port S_AXI_ARPROT[2]
WARNING: [Synth 8-3331] design light_counter_v1_0_LIGHT_REG_AXI has unconnected port S_AXI_ARPROT[1]
WARNING: [Synth 8-3331] design light_counter_v1_0_LIGHT_REG_AXI has unconnected port S_AXI_ARPROT[0]
---------------------------------------------------------------------------------
Finished Synthesize : Time (s): cpu = 00:00:03 ; elapsed = 00:00:04 . Memory (MB): peak = 480.289 ; gain = 152.102
---------------------------------------------------------------------------------
---------------------------------------------------------------------------------
Finished Constraint Validation : Time (s): cpu = 00:00:03 ; elapsed = 00:00:04 . Memory (MB): peak = 480.289 ; gain = 152.102
---------------------------------------------------------------------------------
---------------------------------------------------------------------------------
Start Loading Part and Timing Information
---------------------------------------------------------------------------------
Loading part: xc7z010clg400-1
---------------------------------------------------------------------------------
Finished Loading Part and Timing Information : Time (s): cpu = 00:00:03 ; elapsed = 00:00:04 . Memory (MB): peak = 480.289 ; gain = 152.102
---------------------------------------------------------------------------------
INFO: [Device 21-403] Loading part xc7z010clg400-1
---------------------------------------------------------------------------------
Finished RTL Optimization Phase 2 : Time (s): cpu = 00:00:03 ; elapsed = 00:00:04 . Memory (MB): peak = 480.289 ; gain = 152.102
---------------------------------------------------------------------------------

Report RTL Partitions: 
+-+--------------+------------+----------+
| |RTL Partition |Replication |Instances |
+-+--------------+------------+----------+
+-+--------------+------------+----------+
No constraint files found.
---------------------------------------------------------------------------------
Start RTL Component Statistics 
---------------------------------------------------------------------------------
Detailed RTL Component Info : 
+---Adders : 
	   2 Input     31 Bit       Adders := 1     
+---Registers : 
	               32 Bit    Registers := 5     
	                4 Bit    Registers := 2     
	                2 Bit    Registers := 2     
	                1 Bit    Registers := 6     
+---Muxes : 
	   2 Input     32 Bit        Muxes := 3     
	   4 Input     32 Bit        Muxes := 4     
	   2 Input      1 Bit        Muxes := 5     
---------------------------------------------------------------------------------
Finished RTL Component Statistics 
---------------------------------------------------------------------------------
---------------------------------------------------------------------------------
Start RTL Hierarchical Component Statistics 
---------------------------------------------------------------------------------
Hierarchical RTL Component report 
Module light_counter_v1_0_LIGHT_REG_AXI 
Detailed RTL Component Info : 
+---Adders : 
	   2 Input     31 Bit       Adders := 1     
+---Registers : 
	               32 Bit    Registers := 5     
	                4 Bit    Registers := 2     
	                2 Bit    Registers := 2     
	                1 Bit    Registers := 6     
+---Muxes : 
	   2 Input     32 Bit        Muxes := 3     
	   4 Input     32 Bit        Muxes := 4     
	   2 Input      1 Bit        Muxes := 5     
---------------------------------------------------------------------------------
Finished RTL Hierarchical Component Statistics
---------------------------------------------------------------------------------
---------------------------------------------------------------------------------
Start Part Resource Summary
---------------------------------------------------------------------------------
Part Resources:
DSPs: 80 (col length:40)
BRAMs: 120 (col length: RAMB18 40 RAMB36 20)
---------------------------------------------------------------------------------
Finished Part Resource Summary
---------------------------------------------------------------------------------
No constraint files found.
---------------------------------------------------------------------------------
Start Cross Boundary and Area Optimization
---------------------------------------------------------------------------------
Warning: Parallel synthesis criteria is not met 
WARNING: [Synth 8-3331] design light_counter_v1_0 has unconnected port light_reg_axi_awprot[2]
WARNING: [Synth 8-3331] design light_counter_v1_0 has unconnected port light_reg_axi_awprot[1]
WARNING: [Synth 8-3331] design light_counter_v1_0 has unconnected port light_reg_axi_awprot[0]
WARNING: [Synth 8-3331] design light_counter_v1_0 has unconnected port light_reg_axi_arprot[2]
WARNING: [Synth 8-3331] design light_counter_v1_0 has unconnected port light_reg_axi_arprot[1]
WARNING: [Synth 8-3331] design light_counter_v1_0 has unconnected port light_reg_axi_arprot[0]
INFO: [Synth 8-3333] propagating constant 1 across sequential element (\light_counter_v1_0_LIGHT_REG_AXI_inst/aw_en_reg )
INFO: [Synth 8-3886] merging instance 'light_counter_v1_0_LIGHT_REG_AXI_inst/axi_rresp_reg[0]' (FDRE) to 'light_counter_v1_0_LIGHT_REG_AXI_inst/axi_rresp_reg[1]'
INFO: [Synth 8-3333] propagating constant 0 across sequential element (\light_counter_v1_0_LIGHT_REG_AXI_inst/axi_rresp_reg[1] )
INFO: [Synth 8-3886] merging instance 'light_counter_v1_0_LIGHT_REG_AXI_inst/axi_bresp_reg[0]' (FDRE) to 'light_counter_v1_0_LIGHT_REG_AXI_inst/axi_bresp_reg[1]'
INFO: [Synth 8-3333] propagating constant 0 across sequential element (\light_counter_v1_0_LIGHT_REG_AXI_inst/axi_bresp_reg[1] )
WARNING: [Synth 8-3332] Sequential element (light_counter_v1_0_LIGHT_REG_AXI_inst/slv_reg1_reg[31]) is unused and will be removed from module light_counter_v1_0.
WARNING: [Synth 8-3332] Sequential element (light_counter_v1_0_LIGHT_REG_AXI_inst/slv_reg1_reg[30]) is unused and will be removed from module light_counter_v1_0.
WARNING: [Synth 8-3332] Sequential element (light_counter_v1_0_LIGHT_REG_AXI_inst/slv_reg1_reg[29]) is unused and will be removed from module light_counter_v1_0.
WARNING: [Synth 8-3332] Sequential element (light_counter_v1_0_LIGHT_REG_AXI_inst/slv_reg1_reg[28]) is unused and will be removed from module light_counter_v1_0.
WARNING: [Synth 8-3332] Sequential element (light_counter_v1_0_LIGHT_REG_AXI_inst/slv_reg1_reg[27]) is unused and will be removed from module light_counter_v1_0.
CRITICAL WARNING: [Synth 8-3352] multi-driven net Q with 1st driver pin 'light_counter_v1_0_LIGHT_REG_AXI_inst/slv_reg1_reg[27]/Q' [f:/school/2018-2019/fall/hscd/ip_repo/light_counter_1.0/hdl/light_counter_v1_0_LIGHT_REG_AXI.vhd:393]
CRITICAL WARNING: [Synth 8-3352] multi-driven net Q with 2nd driver pin 'GND' [f:/school/2018-2019/fall/hscd/ip_repo/light_counter_1.0/hdl/light_counter_v1_0_LIGHT_REG_AXI.vhd:393]
CRITICAL WARNING: [Synth 8-5559] multi-driven net Q is connected to constant driver, other driver is ignored [f:/school/2018-2019/fall/hscd/ip_repo/light_counter_1.0/hdl/light_counter_v1_0_LIGHT_REG_AXI.vhd:393]
WARNING: [Synth 8-3332] Sequential element (light_counter_v1_0_LIGHT_REG_AXI_inst/slv_reg1_reg[26]) is unused and will be removed from module light_counter_v1_0.
CRITICAL WARNING: [Synth 8-3352] multi-driven net Q with 1st driver pin 'light_counter_v1_0_LIGHT_REG_AXI_inst/slv_reg1_reg[26]/Q' [f:/school/2018-2019/fall/hscd/ip_repo/light_counter_1.0/hdl/light_counter_v1_0_LIGHT_REG_AXI.vhd:393]
CRITICAL WARNING: [Synth 8-3352] multi-driven net Q with 2nd driver pin 'GND' [f:/school/2018-2019/fall/hscd/ip_repo/light_counter_1.0/hdl/light_counter_v1_0_LIGHT_REG_AXI.vhd:393]
CRITICAL WARNING: [Synth 8-5559] multi-driven net Q is connected to constant driver, other driver is ignored [f:/school/2018-2019/fall/hscd/ip_repo/light_counter_1.0/hdl/light_counter_v1_0_LIGHT_REG_AXI.vhd:393]
WARNING: [Synth 8-3332] Sequential element (light_counter_v1_0_LIGHT_REG_AXI_inst/slv_reg1_reg[25]) is unused and will be removed from module light_counter_v1_0.
CRITICAL WARNING: [Synth 8-3352] multi-driven net Q with 1st driver pin 'light_counter_v1_0_LIGHT_REG_AXI_inst/slv_reg1_reg[25]/Q' [f:/school/2018-2019/fall/hscd/ip_repo/light_counter_1.0/hdl/light_counter_v1_0_LIGHT_REG_AXI.vhd:393]
CRITICAL WARNING: [Synth 8-3352] multi-driven net Q with 2nd driver pin 'GND' [f:/school/2018-2019/fall/hscd/ip_repo/light_counter_1.0/hdl/light_counter_v1_0_LIGHT_REG_AXI.vhd:393]
CRITICAL WARNING: [Synth 8-5559] multi-driven net Q is connected to constant driver, other driver is ignored [f:/school/2018-2019/fall/hscd/ip_repo/light_counter_1.0/hdl/light_counter_v1_0_LIGHT_REG_AXI.vhd:393]
WARNING: [Synth 8-3332] Sequential element (light_counter_v1_0_LIGHT_REG_AXI_inst/slv_reg1_reg[24]) is unused and will be removed from module light_counter_v1_0.
CRITICAL WARNING: [Synth 8-3352] multi-driven net Q with 1st driver pin 'light_counter_v1_0_LIGHT_REG_AXI_inst/slv_reg1_reg[24]/Q' [f:/school/2018-2019/fall/hscd/ip_repo/light_counter_1.0/hdl/light_counter_v1_0_LIGHT_REG_AXI.vhd:393]
CRITICAL WARNING: [Synth 8-3352] multi-driven net Q with 2nd driver pin 'GND' [f:/school/2018-2019/fall/hscd/ip_repo/light_counter_1.0/hdl/light_counter_v1_0_LIGHT_REG_AXI.vhd:393]
CRITICAL WARNING: [Synth 8-5559] multi-driven net Q is connected to constant driver, other driver is ignored [f:/school/2018-2019/fall/hscd/ip_repo/light_counter_1.0/hdl/light_counter_v1_0_LIGHT_REG_AXI.vhd:393]
WARNING: [Synth 8-3332] Sequential element (light_counter_v1_0_LIGHT_REG_AXI_inst/slv_reg1_reg[23]) is unused and will be removed from module light_counter_v1_0.
WARNING: [Synth 8-3332] Sequential element (light_counter_v1_0_LIGHT_REG_AXI_inst/slv_reg1_reg[22]) is unused and will be removed from module light_counter_v1_0.
WARNING: [Synth 8-3332] Sequential element (light_counter_v1_0_LIGHT_REG_AXI_inst/slv_reg1_reg[21]) is unused and will be removed from module light_counter_v1_0.
WARNING: [Synth 8-3332] Sequential element (light_counter_v1_0_LIGHT_REG_AXI_inst/slv_reg1_reg[20]) is unused and will be removed from module light_counter_v1_0.
WARNING: [Synth 8-3332] Sequential element (light_counter_v1_0_LIGHT_REG_AXI_inst/slv_reg1_reg[19]) is unused and will be removed from module light_counter_v1_0.
CRITICAL WARNING: [Synth 8-3352] multi-driven net Q with 1st driver pin 'light_counter_v1_0_LIGHT_REG_AXI_inst/slv_reg1_reg[19]/Q' [f:/school/2018-2019/fall/hscd/ip_repo/light_counter_1.0/hdl/light_counter_v1_0_LIGHT_REG_AXI.vhd:393]
CRITICAL WARNING: [Synth 8-3352] multi-driven net Q with 2nd driver pin 'GND' [f:/school/2018-2019/fall/hscd/ip_repo/light_counter_1.0/hdl/light_counter_v1_0_LIGHT_REG_AXI.vhd:393]
CRITICAL WARNING: [Synth 8-5559] multi-driven net Q is connected to constant driver, other driver is ignored [f:/school/2018-2019/fall/hscd/ip_repo/light_counter_1.0/hdl/light_counter_v1_0_LIGHT_REG_AXI.vhd:393]
WARNING: [Synth 8-3332] Sequential element (light_counter_v1_0_LIGHT_REG_AXI_inst/slv_reg1_reg[18]) is unused and will be removed from module light_counter_v1_0.
CRITICAL WARNING: [Synth 8-3352] multi-driven net Q with 1st driver pin 'light_counter_v1_0_LIGHT_REG_AXI_inst/slv_reg1_reg[18]/Q' [f:/school/2018-2019/fall/hscd/ip_repo/light_counter_1.0/hdl/light_counter_v1_0_LIGHT_REG_AXI.vhd:393]
CRITICAL WARNING: [Synth 8-3352] multi-driven net Q with 2nd driver pin 'GND' [f:/school/2018-2019/fall/hscd/ip_repo/light_counter_1.0/hdl/light_counter_v1_0_LIGHT_REG_AXI.vhd:393]
CRITICAL WARNING: [Synth 8-5559] multi-driven net Q is connected to constant driver, other driver is ignored [f:/school/2018-2019/fall/hscd/ip_repo/light_counter_1.0/hdl/light_counter_v1_0_LIGHT_REG_AXI.vhd:393]
WARNING: [Synth 8-3332] Sequential element (light_counter_v1_0_LIGHT_REG_AXI_inst/slv_reg1_reg[17]) is unused and will be removed from module light_counter_v1_0.
CRITICAL WARNING: [Synth 8-3352] multi-driven net Q with 1st driver pin 'light_counter_v1_0_LIGHT_REG_AXI_inst/slv_reg1_reg[17]/Q' [f:/school/2018-2019/fall/hscd/ip_repo/light_counter_1.0/hdl/light_counter_v1_0_LIGHT_REG_AXI.vhd:393]
CRITICAL WARNING: [Synth 8-3352] multi-driven net Q with 2nd driver pin 'GND' [f:/school/2018-2019/fall/hscd/ip_repo/light_counter_1.0/hdl/light_counter_v1_0_LIGHT_REG_AXI.vhd:393]
CRITICAL WARNING: [Synth 8-5559] multi-driven net Q is connected to constant driver, other driver is ignored [f:/school/2018-2019/fall/hscd/ip_repo/light_counter_1.0/hdl/light_counter_v1_0_LIGHT_REG_AXI.vhd:393]
WARNING: [Synth 8-3332] Sequential element (light_counter_v1_0_LIGHT_REG_AXI_inst/slv_reg1_reg[16]) is unused and will be removed from module light_counter_v1_0.
CRITICAL WARNING: [Synth 8-3352] multi-driven net Q with 1st driver pin 'light_counter_v1_0_LIGHT_REG_AXI_inst/slv_reg1_reg[16]/Q' [f:/school/2018-2019/fall/hscd/ip_repo/light_counter_1.0/hdl/light_counter_v1_0_LIGHT_REG_AXI.vhd:393]
CRITICAL WARNING: [Synth 8-3352] multi-driven net Q with 2nd driver pin 'GND' [f:/school/2018-2019/fall/hscd/ip_repo/light_counter_1.0/hdl/light_counter_v1_0_LIGHT_REG_AXI.vhd:393]
CRITICAL WARNING: [Synth 8-5559] multi-driven net Q is connected to constant driver, other driver is ignored [f:/school/2018-2019/fall/hscd/ip_repo/light_counter_1.0/hdl/light_counter_v1_0_LIGHT_REG_AXI.vhd:393]
WARNING: [Synth 8-3332] Sequential element (light_counter_v1_0_LIGHT_REG_AXI_inst/slv_reg1_reg[15]) is unused and will be removed from module light_counter_v1_0.
WARNING: [Synth 8-3332] Sequential element (light_counter_v1_0_LIGHT_REG_AXI_inst/slv_reg1_reg[14]) is unused and will be removed from module light_counter_v1_0.
WARNING: [Synth 8-3332] Sequential element (light_counter_v1_0_LIGHT_REG_AXI_inst/slv_reg1_reg[13]) is unused and will be removed from module light_counter_v1_0.
WARNING: [Synth 8-3332] Sequential element (light_counter_v1_0_LIGHT_REG_AXI_inst/slv_reg1_reg[12]) is unused and will be removed from module light_counter_v1_0.
WARNING: [Synth 8-3332] Sequential element (light_counter_v1_0_LIGHT_REG_AXI_inst/slv_reg1_reg[11]) is unused and will be removed from module light_counter_v1_0.
CRITICAL WARNING: [Synth 8-3352] multi-driven net Q with 1st driver pin 'light_counter_v1_0_LIGHT_REG_AXI_inst/slv_reg1_reg[11]/Q' [f:/school/2018-2019/fall/hscd/ip_repo/light_counter_1.0/hdl/light_counter_v1_0_LIGHT_REG_AXI.vhd:393]
CRITICAL WARNING: [Synth 8-3352] multi-driven net Q with 2nd driver pin 'GND' [f:/school/2018-2019/fall/hscd/ip_repo/light_counter_1.0/hdl/light_counter_v1_0_LIGHT_REG_AXI.vhd:393]
CRITICAL WARNING: [Synth 8-5559] multi-driven net Q is connected to constant driver, other driver is ignored [f:/school/2018-2019/fall/hscd/ip_repo/light_counter_1.0/hdl/light_counter_v1_0_LIGHT_REG_AXI.vhd:393]
WARNING: [Synth 8-3332] Sequential element (light_counter_v1_0_LIGHT_REG_AXI_inst/slv_reg1_reg[10]) is unused and will be removed from module light_counter_v1_0.
CRITICAL WARNING: [Synth 8-3352] multi-driven net Q with 1st driver pin 'light_counter_v1_0_LIGHT_REG_AXI_inst/slv_reg1_reg[10]/Q' [f:/school/2018-2019/fall/hscd/ip_repo/light_counter_1.0/hdl/light_counter_v1_0_LIGHT_REG_AXI.vhd:393]
CRITICAL WARNING: [Synth 8-3352] multi-driven net Q with 2nd driver pin 'GND' [f:/school/2018-2019/fall/hscd/ip_repo/light_counter_1.0/hdl/light_counter_v1_0_LIGHT_REG_AXI.vhd:393]
CRITICAL WARNING: [Synth 8-5559] multi-driven net Q is connected to constant driver, other driver is ignored [f:/school/2018-2019/fall/hscd/ip_repo/light_counter_1.0/hdl/light_counter_v1_0_LIGHT_REG_AXI.vhd:393]
WARNING: [Synth 8-3332] Sequential element (light_counter_v1_0_LIGHT_REG_AXI_inst/slv_reg1_reg[9]) is unused and will be removed from module light_counter_v1_0.
CRITICAL WARNING: [Synth 8-3352] multi-driven net Q with 1st driver pin 'light_counter_v1_0_LIGHT_REG_AXI_inst/slv_reg1_reg[9]/Q' [f:/school/2018-2019/fall/hscd/ip_repo/light_counter_1.0/hdl/light_counter_v1_0_LIGHT_REG_AXI.vhd:393]
CRITICAL WARNING: [Synth 8-3352] multi-driven net Q with 2nd driver pin 'GND' [f:/school/2018-2019/fall/hscd/ip_repo/light_counter_1.0/hdl/light_counter_v1_0_LIGHT_REG_AXI.vhd:393]
CRITICAL WARNING: [Synth 8-5559] multi-driven net Q is connected to constant driver, other driver is ignored [f:/school/2018-2019/fall/hscd/ip_repo/light_counter_1.0/hdl/light_counter_v1_0_LIGHT_REG_AXI.vhd:393]
WARNING: [Synth 8-3332] Sequential element (light_counter_v1_0_LIGHT_REG_AXI_inst/slv_reg1_reg[8]) is unused and will be removed from module light_counter_v1_0.
CRITICAL WARNING: [Synth 8-3352] multi-driven net Q with 1st driver pin 'light_counter_v1_0_LIGHT_REG_AXI_inst/slv_reg1_reg[8]/Q' [f:/school/2018-2019/fall/hscd/ip_repo/light_counter_1.0/hdl/light_counter_v1_0_LIGHT_REG_AXI.vhd:393]
CRITICAL WARNING: [Synth 8-3352] multi-driven net Q with 2nd driver pin 'GND' [f:/school/2018-2019/fall/hscd/ip_repo/light_counter_1.0/hdl/light_counter_v1_0_LIGHT_REG_AXI.vhd:393]
CRITICAL WARNING: [Synth 8-5559] multi-driven net Q is connected to constant driver, other driver is ignored [f:/school/2018-2019/fall/hscd/ip_repo/light_counter_1.0/hdl/light_counter_v1_0_LIGHT_REG_AXI.vhd:393]
WARNING: [Synth 8-3332] Sequential element (light_counter_v1_0_LIGHT_REG_AXI_inst/slv_reg1_reg[7]) is unused and will be removed from module light_counter_v1_0.
WARNING: [Synth 8-3332] Sequential element (light_counter_v1_0_LIGHT_REG_AXI_inst/slv_reg1_reg[6]) is unused and will be removed from module light_counter_v1_0.
WARNING: [Synth 8-3332] Sequential element (light_counter_v1_0_LIGHT_REG_AXI_inst/slv_reg1_reg[5]) is unused and will be removed from module light_counter_v1_0.
WARNING: [Synth 8-3332] Sequential element (light_counter_v1_0_LIGHT_REG_AXI_inst/slv_reg1_reg[4]) is unused and will be removed from module light_counter_v1_0.
WARNING: [Synth 8-3332] Sequential element (light_counter_v1_0_LIGHT_REG_AXI_inst/slv_reg1_reg[3]) is unused and will be removed from module light_counter_v1_0.
CRITICAL WARNING: [Synth 8-3352] multi-driven net Q with 1st driver pin 'light_counter_v1_0_LIGHT_REG_AXI_inst/slv_reg1_reg[3]/Q' [f:/school/2018-2019/fall/hscd/ip_repo/light_counter_1.0/hdl/light_counter_v1_0_LIGHT_REG_AXI.vhd:393]
CRITICAL WARNING: [Synth 8-3352] multi-driven net Q with 2nd driver pin 'GND' [f:/school/2018-2019/fall/hscd/ip_repo/light_counter_1.0/hdl/light_counter_v1_0_LIGHT_REG_AXI.vhd:393]
CRITICAL WARNING: [Synth 8-5559] multi-driven net Q is connected to constant driver, other driver is ignored [f:/school/2018-2019/fall/hscd/ip_repo/light_counter_1.0/hdl/light_counter_v1_0_LIGHT_REG_AXI.vhd:393]
WARNING: [Synth 8-3332] Sequential element (light_counter_v1_0_LIGHT_REG_AXI_inst/slv_reg1_reg[2]) is unused and will be removed from module light_counter_v1_0.
CRITICAL WARNING: [Synth 8-3352] multi-driven net Q with 1st driver pin 'light_counter_v1_0_LIGHT_REG_AXI_inst/slv_reg1_reg[2]/Q' [f:/school/2018-2019/fall/hscd/ip_repo/light_counter_1.0/hdl/light_counter_v1_0_LIGHT_REG_AXI.vhd:393]
CRITICAL WARNING: [Synth 8-3352] multi-driven net Q with 2nd driver pin 'GND' [f:/school/2018-2019/fall/hscd/ip_repo/light_counter_1.0/hdl/light_counter_v1_0_LIGHT_REG_AXI.vhd:393]
CRITICAL WARNING: [Synth 8-5559] multi-driven net Q is connected to constant driver, other driver is ignored [f:/school/2018-2019/fall/hscd/ip_repo/light_counter_1.0/hdl/light_counter_v1_0_LIGHT_REG_AXI.vhd:393]
WARNING: [Synth 8-3332] Sequential element (light_counter_v1_0_LIGHT_REG_AXI_inst/slv_reg1_reg[1]) is unused and will be removed from module light_counter_v1_0.
CRITICAL WARNING: [Synth 8-3352] multi-driven net Q with 1st driver pin 'light_counter_v1_0_LIGHT_REG_AXI_inst/slv_reg1_reg[1]/Q' [f:/school/2018-2019/fall/hscd/ip_repo/light_counter_1.0/hdl/light_counter_v1_0_LIGHT_REG_AXI.vhd:393]
CRITICAL WARNING: [Synth 8-3352] multi-driven net Q with 2nd driver pin 'GND' [f:/school/2018-2019/fall/hscd/ip_repo/light_counter_1.0/hdl/light_counter_v1_0_LIGHT_REG_AXI.vhd:393]
CRITICAL WARNING: [Synth 8-5559] multi-driven net Q is connected to constant driver, other driver is ignored [f:/school/2018-2019/fall/hscd/ip_repo/light_counter_1.0/hdl/light_counter_v1_0_LIGHT_REG_AXI.vhd:393]
WARNING: [Synth 8-3332] Sequential element (light_counter_v1_0_LIGHT_REG_AXI_inst/slv_reg1_reg[0]) is unused and will be removed from module light_counter_v1_0.
CRITICAL WARNING: [Synth 8-3352] multi-driven net Q with 1st driver pin 'light_counter_v1_0_LIGHT_REG_AXI_inst/slv_reg1_reg[0]/Q' [f:/school/2018-2019/fall/hscd/ip_repo/light_counter_1.0/hdl/light_counter_v1_0_LIGHT_REG_AXI.vhd:393]
CRITICAL WARNING: [Synth 8-3352] multi-driven net Q with 2nd driver pin 'GND' [f:/school/2018-2019/fall/hscd/ip_repo/light_counter_1.0/hdl/light_counter_v1_0_LIGHT_REG_AXI.vhd:393]
CRITICAL WARNING: [Synth 8-5559] multi-driven net Q is connected to constant driver, other driver is ignored [f:/school/2018-2019/fall/hscd/ip_repo/light_counter_1.0/hdl/light_counter_v1_0_LIGHT_REG_AXI.vhd:393]
WARNING: [Synth 8-3332] Sequential element (light_counter_v1_0_LIGHT_REG_AXI_inst/slv_reg1_reg[31]__0) is unused and will be removed from module light_counter_v1_0.
CRITICAL WARNING: [Synth 8-3352] multi-driven net Q with 1st driver pin 'light_counter_v1_0_LIGHT_REG_AXI_inst/slv_reg1_reg[31]__0/Q' [f:/school/2018-2019/fall/hscd/ip_repo/light_counter_1.0/hdl/light_counter_v1_0_LIGHT_REG_AXI.vhd:217]
CRITICAL WARNING: [Synth 8-3352] multi-driven net Q with 2nd driver pin 'GND' [f:/school/2018-2019/fall/hscd/ip_repo/light_counter_1.0/hdl/light_counter_v1_0_LIGHT_REG_AXI.vhd:217]
CRITICAL WARNING: [Synth 8-5559] multi-driven net Q is connected to constant driver, other driver is ignored [f:/school/2018-2019/fall/hscd/ip_repo/light_counter_1.0/hdl/light_counter_v1_0_LIGHT_REG_AXI.vhd:217]
WARNING: [Synth 8-3332] Sequential element (light_counter_v1_0_LIGHT_REG_AXI_inst/slv_reg1_reg[30]__0) is unused and will be removed from module light_counter_v1_0.
CRITICAL WARNING: [Synth 8-3352] multi-driven net Q with 1st driver pin 'light_counter_v1_0_LIGHT_REG_AXI_inst/slv_reg1_reg[30]__0/Q' [f:/school/2018-2019/fall/hscd/ip_repo/light_counter_1.0/hdl/light_counter_v1_0_LIGHT_REG_AXI.vhd:217]
CRITICAL WARNING: [Synth 8-3352] multi-driven net Q with 2nd driver pin 'GND' [f:/school/2018-2019/fall/hscd/ip_repo/light_counter_1.0/hdl/light_counter_v1_0_LIGHT_REG_AXI.vhd:217]
CRITICAL WARNING: [Synth 8-5559] multi-driven net Q is connected to constant driver, other driver is ignored [f:/school/2018-2019/fall/hscd/ip_repo/light_counter_1.0/hdl/light_counter_v1_0_LIGHT_REG_AXI.vhd:217]
WARNING: [Synth 8-3332] Sequential element (light_counter_v1_0_LIGHT_REG_AXI_inst/slv_reg1_reg[29]__0) is unused and will be removed from module light_counter_v1_0.
CRITICAL WARNING: [Synth 8-3352] multi-driven net Q with 1st driver pin 'light_counter_v1_0_LIGHT_REG_AXI_inst/slv_reg1_reg[29]__0/Q' [f:/school/2018-2019/fall/hscd/ip_repo/light_counter_1.0/hdl/light_counter_v1_0_LIGHT_REG_AXI.vhd:217]
CRITICAL WARNING: [Synth 8-3352] multi-driven net Q with 2nd driver pin 'GND' [f:/school/2018-2019/fall/hscd/ip_repo/light_counter_1.0/hdl/light_counter_v1_0_LIGHT_REG_AXI.vhd:217]
CRITICAL WARNING: [Synth 8-5559] multi-driven net Q is connected to constant driver, other driver is ignored [f:/school/2018-2019/fall/hscd/ip_repo/light_counter_1.0/hdl/light_counter_v1_0_LIGHT_REG_AXI.vhd:217]
WARNING: [Synth 8-3332] Sequential element (light_counter_v1_0_LIGHT_REG_AXI_inst/slv_reg1_reg[28]__0) is unused and will be removed from module light_counter_v1_0.
CRITICAL WARNING: [Synth 8-3352] multi-driven net Q with 1st driver pin 'light_counter_v1_0_LIGHT_REG_AXI_inst/slv_reg1_reg[28]__0/Q' [f:/school/2018-2019/fall/hscd/ip_repo/light_counter_1.0/hdl/light_counter_v1_0_LIGHT_REG_AXI.vhd:217]
CRITICAL WARNING: [Synth 8-3352] multi-driven net Q with 2nd driver pin 'GND' [f:/school/2018-2019/fall/hscd/ip_repo/light_counter_1.0/hdl/light_counter_v1_0_LIGHT_REG_AXI.vhd:217]
CRITICAL WARNING: [Synth 8-5559] multi-driven net Q is connected to constant driver, other driver is ignored [f:/school/2018-2019/fall/hscd/ip_repo/light_counter_1.0/hdl/light_counter_v1_0_LIGHT_REG_AXI.vhd:217]
WARNING: [Synth 8-3332] Sequential element (light_counter_v1_0_LIGHT_REG_AXI_inst/slv_reg1_reg[27]__0) is unused and will be removed from module light_counter_v1_0.
WARNING: [Synth 8-3332] Sequential element (light_counter_v1_0_LIGHT_REG_AXI_inst/slv_reg1_reg[26]__0) is unused and will be removed from module light_counter_v1_0.
WARNING: [Synth 8-3332] Sequential element (light_counter_v1_0_LIGHT_REG_AXI_inst/slv_reg1_reg[25]__0) is unused and will be removed from module light_counter_v1_0.
WARNING: [Synth 8-3332] Sequential element (light_counter_v1_0_LIGHT_REG_AXI_inst/slv_reg1_reg[24]__0) is unused and will be removed from module light_counter_v1_0.
WARNING: [Synth 8-3332] Sequential element (light_counter_v1_0_LIGHT_REG_AXI_inst/slv_reg1_reg[23]__0) is unused and will be removed from module light_counter_v1_0.
CRITICAL WARNING: [Synth 8-3352] multi-driven net Q with 1st driver pin 'light_counter_v1_0_LIGHT_REG_AXI_inst/slv_reg1_reg[23]__0/Q' [f:/school/2018-2019/fall/hscd/ip_repo/light_counter_1.0/hdl/light_counter_v1_0_LIGHT_REG_AXI.vhd:217]
CRITICAL WARNING: [Synth 8-3352] multi-driven net Q with 2nd driver pin 'GND' [f:/school/2018-2019/fall/hscd/ip_repo/light_counter_1.0/hdl/light_counter_v1_0_LIGHT_REG_AXI.vhd:217]
CRITICAL WARNING: [Synth 8-5559] multi-driven net Q is connected to constant driver, other driver is ignored [f:/school/2018-2019/fall/hscd/ip_repo/light_counter_1.0/hdl/light_counter_v1_0_LIGHT_REG_AXI.vhd:217]
WARNING: [Synth 8-3332] Sequential element (light_counter_v1_0_LIGHT_REG_AXI_inst/slv_reg1_reg[22]__0) is unused and will be removed from module light_counter_v1_0.
CRITICAL WARNING: [Synth 8-3352] multi-driven net Q with 1st driver pin 'light_counter_v1_0_LIGHT_REG_AXI_inst/slv_reg1_reg[22]__0/Q' [f:/school/2018-2019/fall/hscd/ip_repo/light_counter_1.0/hdl/light_counter_v1_0_LIGHT_REG_AXI.vhd:217]
CRITICAL WARNING: [Synth 8-3352] multi-driven net Q with 2nd driver pin 'GND' [f:/school/2018-2019/fall/hscd/ip_repo/light_counter_1.0/hdl/light_counter_v1_0_LIGHT_REG_AXI.vhd:217]
CRITICAL WARNING: [Synth 8-5559] multi-driven net Q is connected to constant driver, other driver is ignored [f:/school/2018-2019/fall/hscd/ip_repo/light_counter_1.0/hdl/light_counter_v1_0_LIGHT_REG_AXI.vhd:217]
WARNING: [Synth 8-3332] Sequential element (light_counter_v1_0_LIGHT_REG_AXI_inst/slv_reg1_reg[21]__0) is unused and will be removed from module light_counter_v1_0.
CRITICAL WARNING: [Synth 8-3352] multi-driven net Q with 1st driver pin 'light_counter_v1_0_LIGHT_REG_AXI_inst/slv_reg1_reg[21]__0/Q' [f:/school/2018-2019/fall/hscd/ip_repo/light_counter_1.0/hdl/light_counter_v1_0_LIGHT_REG_AXI.vhd:217]
CRITICAL WARNING: [Synth 8-3352] multi-driven net Q with 2nd driver pin 'GND' [f:/school/2018-2019/fall/hscd/ip_repo/light_counter_1.0/hdl/light_counter_v1_0_LIGHT_REG_AXI.vhd:217]
CRITICAL WARNING: [Synth 8-5559] multi-driven net Q is connected to constant driver, other driver is ignored [f:/school/2018-2019/fall/hscd/ip_repo/light_counter_1.0/hdl/light_counter_v1_0_LIGHT_REG_AXI.vhd:217]
WARNING: [Synth 8-3332] Sequential element (light_counter_v1_0_LIGHT_REG_AXI_inst/slv_reg1_reg[20]__0) is unused and will be removed from module light_counter_v1_0.
CRITICAL WARNING: [Synth 8-3352] multi-driven net Q with 1st driver pin 'light_counter_v1_0_LIGHT_REG_AXI_inst/slv_reg1_reg[20]__0/Q' [f:/school/2018-2019/fall/hscd/ip_repo/light_counter_1.0/hdl/light_counter_v1_0_LIGHT_REG_AXI.vhd:217]
CRITICAL WARNING: [Synth 8-3352] multi-driven net Q with 2nd driver pin 'GND' [f:/school/2018-2019/fall/hscd/ip_repo/light_counter_1.0/hdl/light_counter_v1_0_LIGHT_REG_AXI.vhd:217]
CRITICAL WARNING: [Synth 8-5559] multi-driven net Q is connected to constant driver, other driver is ignored [f:/school/2018-2019/fall/hscd/ip_repo/light_counter_1.0/hdl/light_counter_v1_0_LIGHT_REG_AXI.vhd:217]
WARNING: [Synth 8-3332] Sequential element (light_counter_v1_0_LIGHT_REG_AXI_inst/slv_reg1_reg[19]__0) is unused and will be removed from module light_counter_v1_0.
WARNING: [Synth 8-3332] Sequential element (light_counter_v1_0_LIGHT_REG_AXI_inst/slv_reg1_reg[18]__0) is unused and will be removed from module light_counter_v1_0.
WARNING: [Synth 8-3332] Sequential element (light_counter_v1_0_LIGHT_REG_AXI_inst/slv_reg1_reg[17]__0) is unused and will be removed from module light_counter_v1_0.
WARNING: [Synth 8-3332] Sequential element (light_counter_v1_0_LIGHT_REG_AXI_inst/slv_reg1_reg[16]__0) is unused and will be removed from module light_counter_v1_0.
WARNING: [Synth 8-3332] Sequential element (light_counter_v1_0_LIGHT_REG_AXI_inst/slv_reg1_reg[15]__0) is unused and will be removed from module light_counter_v1_0.
CRITICAL WARNING: [Synth 8-3352] multi-driven net Q with 1st driver pin 'light_counter_v1_0_LIGHT_REG_AXI_inst/slv_reg1_reg[15]__0/Q' [f:/school/2018-2019/fall/hscd/ip_repo/light_counter_1.0/hdl/light_counter_v1_0_LIGHT_REG_AXI.vhd:217]
CRITICAL WARNING: [Synth 8-3352] multi-driven net Q with 2nd driver pin 'GND' [f:/school/2018-2019/fall/hscd/ip_repo/light_counter_1.0/hdl/light_counter_v1_0_LIGHT_REG_AXI.vhd:217]
CRITICAL WARNING: [Synth 8-5559] multi-driven net Q is connected to constant driver, other driver is ignored [f:/school/2018-2019/fall/hscd/ip_repo/light_counter_1.0/hdl/light_counter_v1_0_LIGHT_REG_AXI.vhd:217]
WARNING: [Synth 8-3332] Sequential element (light_counter_v1_0_LIGHT_REG_AXI_inst/slv_reg1_reg[14]__0) is unused and will be removed from module light_counter_v1_0.
CRITICAL WARNING: [Synth 8-3352] multi-driven net Q with 1st driver pin 'light_counter_v1_0_LIGHT_REG_AXI_inst/slv_reg1_reg[14]__0/Q' [f:/school/2018-2019/fall/hscd/ip_repo/light_counter_1.0/hdl/light_counter_v1_0_LIGHT_REG_AXI.vhd:217]
CRITICAL WARNING: [Synth 8-3352] multi-driven net Q with 2nd driver pin 'GND' [f:/school/2018-2019/fall/hscd/ip_repo/light_counter_1.0/hdl/light_counter_v1_0_LIGHT_REG_AXI.vhd:217]
CRITICAL WARNING: [Synth 8-5559] multi-driven net Q is connected to constant driver, other driver is ignored [f:/school/2018-2019/fall/hscd/ip_repo/light_counter_1.0/hdl/light_counter_v1_0_LIGHT_REG_AXI.vhd:217]
WARNING: [Synth 8-3332] Sequential element (light_counter_v1_0_LIGHT_REG_AXI_inst/slv_reg1_reg[13]__0) is unused and will be removed from module light_counter_v1_0.
CRITICAL WARNING: [Synth 8-3352] multi-driven net Q with 1st driver pin 'light_counter_v1_0_LIGHT_REG_AXI_inst/slv_reg1_reg[13]__0/Q' [f:/school/2018-2019/fall/hscd/ip_repo/light_counter_1.0/hdl/light_counter_v1_0_LIGHT_REG_AXI.vhd:217]
CRITICAL WARNING: [Synth 8-3352] multi-driven net Q with 2nd driver pin 'GND' [f:/school/2018-2019/fall/hscd/ip_repo/light_counter_1.0/hdl/light_counter_v1_0_LIGHT_REG_AXI.vhd:217]
CRITICAL WARNING: [Synth 8-5559] multi-driven net Q is connected to constant driver, other driver is ignored [f:/school/2018-2019/fall/hscd/ip_repo/light_counter_1.0/hdl/light_counter_v1_0_LIGHT_REG_AXI.vhd:217]
WARNING: [Synth 8-3332] Sequential element (light_counter_v1_0_LIGHT_REG_AXI_inst/slv_reg1_reg[12]__0) is unused and will be removed from module light_counter_v1_0.
CRITICAL WARNING: [Synth 8-3352] multi-driven net Q with 1st driver pin 'light_counter_v1_0_LIGHT_REG_AXI_inst/slv_reg1_reg[12]__0/Q' [f:/school/2018-2019/fall/hscd/ip_repo/light_counter_1.0/hdl/light_counter_v1_0_LIGHT_REG_AXI.vhd:217]
CRITICAL WARNING: [Synth 8-3352] multi-driven net Q with 2nd driver pin 'GND' [f:/school/2018-2019/fall/hscd/ip_repo/light_counter_1.0/hdl/light_counter_v1_0_LIGHT_REG_AXI.vhd:217]
CRITICAL WARNING: [Synth 8-5559] multi-driven net Q is connected to constant driver, other driver is ignored [f:/school/2018-2019/fall/hscd/ip_repo/light_counter_1.0/hdl/light_counter_v1_0_LIGHT_REG_AXI.vhd:217]
WARNING: [Synth 8-3332] Sequential element (light_counter_v1_0_LIGHT_REG_AXI_inst/slv_reg1_reg[11]__0) is unused and will be removed from module light_counter_v1_0.
WARNING: [Synth 8-3332] Sequential element (light_counter_v1_0_LIGHT_REG_AXI_inst/slv_reg1_reg[10]__0) is unused and will be removed from module light_counter_v1_0.
WARNING: [Synth 8-3332] Sequential element (light_counter_v1_0_LIGHT_REG_AXI_inst/slv_reg1_reg[9]__0) is unused and will be removed from module light_counter_v1_0.
WARNING: [Synth 8-3332] Sequential element (light_counter_v1_0_LIGHT_REG_AXI_inst/slv_reg1_reg[8]__0) is unused and will be removed from module light_counter_v1_0.
WARNING: [Synth 8-3332] Sequential element (light_counter_v1_0_LIGHT_REG_AXI_inst/slv_reg1_reg[7]__0) is unused and will be removed from module light_counter_v1_0.
CRITICAL WARNING: [Synth 8-3352] multi-driven net Q with 1st driver pin 'light_counter_v1_0_LIGHT_REG_AXI_inst/slv_reg1_reg[7]__0/Q' [f:/school/2018-2019/fall/hscd/ip_repo/light_counter_1.0/hdl/light_counter_v1_0_LIGHT_REG_AXI.vhd:217]
CRITICAL WARNING: [Synth 8-3352] multi-driven net Q with 2nd driver pin 'GND' [f:/school/2018-2019/fall/hscd/ip_repo/light_counter_1.0/hdl/light_counter_v1_0_LIGHT_REG_AXI.vhd:217]
CRITICAL WARNING: [Synth 8-5559] multi-driven net Q is connected to constant driver, other driver is ignored [f:/school/2018-2019/fall/hscd/ip_repo/light_counter_1.0/hdl/light_counter_v1_0_LIGHT_REG_AXI.vhd:217]
WARNING: [Synth 8-3332] Sequential element (light_counter_v1_0_LIGHT_REG_AXI_inst/slv_reg1_reg[6]__0) is unused and will be removed from module light_counter_v1_0.
CRITICAL WARNING: [Synth 8-3352] multi-driven net Q with 1st driver pin 'light_counter_v1_0_LIGHT_REG_AXI_inst/slv_reg1_reg[6]__0/Q' [f:/school/2018-2019/fall/hscd/ip_repo/light_counter_1.0/hdl/light_counter_v1_0_LIGHT_REG_AXI.vhd:217]
CRITICAL WARNING: [Synth 8-3352] multi-driven net Q with 2nd driver pin 'GND' [f:/school/2018-2019/fall/hscd/ip_repo/light_counter_1.0/hdl/light_counter_v1_0_LIGHT_REG_AXI.vhd:217]
CRITICAL WARNING: [Synth 8-5559] multi-driven net Q is connected to constant driver, other driver is ignored [f:/school/2018-2019/fall/hscd/ip_repo/light_counter_1.0/hdl/light_counter_v1_0_LIGHT_REG_AXI.vhd:217]
WARNING: [Synth 8-3332] Sequential element (light_counter_v1_0_LIGHT_REG_AXI_inst/slv_reg1_reg[5]__0) is unused and will be removed from module light_counter_v1_0.
CRITICAL WARNING: [Synth 8-3352] multi-driven net Q with 1st driver pin 'light_counter_v1_0_LIGHT_REG_AXI_inst/slv_reg1_reg[5]__0/Q' [f:/school/2018-2019/fall/hscd/ip_repo/light_counter_1.0/hdl/light_counter_v1_0_LIGHT_REG_AXI.vhd:217]
CRITICAL WARNING: [Synth 8-3352] multi-driven net Q with 2nd driver pin 'GND' [f:/school/2018-2019/fall/hscd/ip_repo/light_counter_1.0/hdl/light_counter_v1_0_LIGHT_REG_AXI.vhd:217]
CRITICAL WARNING: [Synth 8-5559] multi-driven net Q is connected to constant driver, other driver is ignored [f:/school/2018-2019/fall/hscd/ip_repo/light_counter_1.0/hdl/light_counter_v1_0_LIGHT_REG_AXI.vhd:217]
WARNING: [Synth 8-3332] Sequential element (light_counter_v1_0_LIGHT_REG_AXI_inst/slv_reg1_reg[4]__0) is unused and will be removed from module light_counter_v1_0.
CRITICAL WARNING: [Synth 8-3352] multi-driven net Q with 1st driver pin 'light_counter_v1_0_LIGHT_REG_AXI_inst/slv_reg1_reg[4]__0/Q' [f:/school/2018-2019/fall/hscd/ip_repo/light_counter_1.0/hdl/light_counter_v1_0_LIGHT_REG_AXI.vhd:217]
CRITICAL WARNING: [Synth 8-3352] multi-driven net Q with 2nd driver pin 'GND' [f:/school/2018-2019/fall/hscd/ip_repo/light_counter_1.0/hdl/light_counter_v1_0_LIGHT_REG_AXI.vhd:217]
CRITICAL WARNING: [Synth 8-5559] multi-driven net Q is connected to constant driver, other driver is ignored [f:/school/2018-2019/fall/hscd/ip_repo/light_counter_1.0/hdl/light_counter_v1_0_LIGHT_REG_AXI.vhd:217]
WARNING: [Synth 8-3332] Sequential element (light_counter_v1_0_LIGHT_REG_AXI_inst/slv_reg1_reg[3]__0) is unused and will be removed from module light_counter_v1_0.
WARNING: [Synth 8-3332] Sequential element (light_counter_v1_0_LIGHT_REG_AXI_inst/slv_reg1_reg[2]__0) is unused and will be removed from module light_counter_v1_0.
WARNING: [Synth 8-3332] Sequential element (light_counter_v1_0_LIGHT_REG_AXI_inst/slv_reg1_reg[1]__0) is unused and will be removed from module light_counter_v1_0.
WARNING: [Synth 8-3332] Sequential element (light_counter_v1_0_LIGHT_REG_AXI_inst/slv_reg1_reg[0]__0) is unused and will be removed from module light_counter_v1_0.
WARNING: [Synth 8-3332] Sequential element (light_counter_v1_0_LIGHT_REG_AXI_inst/aw_en_reg) is unused and will be removed from module light_counter_v1_0.
WARNING: [Synth 8-3332] Sequential element (light_counter_v1_0_LIGHT_REG_AXI_inst/axi_bresp_reg[1]) is unused and will be removed from module light_counter_v1_0.
WARNING: [Synth 8-3332] Sequential element (light_counter_v1_0_LIGHT_REG_AXI_inst/axi_araddr_reg[1]) is unused and will be removed from module light_counter_v1_0.
WARNING: [Synth 8-3332] Sequential element (light_counter_v1_0_LIGHT_REG_AXI_inst/axi_araddr_reg[0]) is unused and will be removed from module light_counter_v1_0.
WARNING: [Synth 8-3332] Sequential element (light_counter_v1_0_LIGHT_REG_AXI_inst/axi_awaddr_reg[1]) is unused and will be removed from module light_counter_v1_0.
WARNING: [Synth 8-3332] Sequential element (light_counter_v1_0_LIGHT_REG_AXI_inst/axi_awaddr_reg[0]) is unused and will be removed from module light_counter_v1_0.
WARNING: [Synth 8-3332] Sequential element (light_counter_v1_0_LIGHT_REG_AXI_inst/axi_rresp_reg[1]) is unused and will be removed from module light_counter_v1_0.
WARNING: [Synth 8-3332] Sequential element (light_counter_v1_0_LIGHT_REG_AXI_inst/count_reg[30]) is unused and will be removed from module light_counter_v1_0.
WARNING: [Synth 8-3332] Sequential element (light_counter_v1_0_LIGHT_REG_AXI_inst/count_reg[29]) is unused and will be removed from module light_counter_v1_0.
WARNING: [Synth 8-3332] Sequential element (light_counter_v1_0_LIGHT_REG_AXI_inst/count_reg[28]) is unused and will be removed from module light_counter_v1_0.
WARNING: [Synth 8-3332] Sequential element (light_counter_v1_0_LIGHT_REG_AXI_inst/count_reg[27]) is unused and will be removed from module light_counter_v1_0.
WARNING: [Synth 8-3332] Sequential element (light_counter_v1_0_LIGHT_REG_AXI_inst/count_reg[26]) is unused and will be removed from module light_counter_v1_0.
WARNING: [Synth 8-3332] Sequential element (light_counter_v1_0_LIGHT_REG_AXI_inst/count_reg[25]) is unused and will be removed from module light_counter_v1_0.
WARNING: [Synth 8-3332] Sequential element (light_counter_v1_0_LIGHT_REG_AXI_inst/count_reg[24]) is unused and will be removed from module light_counter_v1_0.
WARNING: [Synth 8-3332] Sequential element (light_counter_v1_0_LIGHT_REG_AXI_inst/count_reg[23]) is unused and will be removed from module light_counter_v1_0.
WARNING: [Synth 8-3332] Sequential element (light_counter_v1_0_LIGHT_REG_AXI_inst/count_reg[22]) is unused and will be removed from module light_counter_v1_0.
WARNING: [Synth 8-3332] Sequential element (light_counter_v1_0_LIGHT_REG_AXI_inst/count_reg[21]) is unused and will be removed from module light_counter_v1_0.
WARNING: [Synth 8-3332] Sequential element (light_counter_v1_0_LIGHT_REG_AXI_inst/count_reg[20]) is unused and will be removed from module light_counter_v1_0.
WARNING: [Synth 8-3332] Sequential element (light_counter_v1_0_LIGHT_REG_AXI_inst/count_reg[19]) is unused and will be removed from module light_counter_v1_0.
WARNING: [Synth 8-3332] Sequential element (light_counter_v1_0_LIGHT_REG_AXI_inst/count_reg[18]) is unused and will be removed from module light_counter_v1_0.
WARNING: [Synth 8-3332] Sequential element (light_counter_v1_0_LIGHT_REG_AXI_inst/count_reg[17]) is unused and will be removed from module light_counter_v1_0.
WARNING: [Synth 8-3332] Sequential element (light_counter_v1_0_LIGHT_REG_AXI_inst/count_reg[16]) is unused and will be removed from module light_counter_v1_0.
WARNING: [Synth 8-3332] Sequential element (light_counter_v1_0_LIGHT_REG_AXI_inst/count_reg[15]) is unused and will be removed from module light_counter_v1_0.
WARNING: [Synth 8-3332] Sequential element (light_counter_v1_0_LIGHT_REG_AXI_inst/count_reg[14]) is unused and will be removed from module light_counter_v1_0.
WARNING: [Synth 8-3332] Sequential element (light_counter_v1_0_LIGHT_REG_AXI_inst/count_reg[13]) is unused and will be removed from module light_counter_v1_0.
WARNING: [Synth 8-3332] Sequential element (light_counter_v1_0_LIGHT_REG_AXI_inst/count_reg[12]) is unused and will be removed from module light_counter_v1_0.
WARNING: [Synth 8-3332] Sequential element (light_counter_v1_0_LIGHT_REG_AXI_inst/count_reg[11]) is unused and will be removed from module light_counter_v1_0.
WARNING: [Synth 8-3332] Sequential element (light_counter_v1_0_LIGHT_REG_AXI_inst/count_reg[10]) is unused and will be removed from module light_counter_v1_0.
WARNING: [Synth 8-3332] Sequential element (light_counter_v1_0_LIGHT_REG_AXI_inst/count_reg[9]) is unused and will be removed from module light_counter_v1_0.
WARNING: [Synth 8-3332] Sequential element (light_counter_v1_0_LIGHT_REG_AXI_inst/count_reg[8]) is unused and will be removed from module light_counter_v1_0.
WARNING: [Synth 8-3332] Sequential element (light_counter_v1_0_LIGHT_REG_AXI_inst/count_reg[7]) is unused and will be removed from module light_counter_v1_0.
WARNING: [Synth 8-3332] Sequential element (light_counter_v1_0_LIGHT_REG_AXI_inst/count_reg[6]) is unused and will be removed from module light_counter_v1_0.
WARNING: [Synth 8-3332] Sequential element (light_counter_v1_0_LIGHT_REG_AXI_inst/count_reg[5]) is unused and will be removed from module light_counter_v1_0.
WARNING: [Synth 8-3332] Sequential element (light_counter_v1_0_LIGHT_REG_AXI_inst/count_reg[4]) is unused and will be removed from module light_counter_v1_0.
WARNING: [Synth 8-3332] Sequential element (light_counter_v1_0_LIGHT_REG_AXI_inst/count_reg[3]) is unused and will be removed from module light_counter_v1_0.
WARNING: [Synth 8-3332] Sequential element (light_counter_v1_0_LIGHT_REG_AXI_inst/count_reg[2]) is unused and will be removed from module light_counter_v1_0.
INFO: [Common 17-14] Message 'Synth 8-3332' appears 100 times and further instances of the messages will be disabled. Use the Tcl command set_msg_config to change the current settings.
---------------------------------------------------------------------------------
Finished Cross Boundary and Area Optimization : Time (s): cpu = 00:00:08 ; elapsed = 00:00:11 . Memory (MB): peak = 621.508 ; gain = 293.320
---------------------------------------------------------------------------------

Report RTL Partitions: 
+-+--------------+------------+----------+
| |RTL Partition |Replication |Instances |
+-+--------------+------------+----------+
+-+--------------+------------+----------+
No constraint files found.
---------------------------------------------------------------------------------
Start Timing Optimization
---------------------------------------------------------------------------------
---------------------------------------------------------------------------------
Finished Timing Optimization : Time (s): cpu = 00:00:08 ; elapsed = 00:00:11 . Memory (MB): peak = 621.508 ; gain = 293.320
---------------------------------------------------------------------------------

Report RTL Partitions: 
+-+--------------+------------+----------+
| |RTL Partition |Replication |Instances |
+-+--------------+------------+----------+
+-+--------------+------------+----------+
---------------------------------------------------------------------------------
Start Technology Mapping
---------------------------------------------------------------------------------
---------------------------------------------------------------------------------
Finished Technology Mapping : Time (s): cpu = 00:00:08 ; elapsed = 00:00:12 . Memory (MB): peak = 621.508 ; gain = 293.320
---------------------------------------------------------------------------------

Report RTL Partitions: 
+-+--------------+------------+----------+
| |RTL Partition |Replication |Instances |
+-+--------------+------------+----------+
+-+--------------+------------+----------+
---------------------------------------------------------------------------------
Start IO Insertion
---------------------------------------------------------------------------------
---------------------------------------------------------------------------------
Start Flattening Before IO Insertion
---------------------------------------------------------------------------------
---------------------------------------------------------------------------------
Finished Flattening Before IO Insertion
---------------------------------------------------------------------------------
---------------------------------------------------------------------------------
Start Final Netlist Cleanup
---------------------------------------------------------------------------------
---------------------------------------------------------------------------------
Finished Final Netlist Cleanup
---------------------------------------------------------------------------------
---------------------------------------------------------------------------------
Finished IO Insertion : Time (s): cpu = 00:00:09 ; elapsed = 00:00:13 . Memory (MB): peak = 621.508 ; gain = 293.320
---------------------------------------------------------------------------------

Report Check Netlist: 
+------+------------------+-------+---------+-------+------------------+
|      |Item              |Errors |Warnings |Status |Description       |
+------+------------------+-------+---------+-------+------------------+
|1     |multi_driven_nets |      0|        0|Passed |Multi driven nets |
+------+------------------+-------+---------+-------+------------------+
---------------------------------------------------------------------------------
Start Renaming Generated Instances
---------------------------------------------------------------------------------
---------------------------------------------------------------------------------
Finished Renaming Generated Instances : Time (s): cpu = 00:00:09 ; elapsed = 00:00:13 . Memory (MB): peak = 621.508 ; gain = 293.320
---------------------------------------------------------------------------------

Report RTL Partitions: 
+-+--------------+------------+----------+
| |RTL Partition |Replication |Instances |
+-+--------------+------------+----------+
+-+--------------+------------+----------+
---------------------------------------------------------------------------------
Start Rebuilding User Hierarchy
---------------------------------------------------------------------------------
---------------------------------------------------------------------------------
Finished Rebuilding User Hierarchy : Time (s): cpu = 00:00:09 ; elapsed = 00:00:13 . Memory (MB): peak = 621.508 ; gain = 293.320
---------------------------------------------------------------------------------
---------------------------------------------------------------------------------
Start Renaming Generated Ports
---------------------------------------------------------------------------------
---------------------------------------------------------------------------------
Finished Renaming Generated Ports : Time (s): cpu = 00:00:09 ; elapsed = 00:00:13 . Memory (MB): peak = 621.508 ; gain = 293.320
---------------------------------------------------------------------------------
---------------------------------------------------------------------------------
Start Handling Custom Attributes
---------------------------------------------------------------------------------
---------------------------------------------------------------------------------
Finished Handling Custom Attributes : Time (s): cpu = 00:00:09 ; elapsed = 00:00:13 . Memory (MB): peak = 621.508 ; gain = 293.320
---------------------------------------------------------------------------------
---------------------------------------------------------------------------------
Start Renaming Generated Nets
---------------------------------------------------------------------------------
---------------------------------------------------------------------------------
Finished Renaming Generated Nets : Time (s): cpu = 00:00:09 ; elapsed = 00:00:13 . Memory (MB): peak = 621.508 ; gain = 293.320
---------------------------------------------------------------------------------
---------------------------------------------------------------------------------
Start Writing Synthesis Report
---------------------------------------------------------------------------------

Report BlackBoxes: 
+-+--------------+----------+
| |BlackBox name |Instances |
+-+--------------+----------+
+-+--------------+----------+

Report Cell Usage: 
+------+-----+------+
|      |Cell |Count |
+------+-----+------+
|1     |BUFG |     1|
|2     |LUT1 |     1|
|3     |LUT2 |     1|
|4     |LUT3 |     3|
|5     |LUT4 |    14|
|6     |LUT5 |    32|
|7     |LUT6 |     1|
|8     |FDRE |   135|
|9     |FDSE |     2|
|10    |IBUF |    47|
|11    |OBUF |    41|
+------+-----+------+

Report Instance Areas: 
+------+----------------------------------------+---------------------------------+------+
|      |Instance                                |Module                           |Cells |
+------+----------------------------------------+---------------------------------+------+
|1     |top                                     |                                 |   278|
|2     |  light_counter_v1_0_LIGHT_REG_AXI_inst |light_counter_v1_0_LIGHT_REG_AXI |   189|
+------+----------------------------------------+---------------------------------+------+
---------------------------------------------------------------------------------
Finished Writing Synthesis Report : Time (s): cpu = 00:00:09 ; elapsed = 00:00:13 . Memory (MB): peak = 621.508 ; gain = 293.320
---------------------------------------------------------------------------------
Synthesis finished with 0 errors, 96 critical warnings and 115 warnings.
Synthesis Optimization Runtime : Time (s): cpu = 00:00:09 ; elapsed = 00:00:13 . Memory (MB): peak = 621.508 ; gain = 293.320
Synthesis Optimization Complete : Time (s): cpu = 00:00:09 ; elapsed = 00:00:13 . Memory (MB): peak = 621.508 ; gain = 293.320
INFO: [Project 1-571] Translating synthesized netlist
INFO: [Netlist 29-17] Analyzing 47 Unisim elements for replacement
INFO: [Netlist 29-28] Unisim Transformation completed in 0 CPU seconds
INFO: [Project 1-570] Preparing netlist for logic optimization
INFO: [Opt 31-138] Pushed 0 inverter(s) to 0 load pin(s).
INFO: [Project 1-111] Unisim Transformation Summary:
No Unisim elements were transformed.

INFO: [Common 17-83] Releasing license: Synthesis
21 Infos, 113 Warnings, 96 Critical Warnings and 0 Errors encountered.
synth_design completed successfully
synth_design: Time (s): cpu = 00:00:14 ; elapsed = 00:00:24 . Memory (MB): peak = 725.145 ; gain = 408.977
WARNING: [Constraints 18-5210] No constraint will be written out.
INFO: [Common 17-1381] The checkpoint 'f:/school/2018-2019/fall/hscd/lab2part2/lab2part2.tmp/light_counter_v1_0_project/light_counter_v1_0_project.runs/synth_1/light_counter_v1_0.dcp' has been generated.
INFO: [runtcl-4] Executing : report_utilization -file light_counter_v1_0_utilization_synth.rpt -pb light_counter_v1_0_utilization_synth.pb
report_utilization: Time (s): cpu = 00:00:00 ; elapsed = 00:00:00.033 . Memory (MB): peak = 725.145 ; gain = 0.000
INFO: [Common 17-206] Exiting Vivado at Thu Oct 25 23:35:35 2018...
