Command line:
   ripple_carry_adder_isim_beh.exe
     -simmode  gui
     -simrunnum  0
     -socket  49350

Thu Sep  7 20:18:31 2017


 Elaboration Time: 0.01 sec

 Current Memory Usage: 196.751 Meg

 Total Signals          : 6
 Total Nets             : 18
 Total Signal Drivers   : 9
 Total Blocks           : 2
 Total Primitive Blocks : 2
 Total Processes        : 9
 Total Traceable Variables  : 8
 Total Scalar Nets and Variables : 378
Total Line Count : 9

 Total Simulation Time: 0.01 sec

 Current Memory Usage: 272.253 Meg

Thu Sep  7 20:18:53 2017

