Running: /opt/Xilinx/14.7/ISE_DS/ISE/bin/lin64/unwrapped/fuse -intstyle ise -incremental -o /home/charlie/backups/School 2018/Fall/ADD/XilinxWorkspace/Lab1/ripple_carry_adder_isim_beh.exe -prj /home/charlie/backups/School 2018/Fall/ADD/XilinxWorkspace/Lab1/ripple_carry_adder_beh.prj work.ripple_carry_adder 
ISim P.20131013 (signature 0xfbc00daa)
Number of CPUs detected in this system: 4
Turning on mult-threading, number of parallel sub-compilation jobs: 8 
Determining compilation order of HDL files
Parsing VHDL file "/home/charlie/backups/School 2018/Fall/ADD/XilinxWorkspace/Lab1/ripple_carry_adder.vhd" into library work
Starting static elaboration
Completed static elaboration
Fuse Memory Usage: 95052 KB
Fuse CPU Usage: 820 ms
Compiling package standard
Compiling package std_logic_1164
Compiling architecture behavioral of entity ripple_carry_adder
Time Resolution for simulation is 1ps.
Waiting for 1 sub-compilation(s) to finish...
Compiled 3 VHDL Units
Built simulation executable /home/charlie/backups/School 2018/Fall/ADD/XilinxWorkspace/Lab1/ripple_carry_adder_isim_beh.exe
Fuse Memory Usage: 660740 KB
Fuse CPU Usage: 830 ms
GCC CPU Usage: 340 ms
