14:24:56 INFO  : Registering command handlers for SDK TCF services
14:24:58 INFO  : Launching XSCT server: xsct.bat -interactive F:\SchoolWork\2019\HSCD\lab1\lab1.sdk\temp_xsdb_launch_script.tcl
14:25:03 INFO  : XSCT server has started successfully.
14:25:06 INFO  : Successfully done setting XSCT server connection channel  
14:25:06 INFO  : Successfully done setting SDK workspace  
14:25:06 INFO  : Processing command line option -hwspec F:/SchoolWork/2019/HSCD/lab1/lab1.sdk/design_1_wrapper.hdf.
14:29:33 INFO  : Connected to target on host '127.0.0.1' and port '3121'.
14:29:35 INFO  : 'targets -set -filter {jtag_cable_name =~ "Digilent Zybo 210279787440A" && level==0} -index 1' command is executed.
14:29:36 INFO  : FPGA configured successfully with bitstream "F:/SchoolWork/2019/HSCD/lab1/lab1.sdk/design_1_wrapper_hw_platform_0/design_1_wrapper.bit"
14:30:55 INFO  : 'targets -set -filter {jtag_cable_name =~ "Digilent Zybo 210279787440A" && level==0} -index 1' command is executed.
14:30:55 INFO  : 'fpga -state' command is executed.
14:30:55 INFO  : Connected to target on host '127.0.0.1' and port '3121'.
14:30:55 INFO  : Jtag cable 'Digilent Zybo 210279787440A' is selected.
14:30:55 INFO  : 'jtag frequency' command is executed.
14:30:55 INFO  : Sourcing of 'F:/SchoolWork/2019/HSCD/lab1/lab1.sdk/design_1_wrapper_hw_platform_0/ps7_init.tcl' is done.
14:30:55 INFO  : Context for 'APU' is selected.
14:30:55 INFO  : Hardware design information is loaded from 'F:/SchoolWork/2019/HSCD/lab1/lab1.sdk/design_1_wrapper_hw_platform_0/system.hdf'.
14:30:56 INFO  : 'configparams force-mem-access 1' command is executed.
14:30:56 INFO  : Context for 'APU' is selected.
14:30:56 INFO  : 'stop' command is executed.
14:30:56 INFO  : 'ps7_init' command is executed.
14:30:56 INFO  : 'ps7_post_config' command is executed.
14:30:56 INFO  : Context for processor 'ps7_cortexa9_0' is selected.
14:30:56 INFO  : Processor reset is completed for 'ps7_cortexa9_0'.
14:30:56 INFO  : Context for processor 'ps7_cortexa9_0' is selected.
14:30:56 INFO  : The application 'F:/SchoolWork/2019/HSCD/lab1/lab1.sdk/getting_started_with_ZYBO/Debug/getting_started_with_ZYBO.elf' is downloaded to processor 'ps7_cortexa9_0'.
14:30:56 INFO  : 'configparams force-mem-access 0' command is executed.
14:30:56 INFO  : ----------------XSDB Script----------------
connect -url tcp:127.0.0.1:3121
source F:/SchoolWork/2019/HSCD/lab1/lab1.sdk/design_1_wrapper_hw_platform_0/ps7_init.tcl
targets -set -nocase -filter {name =~"APU*" && jtag_cable_name =~ "Digilent Zybo 210279787440A"} -index 0
loadhw -hw F:/SchoolWork/2019/HSCD/lab1/lab1.sdk/design_1_wrapper_hw_platform_0/system.hdf -mem-ranges [list {0x40000000 0xbfffffff}]
configparams force-mem-access 1
targets -set -nocase -filter {name =~"APU*" && jtag_cable_name =~ "Digilent Zybo 210279787440A"} -index 0
stop
ps7_init
ps7_post_config
targets -set -nocase -filter {name =~ "ARM*#0" && jtag_cable_name =~ "Digilent Zybo 210279787440A"} -index 0
rst -processor
targets -set -nocase -filter {name =~ "ARM*#0" && jtag_cable_name =~ "Digilent Zybo 210279787440A"} -index 0
dow F:/SchoolWork/2019/HSCD/lab1/lab1.sdk/getting_started_with_ZYBO/Debug/getting_started_with_ZYBO.elf
configparams force-mem-access 0
----------------End of Script----------------

14:30:56 INFO  : Memory regions updated for context APU
14:30:56 INFO  : Context for processor 'ps7_cortexa9_0' is selected.
14:30:56 INFO  : 'con' command is executed.
14:30:56 INFO  : ----------------XSDB Script (After Launch)----------------
targets -set -nocase -filter {name =~ "ARM*#0" && jtag_cable_name =~ "Digilent Zybo 210279787440A"} -index 0
con
----------------End of Script----------------

14:30:56 INFO  : Launch script is exported to file 'F:\SchoolWork\2019\HSCD\lab1\lab1.sdk\.sdk\launch_scripts\xilinx_c-c++_application_(system_debugger)\system_debugger_using_debug_getting_started_with_zybo.elf_on_local.tcl'
14:34:55 INFO  : Disconnected from the channel tcfchan#1.
14:34:56 INFO  : 'targets -set -filter {jtag_cable_name =~ "Digilent Zybo 210279787440A" && level==0} -index 1' command is executed.
14:34:56 INFO  : 'fpga -state' command is executed.
14:34:56 INFO  : Connected to target on host '127.0.0.1' and port '3121'.
14:34:56 INFO  : Jtag cable 'Digilent Zybo 210279787440A' is selected.
14:34:56 INFO  : 'jtag frequency' command is executed.
14:34:56 INFO  : Sourcing of 'F:/SchoolWork/2019/HSCD/lab1/lab1.sdk/design_1_wrapper_hw_platform_0/ps7_init.tcl' is done.
14:34:56 INFO  : Context for 'APU' is selected.
14:34:58 INFO  : Hardware design information is loaded from 'F:/SchoolWork/2019/HSCD/lab1/lab1.sdk/design_1_wrapper_hw_platform_0/system.hdf'.
14:34:58 INFO  : 'configparams force-mem-access 1' command is executed.
14:34:58 INFO  : Context for 'APU' is selected.
14:34:58 INFO  : 'stop' command is executed.
14:34:58 ERROR : Memory read error at 0xF8007080. AHB AP transaction error, DAP status f0000021
14:34:58 INFO  : ----------------XSDB Script----------------
connect -url tcp:127.0.0.1:3121
source F:/SchoolWork/2019/HSCD/lab1/lab1.sdk/design_1_wrapper_hw_platform_0/ps7_init.tcl
targets -set -nocase -filter {name =~"APU*" && jtag_cable_name =~ "Digilent Zybo 210279787440A"} -index 0
loadhw -hw F:/SchoolWork/2019/HSCD/lab1/lab1.sdk/design_1_wrapper_hw_platform_0/system.hdf -mem-ranges [list {0x40000000 0xbfffffff}]
configparams force-mem-access 1
targets -set -nocase -filter {name =~"APU*" && jtag_cable_name =~ "Digilent Zybo 210279787440A"} -index 0
stop
ps7_init
----------------End of Script----------------

14:35:25 INFO  : 'targets -set -filter {jtag_cable_name =~ "Digilent Zybo 210279787440A" && level==0} -index 1' command is executed.
14:35:25 INFO  : 'fpga -state' command is executed.
14:35:30 INFO  : Connected to target on host '127.0.0.1' and port '3121'.
14:35:31 INFO  : Jtag cable 'Digilent Zybo 210279787440A' is selected.
14:35:31 INFO  : 'jtag frequency' command is executed.
14:35:31 INFO  : Sourcing of 'F:/SchoolWork/2019/HSCD/lab1/lab1.sdk/design_1_wrapper_hw_platform_0/ps7_init.tcl' is done.
14:35:31 INFO  : Context for 'APU' is selected.
14:35:31 INFO  : Hardware design information is loaded from 'F:/SchoolWork/2019/HSCD/lab1/lab1.sdk/design_1_wrapper_hw_platform_0/system.hdf'.
14:35:31 INFO  : 'configparams force-mem-access 1' command is executed.
14:35:31 INFO  : Context for 'APU' is selected.
14:35:31 INFO  : 'stop' command is executed.
14:35:31 INFO  : 'ps7_init' command is executed.
14:35:31 INFO  : 'ps7_post_config' command is executed.
14:35:31 INFO  : Context for processor 'ps7_cortexa9_0' is selected.
14:35:31 INFO  : Processor reset is completed for 'ps7_cortexa9_0'.
14:35:31 INFO  : Context for processor 'ps7_cortexa9_0' is selected.
14:35:31 INFO  : The application 'F:/SchoolWork/2019/HSCD/lab1/lab1.sdk/getting_started_with_ZYBO/Debug/getting_started_with_ZYBO.elf' is downloaded to processor 'ps7_cortexa9_0'.
14:35:31 INFO  : 'configparams force-mem-access 0' command is executed.
14:35:31 INFO  : ----------------XSDB Script----------------
connect -url tcp:127.0.0.1:3121
source F:/SchoolWork/2019/HSCD/lab1/lab1.sdk/design_1_wrapper_hw_platform_0/ps7_init.tcl
targets -set -nocase -filter {name =~"APU*" && jtag_cable_name =~ "Digilent Zybo 210279787440A"} -index 0
loadhw -hw F:/SchoolWork/2019/HSCD/lab1/lab1.sdk/design_1_wrapper_hw_platform_0/system.hdf -mem-ranges [list {0x40000000 0xbfffffff}]
configparams force-mem-access 1
targets -set -nocase -filter {name =~"APU*" && jtag_cable_name =~ "Digilent Zybo 210279787440A"} -index 0
stop
ps7_init
ps7_post_config
targets -set -nocase -filter {name =~ "ARM*#0" && jtag_cable_name =~ "Digilent Zybo 210279787440A"} -index 0
rst -processor
targets -set -nocase -filter {name =~ "ARM*#0" && jtag_cable_name =~ "Digilent Zybo 210279787440A"} -index 0
dow F:/SchoolWork/2019/HSCD/lab1/lab1.sdk/getting_started_with_ZYBO/Debug/getting_started_with_ZYBO.elf
configparams force-mem-access 0
----------------End of Script----------------

14:35:32 INFO  : Memory regions updated for context APU
14:35:32 INFO  : Context for processor 'ps7_cortexa9_0' is selected.
14:35:32 INFO  : 'con' command is executed.
14:35:32 INFO  : ----------------XSDB Script (After Launch)----------------
targets -set -nocase -filter {name =~ "ARM*#0" && jtag_cable_name =~ "Digilent Zybo 210279787440A"} -index 0
con
----------------End of Script----------------

14:35:32 INFO  : Launch script is exported to file 'F:\SchoolWork\2019\HSCD\lab1\lab1.sdk\.sdk\launch_scripts\xilinx_c-c++_application_(system_debugger)\system_debugger_using_debug_getting_started_with_zybo.elf_on_local.tcl'
14:37:11 INFO  : Connected to target on host '127.0.0.1' and port '3121'.
14:37:27 INFO  : Connected to target on host '127.0.0.1' and port '3121'.
14:37:27 INFO  : 'targets -set -filter {jtag_cable_name =~ "Digilent Zybo 210279787440A" && level==0} -index 1' command is executed.
14:37:29 INFO  : FPGA configured successfully with bitstream "F:/SchoolWork/2019/HSCD/lab1/lab1.sdk/design_1_wrapper_hw_platform_0/design_1_wrapper.bit"
14:39:44 INFO  : Disconnected from the channel tcfchan#2.
14:39:45 INFO  : 'targets -set -filter {jtag_cable_name =~ "Digilent Zybo 210279787440A" && level==0} -index 1' command is executed.
14:39:45 INFO  : 'fpga -state' command is executed.
14:39:55 INFO  : Connected to target on host '127.0.0.1' and port '3121'.
14:39:55 INFO  : Jtag cable 'Digilent Zybo 210279787440A' is selected.
14:39:55 INFO  : 'jtag frequency' command is executed.
14:39:55 INFO  : Sourcing of 'F:/SchoolWork/2019/HSCD/lab1/lab1.sdk/design_1_wrapper_hw_platform_0/ps7_init.tcl' is done.
14:39:55 INFO  : Context for 'APU' is selected.
14:39:57 INFO  : Hardware design information is loaded from 'F:/SchoolWork/2019/HSCD/lab1/lab1.sdk/design_1_wrapper_hw_platform_0/system.hdf'.
14:39:57 INFO  : 'configparams force-mem-access 1' command is executed.
14:39:57 INFO  : Context for 'APU' is selected.
14:39:57 INFO  : 'stop' command is executed.
14:39:57 INFO  : 'ps7_init' command is executed.
14:39:57 INFO  : 'ps7_post_config' command is executed.
14:39:57 INFO  : Context for processor 'ps7_cortexa9_0' is selected.
14:39:57 INFO  : Processor reset is completed for 'ps7_cortexa9_0'.
14:39:57 INFO  : Context for processor 'ps7_cortexa9_0' is selected.
14:39:57 INFO  : The application 'F:/SchoolWork/2019/HSCD/lab1/lab1.sdk/getting_started_with_ZYBO/Debug/getting_started_with_ZYBO.elf' is downloaded to processor 'ps7_cortexa9_0'.
14:39:57 INFO  : 'configparams force-mem-access 0' command is executed.
14:39:57 INFO  : ----------------XSDB Script----------------
connect -url tcp:127.0.0.1:3121
source F:/SchoolWork/2019/HSCD/lab1/lab1.sdk/design_1_wrapper_hw_platform_0/ps7_init.tcl
targets -set -nocase -filter {name =~"APU*" && jtag_cable_name =~ "Digilent Zybo 210279787440A"} -index 0
loadhw -hw F:/SchoolWork/2019/HSCD/lab1/lab1.sdk/design_1_wrapper_hw_platform_0/system.hdf -mem-ranges [list {0x40000000 0xbfffffff}]
configparams force-mem-access 1
targets -set -nocase -filter {name =~"APU*" && jtag_cable_name =~ "Digilent Zybo 210279787440A"} -index 0
stop
ps7_init
ps7_post_config
targets -set -nocase -filter {name =~ "ARM*#0" && jtag_cable_name =~ "Digilent Zybo 210279787440A"} -index 0
rst -processor
targets -set -nocase -filter {name =~ "ARM*#0" && jtag_cable_name =~ "Digilent Zybo 210279787440A"} -index 0
dow F:/SchoolWork/2019/HSCD/lab1/lab1.sdk/getting_started_with_ZYBO/Debug/getting_started_with_ZYBO.elf
configparams force-mem-access 0
----------------End of Script----------------

14:39:57 INFO  : Memory regions updated for context APU
14:39:57 INFO  : Context for processor 'ps7_cortexa9_0' is selected.
14:39:57 INFO  : 'con' command is executed.
14:39:57 INFO  : ----------------XSDB Script (After Launch)----------------
targets -set -nocase -filter {name =~ "ARM*#0" && jtag_cable_name =~ "Digilent Zybo 210279787440A"} -index 0
con
----------------End of Script----------------

14:39:57 INFO  : Launch script is exported to file 'F:\SchoolWork\2019\HSCD\lab1\lab1.sdk\.sdk\launch_scripts\xilinx_c-c++_application_(system_debugger)\system_debugger_using_debug_getting_started_with_zybo.elf_on_local.tcl'
16:22:19 INFO  : Disconnected from the channel tcfchan#3.
