
*** Running vivado
    with args -log flash_lights_light_counter_0_0.vds -m64 -product Vivado -mode batch -messageDb vivado.pb -notrace -source flash_lights_light_counter_0_0.tcl


****** Vivado v2018.2 (64-bit)
  **** SW Build 2258646 on Thu Jun 14 20:03:12 MDT 2018
  **** IP Build 2256618 on Thu Jun 14 22:10:49 MDT 2018
    ** Copyright 1986-2018 Xilinx, Inc. All Rights Reserved.

source flash_lights_light_counter_0_0.tcl -notrace
Command: synth_design -top flash_lights_light_counter_0_0 -part xc7z010clg400-1 -mode out_of_context
Starting synth_design
Attempting to get a license for feature 'Synthesis' and/or device 'xc7z010'
INFO: [Common 17-349] Got license for feature 'Synthesis' and/or device 'xc7z010'
INFO: Launching helper process for spawning children vivado processes
INFO: Helper process launched with PID 820 
---------------------------------------------------------------------------------
Starting RTL Elaboration : Time (s): cpu = 00:00:03 ; elapsed = 00:00:03 . Memory (MB): peak = 461.137 ; gain = 94.387
---------------------------------------------------------------------------------
INFO: [Synth 8-638] synthesizing module 'flash_lights_light_counter_0_0' [f:/school/2018-2019/fall/hscd/lab2part2/lab2part2.srcs/sources_1/bd/flash_lights/ip/flash_lights_light_counter_0_0/synth/flash_lights_light_counter_0_0.vhd:82]
	Parameter C_LIGHT_REG_AXI_DATA_WIDTH bound to: 32 - type: integer 
	Parameter C_LIGHT_REG_AXI_ADDR_WIDTH bound to: 4 - type: integer 
INFO: [Synth 8-3491] module 'light_counter_v1_0' declared at 'f:/school/2018-2019/fall/hscd/lab2part2/lab2part2.srcs/sources_1/bd/flash_lights/ipshared/7e61/hdl/light_counter_v1_0.vhd:5' bound to instance 'U0' of component 'light_counter_v1_0' [f:/school/2018-2019/fall/hscd/lab2part2/lab2part2.srcs/sources_1/bd/flash_lights/ip/flash_lights_light_counter_0_0/synth/flash_lights_light_counter_0_0.vhd:148]
INFO: [Synth 8-638] synthesizing module 'light_counter_v1_0' [f:/school/2018-2019/fall/hscd/lab2part2/lab2part2.srcs/sources_1/bd/flash_lights/ipshared/7e61/hdl/light_counter_v1_0.vhd:49]
	Parameter C_LIGHT_REG_AXI_DATA_WIDTH bound to: 32 - type: integer 
	Parameter C_LIGHT_REG_AXI_ADDR_WIDTH bound to: 4 - type: integer 
	Parameter C_S_AXI_DATA_WIDTH bound to: 32 - type: integer 
	Parameter C_S_AXI_ADDR_WIDTH bound to: 4 - type: integer 
INFO: [Synth 8-3491] module 'light_counter_v1_0_LIGHT_REG_AXI' declared at 'f:/school/2018-2019/fall/hscd/lab2part2/lab2part2.srcs/sources_1/bd/flash_lights/ipshared/7e61/hdl/light_counter_v1_0_LIGHT_REG_AXI.vhd:5' bound to instance 'light_counter_v1_0_LIGHT_REG_AXI_inst' of component 'light_counter_v1_0_LIGHT_REG_AXI' [f:/school/2018-2019/fall/hscd/lab2part2/lab2part2.srcs/sources_1/bd/flash_lights/ipshared/7e61/hdl/light_counter_v1_0.vhd:85]
INFO: [Synth 8-638] synthesizing module 'light_counter_v1_0_LIGHT_REG_AXI' [f:/school/2018-2019/fall/hscd/lab2part2/lab2part2.srcs/sources_1/bd/flash_lights/ipshared/7e61/hdl/light_counter_v1_0_LIGHT_REG_AXI.vhd:85]
	Parameter C_S_AXI_DATA_WIDTH bound to: 32 - type: integer 
	Parameter C_S_AXI_ADDR_WIDTH bound to: 4 - type: integer 
INFO: [Synth 8-226] default block is never used [f:/school/2018-2019/fall/hscd/lab2part2/lab2part2.srcs/sources_1/bd/flash_lights/ipshared/7e61/hdl/light_counter_v1_0_LIGHT_REG_AXI.vhd:223]
INFO: [Synth 8-226] default block is never used [f:/school/2018-2019/fall/hscd/lab2part2/lab2part2.srcs/sources_1/bd/flash_lights/ipshared/7e61/hdl/light_counter_v1_0_LIGHT_REG_AXI.vhd:353]
WARNING: [Synth 8-6014] Unused sequential element loc_addr_reg was removed.  [f:/school/2018-2019/fall/hscd/lab2part2/lab2part2.srcs/sources_1/bd/flash_lights/ipshared/7e61/hdl/light_counter_v1_0_LIGHT_REG_AXI.vhd:221]
INFO: [Synth 8-256] done synthesizing module 'light_counter_v1_0_LIGHT_REG_AXI' (1#1) [f:/school/2018-2019/fall/hscd/lab2part2/lab2part2.srcs/sources_1/bd/flash_lights/ipshared/7e61/hdl/light_counter_v1_0_LIGHT_REG_AXI.vhd:85]
INFO: [Synth 8-256] done synthesizing module 'light_counter_v1_0' (2#1) [f:/school/2018-2019/fall/hscd/lab2part2/lab2part2.srcs/sources_1/bd/flash_lights/ipshared/7e61/hdl/light_counter_v1_0.vhd:49]
INFO: [Synth 8-256] done synthesizing module 'flash_lights_light_counter_0_0' (3#1) [f:/school/2018-2019/fall/hscd/lab2part2/lab2part2.srcs/sources_1/bd/flash_lights/ip/flash_lights_light_counter_0_0/synth/flash_lights_light_counter_0_0.vhd:82]
WARNING: [Synth 8-3331] design light_counter_v1_0_LIGHT_REG_AXI has unconnected port S_AXI_AWPROT[2]
WARNING: [Synth 8-3331] design light_counter_v1_0_LIGHT_REG_AXI has unconnected port S_AXI_AWPROT[1]
WARNING: [Synth 8-3331] design light_counter_v1_0_LIGHT_REG_AXI has unconnected port S_AXI_AWPROT[0]
WARNING: [Synth 8-3331] design light_counter_v1_0_LIGHT_REG_AXI has unconnected port S_AXI_ARPROT[2]
WARNING: [Synth 8-3331] design light_counter_v1_0_LIGHT_REG_AXI has unconnected port S_AXI_ARPROT[1]
WARNING: [Synth 8-3331] design light_counter_v1_0_LIGHT_REG_AXI has unconnected port S_AXI_ARPROT[0]
---------------------------------------------------------------------------------
Finished RTL Elaboration : Time (s): cpu = 00:00:04 ; elapsed = 00:00:05 . Memory (MB): peak = 516.523 ; gain = 149.773
---------------------------------------------------------------------------------

Report Check Netlist: 
+------+------------------+-------+---------+-------+------------------+
|      |Item              |Errors |Warnings |Status |Description       |
+------+------------------+-------+---------+-------+------------------+
|1     |multi_driven_nets |      0|        0|Passed |Multi driven nets |
+------+------------------+-------+---------+-------+------------------+
---------------------------------------------------------------------------------
Start Handling Custom Attributes
---------------------------------------------------------------------------------
---------------------------------------------------------------------------------
Finished Handling Custom Attributes : Time (s): cpu = 00:00:04 ; elapsed = 00:00:05 . Memory (MB): peak = 516.523 ; gain = 149.773
---------------------------------------------------------------------------------
---------------------------------------------------------------------------------
Finished RTL Optimization Phase 1 : Time (s): cpu = 00:00:04 ; elapsed = 00:00:05 . Memory (MB): peak = 516.523 ; gain = 149.773
---------------------------------------------------------------------------------
INFO: [Device 21-403] Loading part xc7z010clg400-1
INFO: [Project 1-570] Preparing netlist for logic optimization

Processing XDC Constraints
Initializing timing engine
Completed Processing XDC Constraints

INFO: [Project 1-111] Unisim Transformation Summary:
No Unisim elements were transformed.

WARNING: [Constraints 18-5210] No constraint will be written out.
Constraint Validation Runtime : Time (s): cpu = 00:00:00 ; elapsed = 00:00:00.080 . Memory (MB): peak = 833.266 ; gain = 2.762
---------------------------------------------------------------------------------
Finished Constraint Validation : Time (s): cpu = 00:00:13 ; elapsed = 00:00:19 . Memory (MB): peak = 833.266 ; gain = 466.516
---------------------------------------------------------------------------------
---------------------------------------------------------------------------------
Start Loading Part and Timing Information
---------------------------------------------------------------------------------
Loading part: xc7z010clg400-1
---------------------------------------------------------------------------------
Finished Loading Part and Timing Information : Time (s): cpu = 00:00:13 ; elapsed = 00:00:19 . Memory (MB): peak = 833.266 ; gain = 466.516
---------------------------------------------------------------------------------
---------------------------------------------------------------------------------
Start Applying 'set_property' XDC Constraints
---------------------------------------------------------------------------------
---------------------------------------------------------------------------------
Finished applying 'set_property' XDC Constraints : Time (s): cpu = 00:00:13 ; elapsed = 00:00:19 . Memory (MB): peak = 833.266 ; gain = 466.516
---------------------------------------------------------------------------------
---------------------------------------------------------------------------------
Finished RTL Optimization Phase 2 : Time (s): cpu = 00:00:14 ; elapsed = 00:00:20 . Memory (MB): peak = 833.266 ; gain = 466.516
---------------------------------------------------------------------------------

Report RTL Partitions: 
+-+--------------+------------+----------+
| |RTL Partition |Replication |Instances |
+-+--------------+------------+----------+
+-+--------------+------------+----------+
---------------------------------------------------------------------------------
Start RTL Component Statistics 
---------------------------------------------------------------------------------
Detailed RTL Component Info : 
+---Adders : 
	   2 Input     32 Bit       Adders := 1     
	   2 Input      6 Bit       Adders := 1     
+---Registers : 
	               32 Bit    Registers := 4     
	                6 Bit    Registers := 1     
	                4 Bit    Registers := 2     
	                2 Bit    Registers := 2     
	                1 Bit    Registers := 6     
+---Muxes : 
	   2 Input     32 Bit        Muxes := 4     
	   4 Input     32 Bit        Muxes := 5     
	   2 Input      1 Bit        Muxes := 5     
---------------------------------------------------------------------------------
Finished RTL Component Statistics 
---------------------------------------------------------------------------------
---------------------------------------------------------------------------------
Start RTL Hierarchical Component Statistics 
---------------------------------------------------------------------------------
Hierarchical RTL Component report 
Module light_counter_v1_0_LIGHT_REG_AXI 
Detailed RTL Component Info : 
+---Adders : 
	   2 Input     32 Bit       Adders := 1     
	   2 Input      6 Bit       Adders := 1     
+---Registers : 
	               32 Bit    Registers := 4     
	                6 Bit    Registers := 1     
	                4 Bit    Registers := 2     
	                2 Bit    Registers := 2     
	                1 Bit    Registers := 6     
+---Muxes : 
	   2 Input     32 Bit        Muxes := 4     
	   4 Input     32 Bit        Muxes := 5     
	   2 Input      1 Bit        Muxes := 5     
---------------------------------------------------------------------------------
Finished RTL Hierarchical Component Statistics
---------------------------------------------------------------------------------
---------------------------------------------------------------------------------
Start Part Resource Summary
---------------------------------------------------------------------------------
Part Resources:
DSPs: 80 (col length:40)
BRAMs: 120 (col length: RAMB18 40 RAMB36 20)
---------------------------------------------------------------------------------
Finished Part Resource Summary
---------------------------------------------------------------------------------
---------------------------------------------------------------------------------
Start Cross Boundary and Area Optimization
---------------------------------------------------------------------------------
Warning: Parallel synthesis criteria is not met 
WARNING: [Synth 8-3331] design flash_lights_light_counter_0_0 has unconnected port light_reg_axi_awprot[2]
WARNING: [Synth 8-3331] design flash_lights_light_counter_0_0 has unconnected port light_reg_axi_awprot[1]
WARNING: [Synth 8-3331] design flash_lights_light_counter_0_0 has unconnected port light_reg_axi_awprot[0]
WARNING: [Synth 8-3331] design flash_lights_light_counter_0_0 has unconnected port light_reg_axi_arprot[2]
WARNING: [Synth 8-3331] design flash_lights_light_counter_0_0 has unconnected port light_reg_axi_arprot[1]
WARNING: [Synth 8-3331] design flash_lights_light_counter_0_0 has unconnected port light_reg_axi_arprot[0]
INFO: [Synth 8-3333] propagating constant 1 across sequential element (\U0/light_counter_v1_0_LIGHT_REG_AXI_inst/aw_en_reg )
INFO: [Synth 8-3886] merging instance 'U0/light_counter_v1_0_LIGHT_REG_AXI_inst/axi_rresp_reg[0]' (FDRE) to 'U0/light_counter_v1_0_LIGHT_REG_AXI_inst/axi_rresp_reg[1]'
INFO: [Synth 8-3333] propagating constant 0 across sequential element (\U0/light_counter_v1_0_LIGHT_REG_AXI_inst/axi_rresp_reg[1] )
INFO: [Synth 8-3886] merging instance 'U0/light_counter_v1_0_LIGHT_REG_AXI_inst/axi_bresp_reg[0]' (FDRE) to 'U0/light_counter_v1_0_LIGHT_REG_AXI_inst/axi_bresp_reg[1]'
INFO: [Synth 8-3333] propagating constant 0 across sequential element (\U0/light_counter_v1_0_LIGHT_REG_AXI_inst/axi_bresp_reg[1] )
INFO: [Synth 8-3332] Sequential element (U0/light_counter_v1_0_LIGHT_REG_AXI_inst/slv_reg1_reg[31]) is unused and will be removed from module flash_lights_light_counter_0_0.
CRITICAL WARNING: [Synth 8-3352] multi-driven net Q with 1st driver pin 'U0/light_counter_v1_0_LIGHT_REG_AXI_inst/slv_reg1_reg[31]/Q' [f:/school/2018-2019/fall/hscd/lab2part2/lab2part2.srcs/sources_1/bd/flash_lights/ipshared/7e61/hdl/light_counter_v1_0_LIGHT_REG_AXI.vhd:217]
CRITICAL WARNING: [Synth 8-3352] multi-driven net Q with 2nd driver pin 'GND' [f:/school/2018-2019/fall/hscd/lab2part2/lab2part2.srcs/sources_1/bd/flash_lights/ipshared/7e61/hdl/light_counter_v1_0_LIGHT_REG_AXI.vhd:217]
CRITICAL WARNING: [Synth 8-5559] multi-driven net Q is connected to constant driver, other driver is ignored [f:/school/2018-2019/fall/hscd/lab2part2/lab2part2.srcs/sources_1/bd/flash_lights/ipshared/7e61/hdl/light_counter_v1_0_LIGHT_REG_AXI.vhd:217]
INFO: [Synth 8-3332] Sequential element (U0/light_counter_v1_0_LIGHT_REG_AXI_inst/slv_reg1_reg[30]) is unused and will be removed from module flash_lights_light_counter_0_0.
CRITICAL WARNING: [Synth 8-3352] multi-driven net Q with 1st driver pin 'U0/light_counter_v1_0_LIGHT_REG_AXI_inst/slv_reg1_reg[30]/Q' [f:/school/2018-2019/fall/hscd/lab2part2/lab2part2.srcs/sources_1/bd/flash_lights/ipshared/7e61/hdl/light_counter_v1_0_LIGHT_REG_AXI.vhd:217]
CRITICAL WARNING: [Synth 8-3352] multi-driven net Q with 2nd driver pin 'GND' [f:/school/2018-2019/fall/hscd/lab2part2/lab2part2.srcs/sources_1/bd/flash_lights/ipshared/7e61/hdl/light_counter_v1_0_LIGHT_REG_AXI.vhd:217]
CRITICAL WARNING: [Synth 8-5559] multi-driven net Q is connected to constant driver, other driver is ignored [f:/school/2018-2019/fall/hscd/lab2part2/lab2part2.srcs/sources_1/bd/flash_lights/ipshared/7e61/hdl/light_counter_v1_0_LIGHT_REG_AXI.vhd:217]
INFO: [Synth 8-3332] Sequential element (U0/light_counter_v1_0_LIGHT_REG_AXI_inst/slv_reg1_reg[29]) is unused and will be removed from module flash_lights_light_counter_0_0.
CRITICAL WARNING: [Synth 8-3352] multi-driven net Q with 1st driver pin 'U0/light_counter_v1_0_LIGHT_REG_AXI_inst/slv_reg1_reg[29]/Q' [f:/school/2018-2019/fall/hscd/lab2part2/lab2part2.srcs/sources_1/bd/flash_lights/ipshared/7e61/hdl/light_counter_v1_0_LIGHT_REG_AXI.vhd:217]
CRITICAL WARNING: [Synth 8-3352] multi-driven net Q with 2nd driver pin 'GND' [f:/school/2018-2019/fall/hscd/lab2part2/lab2part2.srcs/sources_1/bd/flash_lights/ipshared/7e61/hdl/light_counter_v1_0_LIGHT_REG_AXI.vhd:217]
CRITICAL WARNING: [Synth 8-5559] multi-driven net Q is connected to constant driver, other driver is ignored [f:/school/2018-2019/fall/hscd/lab2part2/lab2part2.srcs/sources_1/bd/flash_lights/ipshared/7e61/hdl/light_counter_v1_0_LIGHT_REG_AXI.vhd:217]
INFO: [Synth 8-3332] Sequential element (U0/light_counter_v1_0_LIGHT_REG_AXI_inst/slv_reg1_reg[28]) is unused and will be removed from module flash_lights_light_counter_0_0.
CRITICAL WARNING: [Synth 8-3352] multi-driven net Q with 1st driver pin 'U0/light_counter_v1_0_LIGHT_REG_AXI_inst/slv_reg1_reg[28]/Q' [f:/school/2018-2019/fall/hscd/lab2part2/lab2part2.srcs/sources_1/bd/flash_lights/ipshared/7e61/hdl/light_counter_v1_0_LIGHT_REG_AXI.vhd:217]
CRITICAL WARNING: [Synth 8-3352] multi-driven net Q with 2nd driver pin 'GND' [f:/school/2018-2019/fall/hscd/lab2part2/lab2part2.srcs/sources_1/bd/flash_lights/ipshared/7e61/hdl/light_counter_v1_0_LIGHT_REG_AXI.vhd:217]
CRITICAL WARNING: [Synth 8-5559] multi-driven net Q is connected to constant driver, other driver is ignored [f:/school/2018-2019/fall/hscd/lab2part2/lab2part2.srcs/sources_1/bd/flash_lights/ipshared/7e61/hdl/light_counter_v1_0_LIGHT_REG_AXI.vhd:217]
INFO: [Synth 8-3332] Sequential element (U0/light_counter_v1_0_LIGHT_REG_AXI_inst/slv_reg1_reg[27]) is unused and will be removed from module flash_lights_light_counter_0_0.
CRITICAL WARNING: [Synth 8-3352] multi-driven net Q with 1st driver pin 'U0/light_counter_v1_0_LIGHT_REG_AXI_inst/slv_reg1_reg[27]/Q' [f:/school/2018-2019/fall/hscd/lab2part2/lab2part2.srcs/sources_1/bd/flash_lights/ipshared/7e61/hdl/light_counter_v1_0_LIGHT_REG_AXI.vhd:217]
CRITICAL WARNING: [Synth 8-3352] multi-driven net Q with 2nd driver pin 'GND' [f:/school/2018-2019/fall/hscd/lab2part2/lab2part2.srcs/sources_1/bd/flash_lights/ipshared/7e61/hdl/light_counter_v1_0_LIGHT_REG_AXI.vhd:217]
CRITICAL WARNING: [Synth 8-5559] multi-driven net Q is connected to constant driver, other driver is ignored [f:/school/2018-2019/fall/hscd/lab2part2/lab2part2.srcs/sources_1/bd/flash_lights/ipshared/7e61/hdl/light_counter_v1_0_LIGHT_REG_AXI.vhd:217]
INFO: [Synth 8-3332] Sequential element (U0/light_counter_v1_0_LIGHT_REG_AXI_inst/slv_reg1_reg[26]) is unused and will be removed from module flash_lights_light_counter_0_0.
CRITICAL WARNING: [Synth 8-3352] multi-driven net Q with 1st driver pin 'U0/light_counter_v1_0_LIGHT_REG_AXI_inst/slv_reg1_reg[26]/Q' [f:/school/2018-2019/fall/hscd/lab2part2/lab2part2.srcs/sources_1/bd/flash_lights/ipshared/7e61/hdl/light_counter_v1_0_LIGHT_REG_AXI.vhd:217]
CRITICAL WARNING: [Synth 8-3352] multi-driven net Q with 2nd driver pin 'GND' [f:/school/2018-2019/fall/hscd/lab2part2/lab2part2.srcs/sources_1/bd/flash_lights/ipshared/7e61/hdl/light_counter_v1_0_LIGHT_REG_AXI.vhd:217]
CRITICAL WARNING: [Synth 8-5559] multi-driven net Q is connected to constant driver, other driver is ignored [f:/school/2018-2019/fall/hscd/lab2part2/lab2part2.srcs/sources_1/bd/flash_lights/ipshared/7e61/hdl/light_counter_v1_0_LIGHT_REG_AXI.vhd:217]
INFO: [Synth 8-3332] Sequential element (U0/light_counter_v1_0_LIGHT_REG_AXI_inst/slv_reg1_reg[25]) is unused and will be removed from module flash_lights_light_counter_0_0.
CRITICAL WARNING: [Synth 8-3352] multi-driven net Q with 1st driver pin 'U0/light_counter_v1_0_LIGHT_REG_AXI_inst/slv_reg1_reg[25]/Q' [f:/school/2018-2019/fall/hscd/lab2part2/lab2part2.srcs/sources_1/bd/flash_lights/ipshared/7e61/hdl/light_counter_v1_0_LIGHT_REG_AXI.vhd:217]
CRITICAL WARNING: [Synth 8-3352] multi-driven net Q with 2nd driver pin 'GND' [f:/school/2018-2019/fall/hscd/lab2part2/lab2part2.srcs/sources_1/bd/flash_lights/ipshared/7e61/hdl/light_counter_v1_0_LIGHT_REG_AXI.vhd:217]
CRITICAL WARNING: [Synth 8-5559] multi-driven net Q is connected to constant driver, other driver is ignored [f:/school/2018-2019/fall/hscd/lab2part2/lab2part2.srcs/sources_1/bd/flash_lights/ipshared/7e61/hdl/light_counter_v1_0_LIGHT_REG_AXI.vhd:217]
INFO: [Synth 8-3332] Sequential element (U0/light_counter_v1_0_LIGHT_REG_AXI_inst/slv_reg1_reg[24]) is unused and will be removed from module flash_lights_light_counter_0_0.
CRITICAL WARNING: [Synth 8-3352] multi-driven net Q with 1st driver pin 'U0/light_counter_v1_0_LIGHT_REG_AXI_inst/slv_reg1_reg[24]/Q' [f:/school/2018-2019/fall/hscd/lab2part2/lab2part2.srcs/sources_1/bd/flash_lights/ipshared/7e61/hdl/light_counter_v1_0_LIGHT_REG_AXI.vhd:217]
CRITICAL WARNING: [Synth 8-3352] multi-driven net Q with 2nd driver pin 'GND' [f:/school/2018-2019/fall/hscd/lab2part2/lab2part2.srcs/sources_1/bd/flash_lights/ipshared/7e61/hdl/light_counter_v1_0_LIGHT_REG_AXI.vhd:217]
CRITICAL WARNING: [Synth 8-5559] multi-driven net Q is connected to constant driver, other driver is ignored [f:/school/2018-2019/fall/hscd/lab2part2/lab2part2.srcs/sources_1/bd/flash_lights/ipshared/7e61/hdl/light_counter_v1_0_LIGHT_REG_AXI.vhd:217]
INFO: [Synth 8-3332] Sequential element (U0/light_counter_v1_0_LIGHT_REG_AXI_inst/slv_reg1_reg[23]) is unused and will be removed from module flash_lights_light_counter_0_0.
CRITICAL WARNING: [Synth 8-3352] multi-driven net Q with 1st driver pin 'U0/light_counter_v1_0_LIGHT_REG_AXI_inst/slv_reg1_reg[23]/Q' [f:/school/2018-2019/fall/hscd/lab2part2/lab2part2.srcs/sources_1/bd/flash_lights/ipshared/7e61/hdl/light_counter_v1_0_LIGHT_REG_AXI.vhd:217]
CRITICAL WARNING: [Synth 8-3352] multi-driven net Q with 2nd driver pin 'GND' [f:/school/2018-2019/fall/hscd/lab2part2/lab2part2.srcs/sources_1/bd/flash_lights/ipshared/7e61/hdl/light_counter_v1_0_LIGHT_REG_AXI.vhd:217]
CRITICAL WARNING: [Synth 8-5559] multi-driven net Q is connected to constant driver, other driver is ignored [f:/school/2018-2019/fall/hscd/lab2part2/lab2part2.srcs/sources_1/bd/flash_lights/ipshared/7e61/hdl/light_counter_v1_0_LIGHT_REG_AXI.vhd:217]
INFO: [Synth 8-3332] Sequential element (U0/light_counter_v1_0_LIGHT_REG_AXI_inst/slv_reg1_reg[22]) is unused and will be removed from module flash_lights_light_counter_0_0.
CRITICAL WARNING: [Synth 8-3352] multi-driven net Q with 1st driver pin 'U0/light_counter_v1_0_LIGHT_REG_AXI_inst/slv_reg1_reg[22]/Q' [f:/school/2018-2019/fall/hscd/lab2part2/lab2part2.srcs/sources_1/bd/flash_lights/ipshared/7e61/hdl/light_counter_v1_0_LIGHT_REG_AXI.vhd:217]
CRITICAL WARNING: [Synth 8-3352] multi-driven net Q with 2nd driver pin 'GND' [f:/school/2018-2019/fall/hscd/lab2part2/lab2part2.srcs/sources_1/bd/flash_lights/ipshared/7e61/hdl/light_counter_v1_0_LIGHT_REG_AXI.vhd:217]
CRITICAL WARNING: [Synth 8-5559] multi-driven net Q is connected to constant driver, other driver is ignored [f:/school/2018-2019/fall/hscd/lab2part2/lab2part2.srcs/sources_1/bd/flash_lights/ipshared/7e61/hdl/light_counter_v1_0_LIGHT_REG_AXI.vhd:217]
INFO: [Synth 8-3332] Sequential element (U0/light_counter_v1_0_LIGHT_REG_AXI_inst/slv_reg1_reg[21]) is unused and will be removed from module flash_lights_light_counter_0_0.
CRITICAL WARNING: [Synth 8-3352] multi-driven net Q with 1st driver pin 'U0/light_counter_v1_0_LIGHT_REG_AXI_inst/slv_reg1_reg[21]/Q' [f:/school/2018-2019/fall/hscd/lab2part2/lab2part2.srcs/sources_1/bd/flash_lights/ipshared/7e61/hdl/light_counter_v1_0_LIGHT_REG_AXI.vhd:217]
CRITICAL WARNING: [Synth 8-3352] multi-driven net Q with 2nd driver pin 'GND' [f:/school/2018-2019/fall/hscd/lab2part2/lab2part2.srcs/sources_1/bd/flash_lights/ipshared/7e61/hdl/light_counter_v1_0_LIGHT_REG_AXI.vhd:217]
CRITICAL WARNING: [Synth 8-5559] multi-driven net Q is connected to constant driver, other driver is ignored [f:/school/2018-2019/fall/hscd/lab2part2/lab2part2.srcs/sources_1/bd/flash_lights/ipshared/7e61/hdl/light_counter_v1_0_LIGHT_REG_AXI.vhd:217]
INFO: [Synth 8-3332] Sequential element (U0/light_counter_v1_0_LIGHT_REG_AXI_inst/slv_reg1_reg[20]) is unused and will be removed from module flash_lights_light_counter_0_0.
CRITICAL WARNING: [Synth 8-3352] multi-driven net Q with 1st driver pin 'U0/light_counter_v1_0_LIGHT_REG_AXI_inst/slv_reg1_reg[20]/Q' [f:/school/2018-2019/fall/hscd/lab2part2/lab2part2.srcs/sources_1/bd/flash_lights/ipshared/7e61/hdl/light_counter_v1_0_LIGHT_REG_AXI.vhd:217]
CRITICAL WARNING: [Synth 8-3352] multi-driven net Q with 2nd driver pin 'GND' [f:/school/2018-2019/fall/hscd/lab2part2/lab2part2.srcs/sources_1/bd/flash_lights/ipshared/7e61/hdl/light_counter_v1_0_LIGHT_REG_AXI.vhd:217]
CRITICAL WARNING: [Synth 8-5559] multi-driven net Q is connected to constant driver, other driver is ignored [f:/school/2018-2019/fall/hscd/lab2part2/lab2part2.srcs/sources_1/bd/flash_lights/ipshared/7e61/hdl/light_counter_v1_0_LIGHT_REG_AXI.vhd:217]
INFO: [Synth 8-3332] Sequential element (U0/light_counter_v1_0_LIGHT_REG_AXI_inst/slv_reg1_reg[19]) is unused and will be removed from module flash_lights_light_counter_0_0.
CRITICAL WARNING: [Synth 8-3352] multi-driven net Q with 1st driver pin 'U0/light_counter_v1_0_LIGHT_REG_AXI_inst/slv_reg1_reg[19]/Q' [f:/school/2018-2019/fall/hscd/lab2part2/lab2part2.srcs/sources_1/bd/flash_lights/ipshared/7e61/hdl/light_counter_v1_0_LIGHT_REG_AXI.vhd:217]
CRITICAL WARNING: [Synth 8-3352] multi-driven net Q with 2nd driver pin 'GND' [f:/school/2018-2019/fall/hscd/lab2part2/lab2part2.srcs/sources_1/bd/flash_lights/ipshared/7e61/hdl/light_counter_v1_0_LIGHT_REG_AXI.vhd:217]
CRITICAL WARNING: [Synth 8-5559] multi-driven net Q is connected to constant driver, other driver is ignored [f:/school/2018-2019/fall/hscd/lab2part2/lab2part2.srcs/sources_1/bd/flash_lights/ipshared/7e61/hdl/light_counter_v1_0_LIGHT_REG_AXI.vhd:217]
INFO: [Synth 8-3332] Sequential element (U0/light_counter_v1_0_LIGHT_REG_AXI_inst/slv_reg1_reg[18]) is unused and will be removed from module flash_lights_light_counter_0_0.
CRITICAL WARNING: [Synth 8-3352] multi-driven net Q with 1st driver pin 'U0/light_counter_v1_0_LIGHT_REG_AXI_inst/slv_reg1_reg[18]/Q' [f:/school/2018-2019/fall/hscd/lab2part2/lab2part2.srcs/sources_1/bd/flash_lights/ipshared/7e61/hdl/light_counter_v1_0_LIGHT_REG_AXI.vhd:217]
CRITICAL WARNING: [Synth 8-3352] multi-driven net Q with 2nd driver pin 'GND' [f:/school/2018-2019/fall/hscd/lab2part2/lab2part2.srcs/sources_1/bd/flash_lights/ipshared/7e61/hdl/light_counter_v1_0_LIGHT_REG_AXI.vhd:217]
CRITICAL WARNING: [Synth 8-5559] multi-driven net Q is connected to constant driver, other driver is ignored [f:/school/2018-2019/fall/hscd/lab2part2/lab2part2.srcs/sources_1/bd/flash_lights/ipshared/7e61/hdl/light_counter_v1_0_LIGHT_REG_AXI.vhd:217]
INFO: [Synth 8-3332] Sequential element (U0/light_counter_v1_0_LIGHT_REG_AXI_inst/slv_reg1_reg[17]) is unused and will be removed from module flash_lights_light_counter_0_0.
CRITICAL WARNING: [Synth 8-3352] multi-driven net Q with 1st driver pin 'U0/light_counter_v1_0_LIGHT_REG_AXI_inst/slv_reg1_reg[17]/Q' [f:/school/2018-2019/fall/hscd/lab2part2/lab2part2.srcs/sources_1/bd/flash_lights/ipshared/7e61/hdl/light_counter_v1_0_LIGHT_REG_AXI.vhd:217]
CRITICAL WARNING: [Synth 8-3352] multi-driven net Q with 2nd driver pin 'GND' [f:/school/2018-2019/fall/hscd/lab2part2/lab2part2.srcs/sources_1/bd/flash_lights/ipshared/7e61/hdl/light_counter_v1_0_LIGHT_REG_AXI.vhd:217]
CRITICAL WARNING: [Synth 8-5559] multi-driven net Q is connected to constant driver, other driver is ignored [f:/school/2018-2019/fall/hscd/lab2part2/lab2part2.srcs/sources_1/bd/flash_lights/ipshared/7e61/hdl/light_counter_v1_0_LIGHT_REG_AXI.vhd:217]
INFO: [Synth 8-3332] Sequential element (U0/light_counter_v1_0_LIGHT_REG_AXI_inst/slv_reg1_reg[16]) is unused and will be removed from module flash_lights_light_counter_0_0.
CRITICAL WARNING: [Synth 8-3352] multi-driven net Q with 1st driver pin 'U0/light_counter_v1_0_LIGHT_REG_AXI_inst/slv_reg1_reg[16]/Q' [f:/school/2018-2019/fall/hscd/lab2part2/lab2part2.srcs/sources_1/bd/flash_lights/ipshared/7e61/hdl/light_counter_v1_0_LIGHT_REG_AXI.vhd:217]
CRITICAL WARNING: [Synth 8-3352] multi-driven net Q with 2nd driver pin 'GND' [f:/school/2018-2019/fall/hscd/lab2part2/lab2part2.srcs/sources_1/bd/flash_lights/ipshared/7e61/hdl/light_counter_v1_0_LIGHT_REG_AXI.vhd:217]
CRITICAL WARNING: [Synth 8-5559] multi-driven net Q is connected to constant driver, other driver is ignored [f:/school/2018-2019/fall/hscd/lab2part2/lab2part2.srcs/sources_1/bd/flash_lights/ipshared/7e61/hdl/light_counter_v1_0_LIGHT_REG_AXI.vhd:217]
INFO: [Synth 8-3332] Sequential element (U0/light_counter_v1_0_LIGHT_REG_AXI_inst/slv_reg1_reg[15]) is unused and will be removed from module flash_lights_light_counter_0_0.
CRITICAL WARNING: [Synth 8-3352] multi-driven net Q with 1st driver pin 'U0/light_counter_v1_0_LIGHT_REG_AXI_inst/slv_reg1_reg[15]/Q' [f:/school/2018-2019/fall/hscd/lab2part2/lab2part2.srcs/sources_1/bd/flash_lights/ipshared/7e61/hdl/light_counter_v1_0_LIGHT_REG_AXI.vhd:217]
CRITICAL WARNING: [Synth 8-3352] multi-driven net Q with 2nd driver pin 'GND' [f:/school/2018-2019/fall/hscd/lab2part2/lab2part2.srcs/sources_1/bd/flash_lights/ipshared/7e61/hdl/light_counter_v1_0_LIGHT_REG_AXI.vhd:217]
CRITICAL WARNING: [Synth 8-5559] multi-driven net Q is connected to constant driver, other driver is ignored [f:/school/2018-2019/fall/hscd/lab2part2/lab2part2.srcs/sources_1/bd/flash_lights/ipshared/7e61/hdl/light_counter_v1_0_LIGHT_REG_AXI.vhd:217]
INFO: [Synth 8-3332] Sequential element (U0/light_counter_v1_0_LIGHT_REG_AXI_inst/slv_reg1_reg[14]) is unused and will be removed from module flash_lights_light_counter_0_0.
CRITICAL WARNING: [Synth 8-3352] multi-driven net Q with 1st driver pin 'U0/light_counter_v1_0_LIGHT_REG_AXI_inst/slv_reg1_reg[14]/Q' [f:/school/2018-2019/fall/hscd/lab2part2/lab2part2.srcs/sources_1/bd/flash_lights/ipshared/7e61/hdl/light_counter_v1_0_LIGHT_REG_AXI.vhd:217]
CRITICAL WARNING: [Synth 8-3352] multi-driven net Q with 2nd driver pin 'GND' [f:/school/2018-2019/fall/hscd/lab2part2/lab2part2.srcs/sources_1/bd/flash_lights/ipshared/7e61/hdl/light_counter_v1_0_LIGHT_REG_AXI.vhd:217]
CRITICAL WARNING: [Synth 8-5559] multi-driven net Q is connected to constant driver, other driver is ignored [f:/school/2018-2019/fall/hscd/lab2part2/lab2part2.srcs/sources_1/bd/flash_lights/ipshared/7e61/hdl/light_counter_v1_0_LIGHT_REG_AXI.vhd:217]
INFO: [Synth 8-3332] Sequential element (U0/light_counter_v1_0_LIGHT_REG_AXI_inst/slv_reg1_reg[13]) is unused and will be removed from module flash_lights_light_counter_0_0.
CRITICAL WARNING: [Synth 8-3352] multi-driven net Q with 1st driver pin 'U0/light_counter_v1_0_LIGHT_REG_AXI_inst/slv_reg1_reg[13]/Q' [f:/school/2018-2019/fall/hscd/lab2part2/lab2part2.srcs/sources_1/bd/flash_lights/ipshared/7e61/hdl/light_counter_v1_0_LIGHT_REG_AXI.vhd:217]
CRITICAL WARNING: [Synth 8-3352] multi-driven net Q with 2nd driver pin 'GND' [f:/school/2018-2019/fall/hscd/lab2part2/lab2part2.srcs/sources_1/bd/flash_lights/ipshared/7e61/hdl/light_counter_v1_0_LIGHT_REG_AXI.vhd:217]
CRITICAL WARNING: [Synth 8-5559] multi-driven net Q is connected to constant driver, other driver is ignored [f:/school/2018-2019/fall/hscd/lab2part2/lab2part2.srcs/sources_1/bd/flash_lights/ipshared/7e61/hdl/light_counter_v1_0_LIGHT_REG_AXI.vhd:217]
INFO: [Synth 8-3332] Sequential element (U0/light_counter_v1_0_LIGHT_REG_AXI_inst/slv_reg1_reg[12]) is unused and will be removed from module flash_lights_light_counter_0_0.
CRITICAL WARNING: [Synth 8-3352] multi-driven net Q with 1st driver pin 'U0/light_counter_v1_0_LIGHT_REG_AXI_inst/slv_reg1_reg[12]/Q' [f:/school/2018-2019/fall/hscd/lab2part2/lab2part2.srcs/sources_1/bd/flash_lights/ipshared/7e61/hdl/light_counter_v1_0_LIGHT_REG_AXI.vhd:217]
CRITICAL WARNING: [Synth 8-3352] multi-driven net Q with 2nd driver pin 'GND' [f:/school/2018-2019/fall/hscd/lab2part2/lab2part2.srcs/sources_1/bd/flash_lights/ipshared/7e61/hdl/light_counter_v1_0_LIGHT_REG_AXI.vhd:217]
CRITICAL WARNING: [Synth 8-5559] multi-driven net Q is connected to constant driver, other driver is ignored [f:/school/2018-2019/fall/hscd/lab2part2/lab2part2.srcs/sources_1/bd/flash_lights/ipshared/7e61/hdl/light_counter_v1_0_LIGHT_REG_AXI.vhd:217]
INFO: [Synth 8-3332] Sequential element (U0/light_counter_v1_0_LIGHT_REG_AXI_inst/slv_reg1_reg[11]) is unused and will be removed from module flash_lights_light_counter_0_0.
CRITICAL WARNING: [Synth 8-3352] multi-driven net Q with 1st driver pin 'U0/light_counter_v1_0_LIGHT_REG_AXI_inst/slv_reg1_reg[11]/Q' [f:/school/2018-2019/fall/hscd/lab2part2/lab2part2.srcs/sources_1/bd/flash_lights/ipshared/7e61/hdl/light_counter_v1_0_LIGHT_REG_AXI.vhd:217]
CRITICAL WARNING: [Synth 8-3352] multi-driven net Q with 2nd driver pin 'GND' [f:/school/2018-2019/fall/hscd/lab2part2/lab2part2.srcs/sources_1/bd/flash_lights/ipshared/7e61/hdl/light_counter_v1_0_LIGHT_REG_AXI.vhd:217]
CRITICAL WARNING: [Synth 8-5559] multi-driven net Q is connected to constant driver, other driver is ignored [f:/school/2018-2019/fall/hscd/lab2part2/lab2part2.srcs/sources_1/bd/flash_lights/ipshared/7e61/hdl/light_counter_v1_0_LIGHT_REG_AXI.vhd:217]
INFO: [Synth 8-3332] Sequential element (U0/light_counter_v1_0_LIGHT_REG_AXI_inst/slv_reg1_reg[10]) is unused and will be removed from module flash_lights_light_counter_0_0.
CRITICAL WARNING: [Synth 8-3352] multi-driven net Q with 1st driver pin 'U0/light_counter_v1_0_LIGHT_REG_AXI_inst/slv_reg1_reg[10]/Q' [f:/school/2018-2019/fall/hscd/lab2part2/lab2part2.srcs/sources_1/bd/flash_lights/ipshared/7e61/hdl/light_counter_v1_0_LIGHT_REG_AXI.vhd:217]
CRITICAL WARNING: [Synth 8-3352] multi-driven net Q with 2nd driver pin 'GND' [f:/school/2018-2019/fall/hscd/lab2part2/lab2part2.srcs/sources_1/bd/flash_lights/ipshared/7e61/hdl/light_counter_v1_0_LIGHT_REG_AXI.vhd:217]
CRITICAL WARNING: [Synth 8-5559] multi-driven net Q is connected to constant driver, other driver is ignored [f:/school/2018-2019/fall/hscd/lab2part2/lab2part2.srcs/sources_1/bd/flash_lights/ipshared/7e61/hdl/light_counter_v1_0_LIGHT_REG_AXI.vhd:217]
INFO: [Synth 8-3332] Sequential element (U0/light_counter_v1_0_LIGHT_REG_AXI_inst/slv_reg1_reg[9]) is unused and will be removed from module flash_lights_light_counter_0_0.
CRITICAL WARNING: [Synth 8-3352] multi-driven net Q with 1st driver pin 'U0/light_counter_v1_0_LIGHT_REG_AXI_inst/slv_reg1_reg[9]/Q' [f:/school/2018-2019/fall/hscd/lab2part2/lab2part2.srcs/sources_1/bd/flash_lights/ipshared/7e61/hdl/light_counter_v1_0_LIGHT_REG_AXI.vhd:217]
CRITICAL WARNING: [Synth 8-3352] multi-driven net Q with 2nd driver pin 'GND' [f:/school/2018-2019/fall/hscd/lab2part2/lab2part2.srcs/sources_1/bd/flash_lights/ipshared/7e61/hdl/light_counter_v1_0_LIGHT_REG_AXI.vhd:217]
CRITICAL WARNING: [Synth 8-5559] multi-driven net Q is connected to constant driver, other driver is ignored [f:/school/2018-2019/fall/hscd/lab2part2/lab2part2.srcs/sources_1/bd/flash_lights/ipshared/7e61/hdl/light_counter_v1_0_LIGHT_REG_AXI.vhd:217]
INFO: [Synth 8-3332] Sequential element (U0/light_counter_v1_0_LIGHT_REG_AXI_inst/slv_reg1_reg[8]) is unused and will be removed from module flash_lights_light_counter_0_0.
CRITICAL WARNING: [Synth 8-3352] multi-driven net Q with 1st driver pin 'U0/light_counter_v1_0_LIGHT_REG_AXI_inst/slv_reg1_reg[8]/Q' [f:/school/2018-2019/fall/hscd/lab2part2/lab2part2.srcs/sources_1/bd/flash_lights/ipshared/7e61/hdl/light_counter_v1_0_LIGHT_REG_AXI.vhd:217]
CRITICAL WARNING: [Synth 8-3352] multi-driven net Q with 2nd driver pin 'GND' [f:/school/2018-2019/fall/hscd/lab2part2/lab2part2.srcs/sources_1/bd/flash_lights/ipshared/7e61/hdl/light_counter_v1_0_LIGHT_REG_AXI.vhd:217]
CRITICAL WARNING: [Synth 8-5559] multi-driven net Q is connected to constant driver, other driver is ignored [f:/school/2018-2019/fall/hscd/lab2part2/lab2part2.srcs/sources_1/bd/flash_lights/ipshared/7e61/hdl/light_counter_v1_0_LIGHT_REG_AXI.vhd:217]
INFO: [Synth 8-3332] Sequential element (U0/light_counter_v1_0_LIGHT_REG_AXI_inst/slv_reg1_reg[7]) is unused and will be removed from module flash_lights_light_counter_0_0.
CRITICAL WARNING: [Synth 8-3352] multi-driven net Q with 1st driver pin 'U0/light_counter_v1_0_LIGHT_REG_AXI_inst/slv_reg1_reg[7]/Q' [f:/school/2018-2019/fall/hscd/lab2part2/lab2part2.srcs/sources_1/bd/flash_lights/ipshared/7e61/hdl/light_counter_v1_0_LIGHT_REG_AXI.vhd:217]
CRITICAL WARNING: [Synth 8-3352] multi-driven net Q with 2nd driver pin 'GND' [f:/school/2018-2019/fall/hscd/lab2part2/lab2part2.srcs/sources_1/bd/flash_lights/ipshared/7e61/hdl/light_counter_v1_0_LIGHT_REG_AXI.vhd:217]
CRITICAL WARNING: [Synth 8-5559] multi-driven net Q is connected to constant driver, other driver is ignored [f:/school/2018-2019/fall/hscd/lab2part2/lab2part2.srcs/sources_1/bd/flash_lights/ipshared/7e61/hdl/light_counter_v1_0_LIGHT_REG_AXI.vhd:217]
INFO: [Synth 8-3332] Sequential element (U0/light_counter_v1_0_LIGHT_REG_AXI_inst/slv_reg1_reg[6]) is unused and will be removed from module flash_lights_light_counter_0_0.
CRITICAL WARNING: [Synth 8-3352] multi-driven net Q with 1st driver pin 'U0/light_counter_v1_0_LIGHT_REG_AXI_inst/slv_reg1_reg[6]/Q' [f:/school/2018-2019/fall/hscd/lab2part2/lab2part2.srcs/sources_1/bd/flash_lights/ipshared/7e61/hdl/light_counter_v1_0_LIGHT_REG_AXI.vhd:217]
CRITICAL WARNING: [Synth 8-3352] multi-driven net Q with 2nd driver pin 'GND' [f:/school/2018-2019/fall/hscd/lab2part2/lab2part2.srcs/sources_1/bd/flash_lights/ipshared/7e61/hdl/light_counter_v1_0_LIGHT_REG_AXI.vhd:217]
CRITICAL WARNING: [Synth 8-5559] multi-driven net Q is connected to constant driver, other driver is ignored [f:/school/2018-2019/fall/hscd/lab2part2/lab2part2.srcs/sources_1/bd/flash_lights/ipshared/7e61/hdl/light_counter_v1_0_LIGHT_REG_AXI.vhd:217]
INFO: [Synth 8-3332] Sequential element (U0/light_counter_v1_0_LIGHT_REG_AXI_inst/aw_en_reg) is unused and will be removed from module flash_lights_light_counter_0_0.
INFO: [Synth 8-3332] Sequential element (U0/light_counter_v1_0_LIGHT_REG_AXI_inst/axi_bresp_reg[1]) is unused and will be removed from module flash_lights_light_counter_0_0.
INFO: [Synth 8-3332] Sequential element (U0/light_counter_v1_0_LIGHT_REG_AXI_inst/axi_araddr_reg[1]) is unused and will be removed from module flash_lights_light_counter_0_0.
INFO: [Synth 8-3332] Sequential element (U0/light_counter_v1_0_LIGHT_REG_AXI_inst/axi_araddr_reg[0]) is unused and will be removed from module flash_lights_light_counter_0_0.
INFO: [Synth 8-3332] Sequential element (U0/light_counter_v1_0_LIGHT_REG_AXI_inst/axi_awaddr_reg[1]) is unused and will be removed from module flash_lights_light_counter_0_0.
INFO: [Synth 8-3332] Sequential element (U0/light_counter_v1_0_LIGHT_REG_AXI_inst/axi_awaddr_reg[0]) is unused and will be removed from module flash_lights_light_counter_0_0.
INFO: [Synth 8-3332] Sequential element (U0/light_counter_v1_0_LIGHT_REG_AXI_inst/axi_rresp_reg[1]) is unused and will be removed from module flash_lights_light_counter_0_0.
---------------------------------------------------------------------------------
Finished Cross Boundary and Area Optimization : Time (s): cpu = 00:00:15 ; elapsed = 00:00:21 . Memory (MB): peak = 833.266 ; gain = 466.516
---------------------------------------------------------------------------------

Report RTL Partitions: 
+-+--------------+------------+----------+
| |RTL Partition |Replication |Instances |
+-+--------------+------------+----------+
+-+--------------+------------+----------+
---------------------------------------------------------------------------------
Start Applying XDC Timing Constraints
---------------------------------------------------------------------------------
---------------------------------------------------------------------------------
Finished Applying XDC Timing Constraints : Time (s): cpu = 00:00:24 ; elapsed = 00:00:34 . Memory (MB): peak = 844.516 ; gain = 477.766
---------------------------------------------------------------------------------
---------------------------------------------------------------------------------
Start Timing Optimization
---------------------------------------------------------------------------------
---------------------------------------------------------------------------------
Finished Timing Optimization : Time (s): cpu = 00:00:24 ; elapsed = 00:00:34 . Memory (MB): peak = 844.730 ; gain = 477.980
---------------------------------------------------------------------------------

Report RTL Partitions: 
+-+--------------+------------+----------+
| |RTL Partition |Replication |Instances |
+-+--------------+------------+----------+
+-+--------------+------------+----------+
---------------------------------------------------------------------------------
Start Technology Mapping
---------------------------------------------------------------------------------
---------------------------------------------------------------------------------
Finished Technology Mapping : Time (s): cpu = 00:00:24 ; elapsed = 00:00:34 . Memory (MB): peak = 854.793 ; gain = 488.043
---------------------------------------------------------------------------------

Report RTL Partitions: 
+-+--------------+------------+----------+
| |RTL Partition |Replication |Instances |
+-+--------------+------------+----------+
+-+--------------+------------+----------+
---------------------------------------------------------------------------------
Start IO Insertion
---------------------------------------------------------------------------------
---------------------------------------------------------------------------------
Start Flattening Before IO Insertion
---------------------------------------------------------------------------------
---------------------------------------------------------------------------------
Finished Flattening Before IO Insertion
---------------------------------------------------------------------------------
---------------------------------------------------------------------------------
Start Final Netlist Cleanup
---------------------------------------------------------------------------------
---------------------------------------------------------------------------------
Finished Final Netlist Cleanup
---------------------------------------------------------------------------------
---------------------------------------------------------------------------------
Finished IO Insertion : Time (s): cpu = 00:00:26 ; elapsed = 00:00:35 . Memory (MB): peak = 854.793 ; gain = 488.043
---------------------------------------------------------------------------------
CRITICAL WARNING: [Synth 8-3352] multi-driven net U0/light_counter_v1_0_LIGHT_REG_AXI_inst/slv_reg1[5] with 1st driver pin 'U0/light_counter_v1_0_LIGHT_REG_AXI_inst/slv_reg1_reg[5]__0/Q' [f:/school/2018-2019/fall/hscd/lab2part2/lab2part2.srcs/sources_1/bd/flash_lights/ipshared/7e61/hdl/light_counter_v1_0_LIGHT_REG_AXI.vhd:217]
CRITICAL WARNING: [Synth 8-3352] multi-driven net U0/light_counter_v1_0_LIGHT_REG_AXI_inst/slv_reg1[5] with 2nd driver pin 'U0/light_counter_v1_0_LIGHT_REG_AXI_inst/slv_reg1_reg[5]/Q' [f:/school/2018-2019/fall/hscd/lab2part2/lab2part2.srcs/sources_1/bd/flash_lights/ipshared/7e61/hdl/light_counter_v1_0_LIGHT_REG_AXI.vhd:397]
CRITICAL WARNING: [Synth 8-3352] multi-driven net U0/light_counter_v1_0_LIGHT_REG_AXI_inst/slv_reg1[4] with 1st driver pin 'U0/light_counter_v1_0_LIGHT_REG_AXI_inst/slv_reg1_reg[4]__0/Q' [f:/school/2018-2019/fall/hscd/lab2part2/lab2part2.srcs/sources_1/bd/flash_lights/ipshared/7e61/hdl/light_counter_v1_0_LIGHT_REG_AXI.vhd:217]
CRITICAL WARNING: [Synth 8-3352] multi-driven net U0/light_counter_v1_0_LIGHT_REG_AXI_inst/slv_reg1[4] with 2nd driver pin 'U0/light_counter_v1_0_LIGHT_REG_AXI_inst/slv_reg1_reg[4]/Q' [f:/school/2018-2019/fall/hscd/lab2part2/lab2part2.srcs/sources_1/bd/flash_lights/ipshared/7e61/hdl/light_counter_v1_0_LIGHT_REG_AXI.vhd:397]
CRITICAL WARNING: [Synth 8-3352] multi-driven net U0/light_counter_v1_0_LIGHT_REG_AXI_inst/slv_reg1[3] with 1st driver pin 'U0/light_counter_v1_0_LIGHT_REG_AXI_inst/slv_reg1_reg[3]__0/Q' [f:/school/2018-2019/fall/hscd/lab2part2/lab2part2.srcs/sources_1/bd/flash_lights/ipshared/7e61/hdl/light_counter_v1_0_LIGHT_REG_AXI.vhd:217]
CRITICAL WARNING: [Synth 8-3352] multi-driven net U0/light_counter_v1_0_LIGHT_REG_AXI_inst/slv_reg1[3] with 2nd driver pin 'U0/light_counter_v1_0_LIGHT_REG_AXI_inst/slv_reg1_reg[3]/Q' [f:/school/2018-2019/fall/hscd/lab2part2/lab2part2.srcs/sources_1/bd/flash_lights/ipshared/7e61/hdl/light_counter_v1_0_LIGHT_REG_AXI.vhd:397]
CRITICAL WARNING: [Synth 8-3352] multi-driven net U0/light_counter_v1_0_LIGHT_REG_AXI_inst/slv_reg1[2] with 1st driver pin 'U0/light_counter_v1_0_LIGHT_REG_AXI_inst/slv_reg1_reg[2]__0/Q' [f:/school/2018-2019/fall/hscd/lab2part2/lab2part2.srcs/sources_1/bd/flash_lights/ipshared/7e61/hdl/light_counter_v1_0_LIGHT_REG_AXI.vhd:217]
CRITICAL WARNING: [Synth 8-3352] multi-driven net U0/light_counter_v1_0_LIGHT_REG_AXI_inst/slv_reg1[2] with 2nd driver pin 'U0/light_counter_v1_0_LIGHT_REG_AXI_inst/slv_reg1_reg[2]/Q' [f:/school/2018-2019/fall/hscd/lab2part2/lab2part2.srcs/sources_1/bd/flash_lights/ipshared/7e61/hdl/light_counter_v1_0_LIGHT_REG_AXI.vhd:397]
CRITICAL WARNING: [Synth 8-3352] multi-driven net U0/light_counter_v1_0_LIGHT_REG_AXI_inst/slv_reg1[1] with 1st driver pin 'U0/light_counter_v1_0_LIGHT_REG_AXI_inst/slv_reg1_reg[1]__0/Q' [f:/school/2018-2019/fall/hscd/lab2part2/lab2part2.srcs/sources_1/bd/flash_lights/ipshared/7e61/hdl/light_counter_v1_0_LIGHT_REG_AXI.vhd:217]
CRITICAL WARNING: [Synth 8-3352] multi-driven net U0/light_counter_v1_0_LIGHT_REG_AXI_inst/slv_reg1[1] with 2nd driver pin 'U0/light_counter_v1_0_LIGHT_REG_AXI_inst/slv_reg1_reg[1]/Q' [f:/school/2018-2019/fall/hscd/lab2part2/lab2part2.srcs/sources_1/bd/flash_lights/ipshared/7e61/hdl/light_counter_v1_0_LIGHT_REG_AXI.vhd:397]
CRITICAL WARNING: [Synth 8-3352] multi-driven net U0/light_counter_v1_0_LIGHT_REG_AXI_inst/slv_reg1[0] with 1st driver pin 'U0/light_counter_v1_0_LIGHT_REG_AXI_inst/slv_reg1_reg[0]__0/Q' [f:/school/2018-2019/fall/hscd/lab2part2/lab2part2.srcs/sources_1/bd/flash_lights/ipshared/7e61/hdl/light_counter_v1_0_LIGHT_REG_AXI.vhd:217]
CRITICAL WARNING: [Synth 8-3352] multi-driven net U0/light_counter_v1_0_LIGHT_REG_AXI_inst/slv_reg1[0] with 2nd driver pin 'U0/light_counter_v1_0_LIGHT_REG_AXI_inst/slv_reg1_reg[0]/Q' [f:/school/2018-2019/fall/hscd/lab2part2/lab2part2.srcs/sources_1/bd/flash_lights/ipshared/7e61/hdl/light_counter_v1_0_LIGHT_REG_AXI.vhd:397]

Report Check Netlist: 
+------+------------------+-------+---------+-------+------------------+
|      |Item              |Errors |Warnings |Status |Description       |
+------+------------------+-------+---------+-------+------------------+
|1     |multi_driven_nets |      0|        6|Failed |Multi driven nets |
+------+------------------+-------+---------+-------+------------------+
---------------------------------------------------------------------------------
Start Renaming Generated Instances
---------------------------------------------------------------------------------
---------------------------------------------------------------------------------
Finished Renaming Generated Instances : Time (s): cpu = 00:00:26 ; elapsed = 00:00:35 . Memory (MB): peak = 854.793 ; gain = 488.043
---------------------------------------------------------------------------------

Report RTL Partitions: 
+-+--------------+------------+----------+
| |RTL Partition |Replication |Instances |
+-+--------------+------------+----------+
+-+--------------+------------+----------+
---------------------------------------------------------------------------------
Start Rebuilding User Hierarchy
---------------------------------------------------------------------------------
---------------------------------------------------------------------------------
Finished Rebuilding User Hierarchy : Time (s): cpu = 00:00:26 ; elapsed = 00:00:35 . Memory (MB): peak = 854.793 ; gain = 488.043
---------------------------------------------------------------------------------
---------------------------------------------------------------------------------
Start Renaming Generated Ports
---------------------------------------------------------------------------------
---------------------------------------------------------------------------------
Finished Renaming Generated Ports : Time (s): cpu = 00:00:26 ; elapsed = 00:00:35 . Memory (MB): peak = 854.793 ; gain = 488.043
---------------------------------------------------------------------------------
---------------------------------------------------------------------------------
Start Handling Custom Attributes
---------------------------------------------------------------------------------
---------------------------------------------------------------------------------
Finished Handling Custom Attributes : Time (s): cpu = 00:00:26 ; elapsed = 00:00:35 . Memory (MB): peak = 854.793 ; gain = 488.043
---------------------------------------------------------------------------------
---------------------------------------------------------------------------------
Start Renaming Generated Nets
---------------------------------------------------------------------------------
---------------------------------------------------------------------------------
Finished Renaming Generated Nets : Time (s): cpu = 00:00:26 ; elapsed = 00:00:35 . Memory (MB): peak = 854.793 ; gain = 488.043
---------------------------------------------------------------------------------
---------------------------------------------------------------------------------
Start Writing Synthesis Report
---------------------------------------------------------------------------------

Report BlackBoxes: 
+-+--------------+----------+
| |BlackBox name |Instances |
+-+--------------+----------+
+-+--------------+----------+

Report Cell Usage: 
+------+-------+------+
|      |Cell   |Count |
+------+-------+------+
|1     |CARRY4 |    20|
|2     |LUT1   |     3|
|3     |LUT2   |     2|
|4     |LUT3   |     4|
|5     |LUT4   |    50|
|6     |LUT5   |    29|
|7     |LUT6   |     8|
|8     |FDRE   |   185|
|9     |FDSE   |     2|
+------+-------+------+

Report Instance Areas: 
+------+------------------------------------------+---------------------------------+------+
|      |Instance                                  |Module                           |Cells |
+------+------------------------------------------+---------------------------------+------+
|1     |top                                       |                                 |   303|
|2     |  U0                                      |light_counter_v1_0               |   303|
|3     |    light_counter_v1_0_LIGHT_REG_AXI_inst |light_counter_v1_0_LIGHT_REG_AXI |   303|
+------+------------------------------------------+---------------------------------+------+
---------------------------------------------------------------------------------
Finished Writing Synthesis Report : Time (s): cpu = 00:00:26 ; elapsed = 00:00:35 . Memory (MB): peak = 854.793 ; gain = 488.043
---------------------------------------------------------------------------------
Synthesis finished with 0 errors, 90 critical warnings and 6 warnings.
Synthesis Optimization Runtime : Time (s): cpu = 00:00:15 ; elapsed = 00:00:25 . Memory (MB): peak = 854.793 ; gain = 171.301
Synthesis Optimization Complete : Time (s): cpu = 00:00:26 ; elapsed = 00:00:35 . Memory (MB): peak = 854.793 ; gain = 488.043
INFO: [Project 1-571] Translating synthesized netlist
INFO: [Netlist 29-17] Analyzing 20 Unisim elements for replacement
INFO: [Netlist 29-28] Unisim Transformation completed in 0 CPU seconds
INFO: [Project 1-570] Preparing netlist for logic optimization
INFO: [Opt 31-138] Pushed 0 inverter(s) to 0 load pin(s).
INFO: [Project 1-111] Unisim Transformation Summary:
No Unisim elements were transformed.

INFO: [Common 17-83] Releasing license: Synthesis
59 Infos, 14 Warnings, 90 Critical Warnings and 0 Errors encountered.
synth_design completed successfully
synth_design: Time (s): cpu = 00:00:28 ; elapsed = 00:00:38 . Memory (MB): peak = 866.891 ; gain = 511.613
WARNING: [Constraints 18-5210] No constraint will be written out.
INFO: [Common 17-1381] The checkpoint 'F:/school/2018-2019/fall/hscd/lab2part2/lab2part2.runs/flash_lights_light_counter_0_0_synth_1/flash_lights_light_counter_0_0.dcp' has been generated.
