17:30:03 INFO  : Registering command handlers for SDK TCF services
17:30:04 INFO  : Launching XSCT server: xsct.bat -interactive F:\SchoolWork\2019\HSCD\ZYBO_getting_started\ZYBO_getting_started.sdk\temp_xsdb_launch_script.tcl
17:30:06 INFO  : XSCT server has started successfully.
17:30:07 INFO  : Processing command line option -hwspec F:/SchoolWork/2019/HSCD/ZYBO_getting_started/ZYBO_getting_started.sdk/design_1_wrapper.hdf.
17:30:07 INFO  : Successfully done setting XSCT server connection channel  
17:30:07 INFO  : Successfully done setting SDK workspace  
17:31:25 INFO  : Registering command handlers for SDK TCF services
17:31:26 INFO  : Launching XSCT server: xsct.bat -interactive F:\SchoolWork\2019\HSCD\ZYBO_getting_started\ZYBO_getting_started.sdk\temp_xsdb_launch_script.tcl
17:31:28 INFO  : XSCT server has started successfully.
17:31:28 INFO  : Processing command line option -hwspec F:/SchoolWork/2019/HSCD/ZYBO_getting_started/ZYBO_getting_started.sdk/design_1_wrapper.hdf.
17:31:28 INFO  : Successfully done setting XSCT server connection channel  
17:31:28 INFO  : Successfully done setting SDK workspace  
17:31:28 INFO  : Checking for hwspec changes in the project design_1_wrapper_hw_platform_0.
17:33:44 INFO  : Connected to target on host '127.0.0.1' and port '3121'.
17:33:46 INFO  : 'targets -set -filter {jtag_cable_name =~ "Digilent Zybo 210279787440A" && level==0} -index 1' command is executed.
17:33:47 INFO  : FPGA configured successfully with bitstream "F:/SchoolWork/2019/HSCD/ZYBO_getting_started/ZYBO_getting_started.sdk/design_1_wrapper_hw_platform_0/design_1_wrapper.bit"
17:34:13 INFO  : 'targets -set -filter {jtag_cable_name =~ "Digilent Zybo 210279787440A" && level==0} -index 1' command is executed.
17:34:13 INFO  : 'fpga -state' command is executed.
17:34:13 INFO  : Connected to target on host '127.0.0.1' and port '3121'.
17:34:13 INFO  : Jtag cable 'Digilent Zybo 210279787440A' is selected.
17:34:13 INFO  : 'jtag frequency' command is executed.
17:34:13 INFO  : Sourcing of 'F:/SchoolWork/2019/HSCD/ZYBO_getting_started/ZYBO_getting_started.sdk/design_1_wrapper_hw_platform_0/ps7_init.tcl' is done.
17:34:13 INFO  : Context for 'APU' is selected.
17:34:13 INFO  : Hardware design information is loaded from 'F:/SchoolWork/2019/HSCD/ZYBO_getting_started/ZYBO_getting_started.sdk/design_1_wrapper_hw_platform_0/system.hdf'.
17:34:13 INFO  : 'configparams force-mem-access 1' command is executed.
17:34:13 INFO  : Context for 'APU' is selected.
17:34:13 INFO  : 'stop' command is executed.
17:34:14 INFO  : 'ps7_init' command is executed.
17:34:14 INFO  : 'ps7_post_config' command is executed.
17:34:14 INFO  : Context for processor 'ps7_cortexa9_0' is selected.
17:34:14 INFO  : Processor reset is completed for 'ps7_cortexa9_0'.
17:34:14 INFO  : Context for processor 'ps7_cortexa9_0' is selected.
17:34:14 INFO  : The application 'F:/SchoolWork/2019/HSCD/ZYBO_getting_started/ZYBO_getting_started.sdk/getting_started_with_ZYBO/Debug/getting_started_with_ZYBO.elf' is downloaded to processor 'ps7_cortexa9_0'.
17:34:14 INFO  : 'configparams force-mem-access 0' command is executed.
17:34:14 INFO  : ----------------XSDB Script----------------
connect -url tcp:127.0.0.1:3121
source F:/SchoolWork/2019/HSCD/ZYBO_getting_started/ZYBO_getting_started.sdk/design_1_wrapper_hw_platform_0/ps7_init.tcl
targets -set -nocase -filter {name =~"APU*" && jtag_cable_name =~ "Digilent Zybo 210279787440A"} -index 0
loadhw -hw F:/SchoolWork/2019/HSCD/ZYBO_getting_started/ZYBO_getting_started.sdk/design_1_wrapper_hw_platform_0/system.hdf -mem-ranges [list {0x40000000 0xbfffffff}]
configparams force-mem-access 1
targets -set -nocase -filter {name =~"APU*" && jtag_cable_name =~ "Digilent Zybo 210279787440A"} -index 0
stop
ps7_init
ps7_post_config
targets -set -nocase -filter {name =~ "ARM*#0" && jtag_cable_name =~ "Digilent Zybo 210279787440A"} -index 0
rst -processor
targets -set -nocase -filter {name =~ "ARM*#0" && jtag_cable_name =~ "Digilent Zybo 210279787440A"} -index 0
dow F:/SchoolWork/2019/HSCD/ZYBO_getting_started/ZYBO_getting_started.sdk/getting_started_with_ZYBO/Debug/getting_started_with_ZYBO.elf
configparams force-mem-access 0
----------------End of Script----------------

17:34:14 INFO  : Memory regions updated for context APU
17:34:14 INFO  : Context for processor 'ps7_cortexa9_0' is selected.
17:34:14 INFO  : 'con' command is executed.
17:34:14 INFO  : ----------------XSDB Script (After Launch)----------------
targets -set -nocase -filter {name =~ "ARM*#0" && jtag_cable_name =~ "Digilent Zybo 210279787440A"} -index 0
con
----------------End of Script----------------

17:34:14 INFO  : Launch script is exported to file 'F:\SchoolWork\2019\HSCD\ZYBO_getting_started\ZYBO_getting_started.sdk\.sdk\launch_scripts\xilinx_c-c++_application_(system_debugger)\system_debugger_using_debug_getting_started_with_zybo.elf_on_local.tcl'
18:45:17 INFO  : Disconnected from the channel tcfchan#1.
13:15:29 INFO  : Registering command handlers for SDK TCF services
13:15:30 INFO  : Launching XSCT server: xsct.bat -interactive F:\SchoolWork\2019\HSCD\ZYBO_getting_started\ZYBO_getting_started.sdk\temp_xsdb_launch_script.tcl
13:15:35 INFO  : XSCT server has started successfully.
13:15:41 INFO  : Successfully done setting XSCT server connection channel  
13:15:41 INFO  : Successfully done setting SDK workspace  
13:15:42 INFO  : Processing command line option -hwspec F:/SchoolWork/2019/HSCD/ZYBO_getting_started/ZYBO_getting_started.sdk/design_1_wrapper.hdf.
13:15:42 INFO  : Checking for hwspec changes in the project design_1_wrapper_hw_platform_0.
13:16:17 INFO  : Connected to target on host '127.0.0.1' and port '3121'.
13:16:19 INFO  : 'targets -set -filter {jtag_cable_name =~ "Digilent Zybo 210279787440A" && level==0} -index 1' command is executed.
13:16:20 INFO  : FPGA configured successfully with bitstream "F:/SchoolWork/2019/HSCD/ZYBO_getting_started/ZYBO_getting_started.sdk/design_1_wrapper_hw_platform_0/design_1_wrapper.bit"
13:16:40 INFO  : 'targets -set -filter {jtag_cable_name =~ "Digilent Zybo 210279787440A" && level==0} -index 1' command is executed.
13:16:40 INFO  : 'fpga -state' command is executed.
13:16:40 INFO  : Connected to target on host '127.0.0.1' and port '3121'.
13:16:41 INFO  : Jtag cable 'Digilent Zybo 210279787440A' is selected.
13:16:41 INFO  : 'jtag frequency' command is executed.
13:16:41 INFO  : Sourcing of 'F:/SchoolWork/2019/HSCD/ZYBO_getting_started/ZYBO_getting_started.sdk/design_1_wrapper_hw_platform_0/ps7_init.tcl' is done.
13:16:41 INFO  : Context for 'APU' is selected.
13:16:41 INFO  : Hardware design information is loaded from 'F:/SchoolWork/2019/HSCD/ZYBO_getting_started/ZYBO_getting_started.sdk/design_1_wrapper_hw_platform_0/system.hdf'.
13:16:41 INFO  : 'configparams force-mem-access 1' command is executed.
13:16:41 INFO  : Context for 'APU' is selected.
13:16:41 INFO  : 'stop' command is executed.
13:16:41 INFO  : 'ps7_init' command is executed.
13:16:41 INFO  : 'ps7_post_config' command is executed.
13:16:41 INFO  : Context for processor 'ps7_cortexa9_0' is selected.
13:16:41 INFO  : Processor reset is completed for 'ps7_cortexa9_0'.
13:16:41 INFO  : Context for processor 'ps7_cortexa9_0' is selected.
13:16:41 INFO  : The application 'F:/SchoolWork/2019/HSCD/ZYBO_getting_started/ZYBO_getting_started.sdk/getting_started_with_ZYBO/Debug/getting_started_with_ZYBO.elf' is downloaded to processor 'ps7_cortexa9_0'.
13:16:41 INFO  : 'configparams force-mem-access 0' command is executed.
13:16:41 INFO  : ----------------XSDB Script----------------
connect -url tcp:127.0.0.1:3121
source F:/SchoolWork/2019/HSCD/ZYBO_getting_started/ZYBO_getting_started.sdk/design_1_wrapper_hw_platform_0/ps7_init.tcl
targets -set -nocase -filter {name =~"APU*" && jtag_cable_name =~ "Digilent Zybo 210279787440A"} -index 0
loadhw -hw F:/SchoolWork/2019/HSCD/ZYBO_getting_started/ZYBO_getting_started.sdk/design_1_wrapper_hw_platform_0/system.hdf -mem-ranges [list {0x40000000 0xbfffffff}]
configparams force-mem-access 1
targets -set -nocase -filter {name =~"APU*" && jtag_cable_name =~ "Digilent Zybo 210279787440A"} -index 0
stop
ps7_init
ps7_post_config
targets -set -nocase -filter {name =~ "ARM*#0" && jtag_cable_name =~ "Digilent Zybo 210279787440A"} -index 0
rst -processor
targets -set -nocase -filter {name =~ "ARM*#0" && jtag_cable_name =~ "Digilent Zybo 210279787440A"} -index 0
dow F:/SchoolWork/2019/HSCD/ZYBO_getting_started/ZYBO_getting_started.sdk/getting_started_with_ZYBO/Debug/getting_started_with_ZYBO.elf
configparams force-mem-access 0
----------------End of Script----------------

13:16:42 INFO  : Memory regions updated for context APU
13:16:42 INFO  : Context for processor 'ps7_cortexa9_0' is selected.
13:16:42 INFO  : 'con' command is executed.
13:16:42 INFO  : ----------------XSDB Script (After Launch)----------------
targets -set -nocase -filter {name =~ "ARM*#0" && jtag_cable_name =~ "Digilent Zybo 210279787440A"} -index 0
con
----------------End of Script----------------

13:16:42 INFO  : Launch script is exported to file 'F:\SchoolWork\2019\HSCD\ZYBO_getting_started\ZYBO_getting_started.sdk\.sdk\launch_scripts\xilinx_c-c++_application_(system_debugger)\system_debugger_using_debug_getting_started_with_zybo.elf_on_local.tcl'
15:27:55 INFO  : Disconnected from the channel tcfchan#1.
