
*** Running vivado
    with args -log flash_lights_light_counter_0_0.vds -m64 -product Vivado -mode batch -messageDb vivado.pb -notrace -source flash_lights_light_counter_0_0.tcl


****** Vivado v2018.2 (64-bit)
  **** SW Build 2258646 on Thu Jun 14 20:03:12 MDT 2018
  **** IP Build 2256618 on Thu Jun 14 22:10:49 MDT 2018
    ** Copyright 1986-2018 Xilinx, Inc. All Rights Reserved.

source flash_lights_light_counter_0_0.tcl -notrace
Command: synth_design -top flash_lights_light_counter_0_0 -part xc7z010clg400-1 -mode out_of_context
Starting synth_design
Attempting to get a license for feature 'Synthesis' and/or device 'xc7z010'
INFO: [Common 17-349] Got license for feature 'Synthesis' and/or device 'xc7z010'
INFO: Launching helper process for spawning children vivado processes
INFO: Helper process launched with PID 12864 
---------------------------------------------------------------------------------
Starting RTL Elaboration : Time (s): cpu = 00:00:02 ; elapsed = 00:00:03 . Memory (MB): peak = 461.012 ; gain = 94.324
---------------------------------------------------------------------------------
INFO: [Synth 8-638] synthesizing module 'flash_lights_light_counter_0_0' [f:/school/2018-2019/fall/hscd/lab2part2/lab2part2.srcs/sources_1/bd/flash_lights/ip/flash_lights_light_counter_0_0/synth/flash_lights_light_counter_0_0.vhd:82]
	Parameter C_LIGHT_REG_AXI_DATA_WIDTH bound to: 32 - type: integer 
	Parameter C_LIGHT_REG_AXI_ADDR_WIDTH bound to: 4 - type: integer 
INFO: [Synth 8-3491] module 'light_counter_v1_0' declared at 'f:/school/2018-2019/fall/hscd/lab2part2/lab2part2.srcs/sources_1/bd/flash_lights/ipshared/e9c3/hdl/light_counter_v1_0.vhd:5' bound to instance 'U0' of component 'light_counter_v1_0' [f:/school/2018-2019/fall/hscd/lab2part2/lab2part2.srcs/sources_1/bd/flash_lights/ip/flash_lights_light_counter_0_0/synth/flash_lights_light_counter_0_0.vhd:148]
INFO: [Synth 8-638] synthesizing module 'light_counter_v1_0' [f:/school/2018-2019/fall/hscd/lab2part2/lab2part2.srcs/sources_1/bd/flash_lights/ipshared/e9c3/hdl/light_counter_v1_0.vhd:49]
	Parameter C_LIGHT_REG_AXI_DATA_WIDTH bound to: 32 - type: integer 
	Parameter C_LIGHT_REG_AXI_ADDR_WIDTH bound to: 4 - type: integer 
	Parameter C_S_AXI_DATA_WIDTH bound to: 32 - type: integer 
	Parameter C_S_AXI_ADDR_WIDTH bound to: 4 - type: integer 
INFO: [Synth 8-3491] module 'light_counter_v1_0_LIGHT_REG_AXI' declared at 'f:/school/2018-2019/fall/hscd/lab2part2/lab2part2.srcs/sources_1/bd/flash_lights/ipshared/e9c3/hdl/light_counter_v1_0_LIGHT_REG_AXI.vhd:5' bound to instance 'light_counter_v1_0_LIGHT_REG_AXI_inst' of component 'light_counter_v1_0_LIGHT_REG_AXI' [f:/school/2018-2019/fall/hscd/lab2part2/lab2part2.srcs/sources_1/bd/flash_lights/ipshared/e9c3/hdl/light_counter_v1_0.vhd:85]
INFO: [Synth 8-638] synthesizing module 'light_counter_v1_0_LIGHT_REG_AXI' [f:/school/2018-2019/fall/hscd/lab2part2/lab2part2.srcs/sources_1/bd/flash_lights/ipshared/e9c3/hdl/light_counter_v1_0_LIGHT_REG_AXI.vhd:85]
	Parameter C_S_AXI_DATA_WIDTH bound to: 32 - type: integer 
	Parameter C_S_AXI_ADDR_WIDTH bound to: 4 - type: integer 
INFO: [Synth 8-226] default block is never used [f:/school/2018-2019/fall/hscd/lab2part2/lab2part2.srcs/sources_1/bd/flash_lights/ipshared/e9c3/hdl/light_counter_v1_0_LIGHT_REG_AXI.vhd:224]
INFO: [Synth 8-226] default block is never used [f:/school/2018-2019/fall/hscd/lab2part2/lab2part2.srcs/sources_1/bd/flash_lights/ipshared/e9c3/hdl/light_counter_v1_0_LIGHT_REG_AXI.vhd:355]
WARNING: [Synth 8-614] signal 'temp_slv_reg1' is read in the process but is not in the sensitivity list [f:/school/2018-2019/fall/hscd/lab2part2/lab2part2.srcs/sources_1/bd/flash_lights/ipshared/e9c3/hdl/light_counter_v1_0_LIGHT_REG_AXI.vhd:350]
WARNING: [Synth 8-6014] Unused sequential element loc_addr_reg was removed.  [f:/school/2018-2019/fall/hscd/lab2part2/lab2part2.srcs/sources_1/bd/flash_lights/ipshared/e9c3/hdl/light_counter_v1_0_LIGHT_REG_AXI.vhd:222]
INFO: [Synth 8-256] done synthesizing module 'light_counter_v1_0_LIGHT_REG_AXI' (1#1) [f:/school/2018-2019/fall/hscd/lab2part2/lab2part2.srcs/sources_1/bd/flash_lights/ipshared/e9c3/hdl/light_counter_v1_0_LIGHT_REG_AXI.vhd:85]
INFO: [Synth 8-256] done synthesizing module 'light_counter_v1_0' (2#1) [f:/school/2018-2019/fall/hscd/lab2part2/lab2part2.srcs/sources_1/bd/flash_lights/ipshared/e9c3/hdl/light_counter_v1_0.vhd:49]
INFO: [Synth 8-256] done synthesizing module 'flash_lights_light_counter_0_0' (3#1) [f:/school/2018-2019/fall/hscd/lab2part2/lab2part2.srcs/sources_1/bd/flash_lights/ip/flash_lights_light_counter_0_0/synth/flash_lights_light_counter_0_0.vhd:82]
WARNING: [Synth 8-3331] design light_counter_v1_0_LIGHT_REG_AXI has unconnected port S_AXI_AWPROT[2]
WARNING: [Synth 8-3331] design light_counter_v1_0_LIGHT_REG_AXI has unconnected port S_AXI_AWPROT[1]
WARNING: [Synth 8-3331] design light_counter_v1_0_LIGHT_REG_AXI has unconnected port S_AXI_AWPROT[0]
WARNING: [Synth 8-3331] design light_counter_v1_0_LIGHT_REG_AXI has unconnected port S_AXI_ARPROT[2]
WARNING: [Synth 8-3331] design light_counter_v1_0_LIGHT_REG_AXI has unconnected port S_AXI_ARPROT[1]
WARNING: [Synth 8-3331] design light_counter_v1_0_LIGHT_REG_AXI has unconnected port S_AXI_ARPROT[0]
---------------------------------------------------------------------------------
Finished RTL Elaboration : Time (s): cpu = 00:00:03 ; elapsed = 00:00:05 . Memory (MB): peak = 516.270 ; gain = 149.582
---------------------------------------------------------------------------------

Report Check Netlist: 
+------+------------------+-------+---------+-------+------------------+
|      |Item              |Errors |Warnings |Status |Description       |
+------+------------------+-------+---------+-------+------------------+
|1     |multi_driven_nets |      0|        0|Passed |Multi driven nets |
+------+------------------+-------+---------+-------+------------------+
---------------------------------------------------------------------------------
Start Handling Custom Attributes
---------------------------------------------------------------------------------
---------------------------------------------------------------------------------
Finished Handling Custom Attributes : Time (s): cpu = 00:00:03 ; elapsed = 00:00:05 . Memory (MB): peak = 516.270 ; gain = 149.582
---------------------------------------------------------------------------------
---------------------------------------------------------------------------------
Finished RTL Optimization Phase 1 : Time (s): cpu = 00:00:03 ; elapsed = 00:00:05 . Memory (MB): peak = 516.270 ; gain = 149.582
---------------------------------------------------------------------------------
INFO: [Device 21-403] Loading part xc7z010clg400-1
INFO: [Project 1-570] Preparing netlist for logic optimization

Processing XDC Constraints
Initializing timing engine
Completed Processing XDC Constraints

INFO: [Project 1-111] Unisim Transformation Summary:
No Unisim elements were transformed.

WARNING: [Constraints 18-5210] No constraint will be written out.
Constraint Validation Runtime : Time (s): cpu = 00:00:00 ; elapsed = 00:00:00.080 . Memory (MB): peak = 838.367 ; gain = 2.418
---------------------------------------------------------------------------------
Finished Constraint Validation : Time (s): cpu = 00:00:12 ; elapsed = 00:00:17 . Memory (MB): peak = 838.367 ; gain = 471.680
---------------------------------------------------------------------------------
---------------------------------------------------------------------------------
Start Loading Part and Timing Information
---------------------------------------------------------------------------------
Loading part: xc7z010clg400-1
---------------------------------------------------------------------------------
Finished Loading Part and Timing Information : Time (s): cpu = 00:00:12 ; elapsed = 00:00:17 . Memory (MB): peak = 838.367 ; gain = 471.680
---------------------------------------------------------------------------------
---------------------------------------------------------------------------------
Start Applying 'set_property' XDC Constraints
---------------------------------------------------------------------------------
---------------------------------------------------------------------------------
Finished applying 'set_property' XDC Constraints : Time (s): cpu = 00:00:12 ; elapsed = 00:00:17 . Memory (MB): peak = 838.367 ; gain = 471.680
---------------------------------------------------------------------------------
---------------------------------------------------------------------------------
Finished RTL Optimization Phase 2 : Time (s): cpu = 00:00:12 ; elapsed = 00:00:17 . Memory (MB): peak = 838.367 ; gain = 471.680
---------------------------------------------------------------------------------

Report RTL Partitions: 
+-+--------------+------------+----------+
| |RTL Partition |Replication |Instances |
+-+--------------+------------+----------+
+-+--------------+------------+----------+
---------------------------------------------------------------------------------
Start RTL Component Statistics 
---------------------------------------------------------------------------------
Detailed RTL Component Info : 
+---Adders : 
	   2 Input     31 Bit       Adders := 2     
+---Registers : 
	               32 Bit    Registers := 5     
	                4 Bit    Registers := 2     
	                2 Bit    Registers := 2     
	                1 Bit    Registers := 6     
+---Muxes : 
	   2 Input     32 Bit        Muxes := 4     
	   4 Input     32 Bit        Muxes := 4     
	   2 Input      1 Bit        Muxes := 5     
---------------------------------------------------------------------------------
Finished RTL Component Statistics 
---------------------------------------------------------------------------------
---------------------------------------------------------------------------------
Start RTL Hierarchical Component Statistics 
---------------------------------------------------------------------------------
Hierarchical RTL Component report 
Module light_counter_v1_0_LIGHT_REG_AXI 
Detailed RTL Component Info : 
+---Adders : 
	   2 Input     31 Bit       Adders := 2     
+---Registers : 
	               32 Bit    Registers := 5     
	                4 Bit    Registers := 2     
	                2 Bit    Registers := 2     
	                1 Bit    Registers := 6     
+---Muxes : 
	   2 Input     32 Bit        Muxes := 4     
	   4 Input     32 Bit        Muxes := 4     
	   2 Input      1 Bit        Muxes := 5     
---------------------------------------------------------------------------------
Finished RTL Hierarchical Component Statistics
---------------------------------------------------------------------------------
---------------------------------------------------------------------------------
Start Part Resource Summary
---------------------------------------------------------------------------------
Part Resources:
DSPs: 80 (col length:40)
BRAMs: 120 (col length: RAMB18 40 RAMB36 20)
---------------------------------------------------------------------------------
Finished Part Resource Summary
---------------------------------------------------------------------------------
---------------------------------------------------------------------------------
Start Cross Boundary and Area Optimization
---------------------------------------------------------------------------------
Warning: Parallel synthesis criteria is not met 
WARNING: [Synth 8-3331] design flash_lights_light_counter_0_0 has unconnected port light_reg_axi_awprot[2]
WARNING: [Synth 8-3331] design flash_lights_light_counter_0_0 has unconnected port light_reg_axi_awprot[1]
WARNING: [Synth 8-3331] design flash_lights_light_counter_0_0 has unconnected port light_reg_axi_awprot[0]
WARNING: [Synth 8-3331] design flash_lights_light_counter_0_0 has unconnected port light_reg_axi_arprot[2]
WARNING: [Synth 8-3331] design flash_lights_light_counter_0_0 has unconnected port light_reg_axi_arprot[1]
WARNING: [Synth 8-3331] design flash_lights_light_counter_0_0 has unconnected port light_reg_axi_arprot[0]
INFO: [Synth 8-3333] propagating constant 1 across sequential element (\U0/light_counter_v1_0_LIGHT_REG_AXI_inst/aw_en_reg )
INFO: [Synth 8-3886] merging instance 'U0/light_counter_v1_0_LIGHT_REG_AXI_inst/axi_rresp_reg[0]' (FDRE) to 'U0/light_counter_v1_0_LIGHT_REG_AXI_inst/axi_rresp_reg[1]'
INFO: [Synth 8-3333] propagating constant 0 across sequential element (\U0/light_counter_v1_0_LIGHT_REG_AXI_inst/axi_rresp_reg[1] )
INFO: [Synth 8-3886] merging instance 'U0/light_counter_v1_0_LIGHT_REG_AXI_inst/axi_bresp_reg[0]' (FDRE) to 'U0/light_counter_v1_0_LIGHT_REG_AXI_inst/axi_bresp_reg[1]'
INFO: [Synth 8-3333] propagating constant 0 across sequential element (\U0/light_counter_v1_0_LIGHT_REG_AXI_inst/axi_bresp_reg[1] )
INFO: [Synth 8-3332] Sequential element (U0/light_counter_v1_0_LIGHT_REG_AXI_inst/temp_slv_reg1_reg[31]) is unused and will be removed from module flash_lights_light_counter_0_0.
CRITICAL WARNING: [Synth 8-3352] multi-driven net Q with 1st driver pin 'U0/light_counter_v1_0_LIGHT_REG_AXI_inst/temp_slv_reg1_reg[31]/Q' [f:/school/2018-2019/fall/hscd/lab2part2/lab2part2.srcs/sources_1/bd/flash_lights/ipshared/e9c3/hdl/light_counter_v1_0_LIGHT_REG_AXI.vhd:394]
CRITICAL WARNING: [Synth 8-3352] multi-driven net Q with 2nd driver pin 'GND' [f:/school/2018-2019/fall/hscd/lab2part2/lab2part2.srcs/sources_1/bd/flash_lights/ipshared/e9c3/hdl/light_counter_v1_0_LIGHT_REG_AXI.vhd:394]
CRITICAL WARNING: [Synth 8-5559] multi-driven net Q is connected to constant driver, other driver is ignored [f:/school/2018-2019/fall/hscd/lab2part2/lab2part2.srcs/sources_1/bd/flash_lights/ipshared/e9c3/hdl/light_counter_v1_0_LIGHT_REG_AXI.vhd:394]
INFO: [Synth 8-3332] Sequential element (U0/light_counter_v1_0_LIGHT_REG_AXI_inst/temp_slv_reg1_reg[30]) is unused and will be removed from module flash_lights_light_counter_0_0.
INFO: [Synth 8-3332] Sequential element (U0/light_counter_v1_0_LIGHT_REG_AXI_inst/temp_slv_reg1_reg[29]) is unused and will be removed from module flash_lights_light_counter_0_0.
INFO: [Synth 8-3332] Sequential element (U0/light_counter_v1_0_LIGHT_REG_AXI_inst/temp_slv_reg1_reg[28]) is unused and will be removed from module flash_lights_light_counter_0_0.
INFO: [Synth 8-3332] Sequential element (U0/light_counter_v1_0_LIGHT_REG_AXI_inst/temp_slv_reg1_reg[27]) is unused and will be removed from module flash_lights_light_counter_0_0.
INFO: [Synth 8-3332] Sequential element (U0/light_counter_v1_0_LIGHT_REG_AXI_inst/temp_slv_reg1_reg[26]) is unused and will be removed from module flash_lights_light_counter_0_0.
INFO: [Synth 8-3332] Sequential element (U0/light_counter_v1_0_LIGHT_REG_AXI_inst/temp_slv_reg1_reg[25]) is unused and will be removed from module flash_lights_light_counter_0_0.
INFO: [Synth 8-3332] Sequential element (U0/light_counter_v1_0_LIGHT_REG_AXI_inst/temp_slv_reg1_reg[24]) is unused and will be removed from module flash_lights_light_counter_0_0.
INFO: [Synth 8-3332] Sequential element (U0/light_counter_v1_0_LIGHT_REG_AXI_inst/temp_slv_reg1_reg[23]) is unused and will be removed from module flash_lights_light_counter_0_0.
INFO: [Synth 8-3332] Sequential element (U0/light_counter_v1_0_LIGHT_REG_AXI_inst/temp_slv_reg1_reg[22]) is unused and will be removed from module flash_lights_light_counter_0_0.
INFO: [Synth 8-3332] Sequential element (U0/light_counter_v1_0_LIGHT_REG_AXI_inst/temp_slv_reg1_reg[21]) is unused and will be removed from module flash_lights_light_counter_0_0.
INFO: [Synth 8-3332] Sequential element (U0/light_counter_v1_0_LIGHT_REG_AXI_inst/temp_slv_reg1_reg[20]) is unused and will be removed from module flash_lights_light_counter_0_0.
INFO: [Synth 8-3332] Sequential element (U0/light_counter_v1_0_LIGHT_REG_AXI_inst/temp_slv_reg1_reg[19]) is unused and will be removed from module flash_lights_light_counter_0_0.
INFO: [Synth 8-3332] Sequential element (U0/light_counter_v1_0_LIGHT_REG_AXI_inst/temp_slv_reg1_reg[18]) is unused and will be removed from module flash_lights_light_counter_0_0.
INFO: [Synth 8-3332] Sequential element (U0/light_counter_v1_0_LIGHT_REG_AXI_inst/temp_slv_reg1_reg[17]) is unused and will be removed from module flash_lights_light_counter_0_0.
INFO: [Synth 8-3332] Sequential element (U0/light_counter_v1_0_LIGHT_REG_AXI_inst/temp_slv_reg1_reg[16]) is unused and will be removed from module flash_lights_light_counter_0_0.
INFO: [Synth 8-3332] Sequential element (U0/light_counter_v1_0_LIGHT_REG_AXI_inst/temp_slv_reg1_reg[15]) is unused and will be removed from module flash_lights_light_counter_0_0.
INFO: [Synth 8-3332] Sequential element (U0/light_counter_v1_0_LIGHT_REG_AXI_inst/temp_slv_reg1_reg[14]) is unused and will be removed from module flash_lights_light_counter_0_0.
INFO: [Synth 8-3332] Sequential element (U0/light_counter_v1_0_LIGHT_REG_AXI_inst/temp_slv_reg1_reg[13]) is unused and will be removed from module flash_lights_light_counter_0_0.
INFO: [Synth 8-3332] Sequential element (U0/light_counter_v1_0_LIGHT_REG_AXI_inst/temp_slv_reg1_reg[12]) is unused and will be removed from module flash_lights_light_counter_0_0.
INFO: [Synth 8-3332] Sequential element (U0/light_counter_v1_0_LIGHT_REG_AXI_inst/temp_slv_reg1_reg[11]) is unused and will be removed from module flash_lights_light_counter_0_0.
INFO: [Synth 8-3332] Sequential element (U0/light_counter_v1_0_LIGHT_REG_AXI_inst/temp_slv_reg1_reg[10]) is unused and will be removed from module flash_lights_light_counter_0_0.
INFO: [Synth 8-3332] Sequential element (U0/light_counter_v1_0_LIGHT_REG_AXI_inst/temp_slv_reg1_reg[9]) is unused and will be removed from module flash_lights_light_counter_0_0.
INFO: [Synth 8-3332] Sequential element (U0/light_counter_v1_0_LIGHT_REG_AXI_inst/temp_slv_reg1_reg[8]) is unused and will be removed from module flash_lights_light_counter_0_0.
INFO: [Synth 8-3332] Sequential element (U0/light_counter_v1_0_LIGHT_REG_AXI_inst/temp_slv_reg1_reg[7]) is unused and will be removed from module flash_lights_light_counter_0_0.
INFO: [Synth 8-3332] Sequential element (U0/light_counter_v1_0_LIGHT_REG_AXI_inst/temp_slv_reg1_reg[6]) is unused and will be removed from module flash_lights_light_counter_0_0.
INFO: [Synth 8-3332] Sequential element (U0/light_counter_v1_0_LIGHT_REG_AXI_inst/temp_slv_reg1_reg[5]) is unused and will be removed from module flash_lights_light_counter_0_0.
INFO: [Synth 8-3332] Sequential element (U0/light_counter_v1_0_LIGHT_REG_AXI_inst/temp_slv_reg1_reg[4]) is unused and will be removed from module flash_lights_light_counter_0_0.
INFO: [Synth 8-3332] Sequential element (U0/light_counter_v1_0_LIGHT_REG_AXI_inst/temp_slv_reg1_reg[3]) is unused and will be removed from module flash_lights_light_counter_0_0.
INFO: [Synth 8-3332] Sequential element (U0/light_counter_v1_0_LIGHT_REG_AXI_inst/temp_slv_reg1_reg[2]) is unused and will be removed from module flash_lights_light_counter_0_0.
INFO: [Synth 8-3332] Sequential element (U0/light_counter_v1_0_LIGHT_REG_AXI_inst/temp_slv_reg1_reg[1]) is unused and will be removed from module flash_lights_light_counter_0_0.
INFO: [Synth 8-3332] Sequential element (U0/light_counter_v1_0_LIGHT_REG_AXI_inst/temp_slv_reg1_reg[0]) is unused and will be removed from module flash_lights_light_counter_0_0.
INFO: [Synth 8-3332] Sequential element (U0/light_counter_v1_0_LIGHT_REG_AXI_inst/slv_reg1_reg[31]) is unused and will be removed from module flash_lights_light_counter_0_0.
INFO: [Synth 8-3332] Sequential element (U0/light_counter_v1_0_LIGHT_REG_AXI_inst/slv_reg1_reg[30]) is unused and will be removed from module flash_lights_light_counter_0_0.
CRITICAL WARNING: [Synth 8-3352] multi-driven net Q with 1st driver pin 'U0/light_counter_v1_0_LIGHT_REG_AXI_inst/slv_reg1_reg[30]/Q' [f:/school/2018-2019/fall/hscd/lab2part2/lab2part2.srcs/sources_1/bd/flash_lights/ipshared/e9c3/hdl/light_counter_v1_0_LIGHT_REG_AXI.vhd:218]
CRITICAL WARNING: [Synth 8-3352] multi-driven net Q with 2nd driver pin 'GND' [f:/school/2018-2019/fall/hscd/lab2part2/lab2part2.srcs/sources_1/bd/flash_lights/ipshared/e9c3/hdl/light_counter_v1_0_LIGHT_REG_AXI.vhd:218]
CRITICAL WARNING: [Synth 8-5559] multi-driven net Q is connected to constant driver, other driver is ignored [f:/school/2018-2019/fall/hscd/lab2part2/lab2part2.srcs/sources_1/bd/flash_lights/ipshared/e9c3/hdl/light_counter_v1_0_LIGHT_REG_AXI.vhd:218]
INFO: [Synth 8-3332] Sequential element (U0/light_counter_v1_0_LIGHT_REG_AXI_inst/slv_reg1_reg[29]) is unused and will be removed from module flash_lights_light_counter_0_0.
CRITICAL WARNING: [Synth 8-3352] multi-driven net Q with 1st driver pin 'U0/light_counter_v1_0_LIGHT_REG_AXI_inst/slv_reg1_reg[29]/Q' [f:/school/2018-2019/fall/hscd/lab2part2/lab2part2.srcs/sources_1/bd/flash_lights/ipshared/e9c3/hdl/light_counter_v1_0_LIGHT_REG_AXI.vhd:218]
CRITICAL WARNING: [Synth 8-3352] multi-driven net Q with 2nd driver pin 'GND' [f:/school/2018-2019/fall/hscd/lab2part2/lab2part2.srcs/sources_1/bd/flash_lights/ipshared/e9c3/hdl/light_counter_v1_0_LIGHT_REG_AXI.vhd:218]
CRITICAL WARNING: [Synth 8-5559] multi-driven net Q is connected to constant driver, other driver is ignored [f:/school/2018-2019/fall/hscd/lab2part2/lab2part2.srcs/sources_1/bd/flash_lights/ipshared/e9c3/hdl/light_counter_v1_0_LIGHT_REG_AXI.vhd:218]
INFO: [Synth 8-3332] Sequential element (U0/light_counter_v1_0_LIGHT_REG_AXI_inst/slv_reg1_reg[28]) is unused and will be removed from module flash_lights_light_counter_0_0.
CRITICAL WARNING: [Synth 8-3352] multi-driven net Q with 1st driver pin 'U0/light_counter_v1_0_LIGHT_REG_AXI_inst/slv_reg1_reg[28]/Q' [f:/school/2018-2019/fall/hscd/lab2part2/lab2part2.srcs/sources_1/bd/flash_lights/ipshared/e9c3/hdl/light_counter_v1_0_LIGHT_REG_AXI.vhd:218]
CRITICAL WARNING: [Synth 8-3352] multi-driven net Q with 2nd driver pin 'GND' [f:/school/2018-2019/fall/hscd/lab2part2/lab2part2.srcs/sources_1/bd/flash_lights/ipshared/e9c3/hdl/light_counter_v1_0_LIGHT_REG_AXI.vhd:218]
CRITICAL WARNING: [Synth 8-5559] multi-driven net Q is connected to constant driver, other driver is ignored [f:/school/2018-2019/fall/hscd/lab2part2/lab2part2.srcs/sources_1/bd/flash_lights/ipshared/e9c3/hdl/light_counter_v1_0_LIGHT_REG_AXI.vhd:218]
INFO: [Synth 8-3332] Sequential element (U0/light_counter_v1_0_LIGHT_REG_AXI_inst/slv_reg1_reg[27]) is unused and will be removed from module flash_lights_light_counter_0_0.
CRITICAL WARNING: [Synth 8-3352] multi-driven net Q with 1st driver pin 'U0/light_counter_v1_0_LIGHT_REG_AXI_inst/slv_reg1_reg[27]/Q' [f:/school/2018-2019/fall/hscd/lab2part2/lab2part2.srcs/sources_1/bd/flash_lights/ipshared/e9c3/hdl/light_counter_v1_0_LIGHT_REG_AXI.vhd:218]
CRITICAL WARNING: [Synth 8-3352] multi-driven net Q with 2nd driver pin 'GND' [f:/school/2018-2019/fall/hscd/lab2part2/lab2part2.srcs/sources_1/bd/flash_lights/ipshared/e9c3/hdl/light_counter_v1_0_LIGHT_REG_AXI.vhd:218]
CRITICAL WARNING: [Synth 8-5559] multi-driven net Q is connected to constant driver, other driver is ignored [f:/school/2018-2019/fall/hscd/lab2part2/lab2part2.srcs/sources_1/bd/flash_lights/ipshared/e9c3/hdl/light_counter_v1_0_LIGHT_REG_AXI.vhd:218]
INFO: [Synth 8-3332] Sequential element (U0/light_counter_v1_0_LIGHT_REG_AXI_inst/slv_reg1_reg[26]) is unused and will be removed from module flash_lights_light_counter_0_0.
CRITICAL WARNING: [Synth 8-3352] multi-driven net Q with 1st driver pin 'U0/light_counter_v1_0_LIGHT_REG_AXI_inst/slv_reg1_reg[26]/Q' [f:/school/2018-2019/fall/hscd/lab2part2/lab2part2.srcs/sources_1/bd/flash_lights/ipshared/e9c3/hdl/light_counter_v1_0_LIGHT_REG_AXI.vhd:218]
CRITICAL WARNING: [Synth 8-3352] multi-driven net Q with 2nd driver pin 'GND' [f:/school/2018-2019/fall/hscd/lab2part2/lab2part2.srcs/sources_1/bd/flash_lights/ipshared/e9c3/hdl/light_counter_v1_0_LIGHT_REG_AXI.vhd:218]
CRITICAL WARNING: [Synth 8-5559] multi-driven net Q is connected to constant driver, other driver is ignored [f:/school/2018-2019/fall/hscd/lab2part2/lab2part2.srcs/sources_1/bd/flash_lights/ipshared/e9c3/hdl/light_counter_v1_0_LIGHT_REG_AXI.vhd:218]
INFO: [Synth 8-3332] Sequential element (U0/light_counter_v1_0_LIGHT_REG_AXI_inst/slv_reg1_reg[25]) is unused and will be removed from module flash_lights_light_counter_0_0.
CRITICAL WARNING: [Synth 8-3352] multi-driven net Q with 1st driver pin 'U0/light_counter_v1_0_LIGHT_REG_AXI_inst/slv_reg1_reg[25]/Q' [f:/school/2018-2019/fall/hscd/lab2part2/lab2part2.srcs/sources_1/bd/flash_lights/ipshared/e9c3/hdl/light_counter_v1_0_LIGHT_REG_AXI.vhd:218]
CRITICAL WARNING: [Synth 8-3352] multi-driven net Q with 2nd driver pin 'GND' [f:/school/2018-2019/fall/hscd/lab2part2/lab2part2.srcs/sources_1/bd/flash_lights/ipshared/e9c3/hdl/light_counter_v1_0_LIGHT_REG_AXI.vhd:218]
CRITICAL WARNING: [Synth 8-5559] multi-driven net Q is connected to constant driver, other driver is ignored [f:/school/2018-2019/fall/hscd/lab2part2/lab2part2.srcs/sources_1/bd/flash_lights/ipshared/e9c3/hdl/light_counter_v1_0_LIGHT_REG_AXI.vhd:218]
INFO: [Synth 8-3332] Sequential element (U0/light_counter_v1_0_LIGHT_REG_AXI_inst/slv_reg1_reg[24]) is unused and will be removed from module flash_lights_light_counter_0_0.
CRITICAL WARNING: [Synth 8-3352] multi-driven net Q with 1st driver pin 'U0/light_counter_v1_0_LIGHT_REG_AXI_inst/slv_reg1_reg[24]/Q' [f:/school/2018-2019/fall/hscd/lab2part2/lab2part2.srcs/sources_1/bd/flash_lights/ipshared/e9c3/hdl/light_counter_v1_0_LIGHT_REG_AXI.vhd:218]
CRITICAL WARNING: [Synth 8-3352] multi-driven net Q with 2nd driver pin 'GND' [f:/school/2018-2019/fall/hscd/lab2part2/lab2part2.srcs/sources_1/bd/flash_lights/ipshared/e9c3/hdl/light_counter_v1_0_LIGHT_REG_AXI.vhd:218]
CRITICAL WARNING: [Synth 8-5559] multi-driven net Q is connected to constant driver, other driver is ignored [f:/school/2018-2019/fall/hscd/lab2part2/lab2part2.srcs/sources_1/bd/flash_lights/ipshared/e9c3/hdl/light_counter_v1_0_LIGHT_REG_AXI.vhd:218]
INFO: [Synth 8-3332] Sequential element (U0/light_counter_v1_0_LIGHT_REG_AXI_inst/slv_reg1_reg[23]) is unused and will be removed from module flash_lights_light_counter_0_0.
CRITICAL WARNING: [Synth 8-3352] multi-driven net Q with 1st driver pin 'U0/light_counter_v1_0_LIGHT_REG_AXI_inst/slv_reg1_reg[23]/Q' [f:/school/2018-2019/fall/hscd/lab2part2/lab2part2.srcs/sources_1/bd/flash_lights/ipshared/e9c3/hdl/light_counter_v1_0_LIGHT_REG_AXI.vhd:218]
CRITICAL WARNING: [Synth 8-3352] multi-driven net Q with 2nd driver pin 'GND' [f:/school/2018-2019/fall/hscd/lab2part2/lab2part2.srcs/sources_1/bd/flash_lights/ipshared/e9c3/hdl/light_counter_v1_0_LIGHT_REG_AXI.vhd:218]
CRITICAL WARNING: [Synth 8-5559] multi-driven net Q is connected to constant driver, other driver is ignored [f:/school/2018-2019/fall/hscd/lab2part2/lab2part2.srcs/sources_1/bd/flash_lights/ipshared/e9c3/hdl/light_counter_v1_0_LIGHT_REG_AXI.vhd:218]
INFO: [Synth 8-3332] Sequential element (U0/light_counter_v1_0_LIGHT_REG_AXI_inst/slv_reg1_reg[22]) is unused and will be removed from module flash_lights_light_counter_0_0.
CRITICAL WARNING: [Synth 8-3352] multi-driven net Q with 1st driver pin 'U0/light_counter_v1_0_LIGHT_REG_AXI_inst/slv_reg1_reg[22]/Q' [f:/school/2018-2019/fall/hscd/lab2part2/lab2part2.srcs/sources_1/bd/flash_lights/ipshared/e9c3/hdl/light_counter_v1_0_LIGHT_REG_AXI.vhd:218]
CRITICAL WARNING: [Synth 8-3352] multi-driven net Q with 2nd driver pin 'GND' [f:/school/2018-2019/fall/hscd/lab2part2/lab2part2.srcs/sources_1/bd/flash_lights/ipshared/e9c3/hdl/light_counter_v1_0_LIGHT_REG_AXI.vhd:218]
CRITICAL WARNING: [Synth 8-5559] multi-driven net Q is connected to constant driver, other driver is ignored [f:/school/2018-2019/fall/hscd/lab2part2/lab2part2.srcs/sources_1/bd/flash_lights/ipshared/e9c3/hdl/light_counter_v1_0_LIGHT_REG_AXI.vhd:218]
INFO: [Synth 8-3332] Sequential element (U0/light_counter_v1_0_LIGHT_REG_AXI_inst/slv_reg1_reg[21]) is unused and will be removed from module flash_lights_light_counter_0_0.
CRITICAL WARNING: [Synth 8-3352] multi-driven net Q with 1st driver pin 'U0/light_counter_v1_0_LIGHT_REG_AXI_inst/slv_reg1_reg[21]/Q' [f:/school/2018-2019/fall/hscd/lab2part2/lab2part2.srcs/sources_1/bd/flash_lights/ipshared/e9c3/hdl/light_counter_v1_0_LIGHT_REG_AXI.vhd:218]
CRITICAL WARNING: [Synth 8-3352] multi-driven net Q with 2nd driver pin 'GND' [f:/school/2018-2019/fall/hscd/lab2part2/lab2part2.srcs/sources_1/bd/flash_lights/ipshared/e9c3/hdl/light_counter_v1_0_LIGHT_REG_AXI.vhd:218]
CRITICAL WARNING: [Synth 8-5559] multi-driven net Q is connected to constant driver, other driver is ignored [f:/school/2018-2019/fall/hscd/lab2part2/lab2part2.srcs/sources_1/bd/flash_lights/ipshared/e9c3/hdl/light_counter_v1_0_LIGHT_REG_AXI.vhd:218]
INFO: [Synth 8-3332] Sequential element (U0/light_counter_v1_0_LIGHT_REG_AXI_inst/slv_reg1_reg[20]) is unused and will be removed from module flash_lights_light_counter_0_0.
CRITICAL WARNING: [Synth 8-3352] multi-driven net Q with 1st driver pin 'U0/light_counter_v1_0_LIGHT_REG_AXI_inst/slv_reg1_reg[20]/Q' [f:/school/2018-2019/fall/hscd/lab2part2/lab2part2.srcs/sources_1/bd/flash_lights/ipshared/e9c3/hdl/light_counter_v1_0_LIGHT_REG_AXI.vhd:218]
CRITICAL WARNING: [Synth 8-3352] multi-driven net Q with 2nd driver pin 'GND' [f:/school/2018-2019/fall/hscd/lab2part2/lab2part2.srcs/sources_1/bd/flash_lights/ipshared/e9c3/hdl/light_counter_v1_0_LIGHT_REG_AXI.vhd:218]
CRITICAL WARNING: [Synth 8-5559] multi-driven net Q is connected to constant driver, other driver is ignored [f:/school/2018-2019/fall/hscd/lab2part2/lab2part2.srcs/sources_1/bd/flash_lights/ipshared/e9c3/hdl/light_counter_v1_0_LIGHT_REG_AXI.vhd:218]
INFO: [Synth 8-3332] Sequential element (U0/light_counter_v1_0_LIGHT_REG_AXI_inst/slv_reg1_reg[19]) is unused and will be removed from module flash_lights_light_counter_0_0.
CRITICAL WARNING: [Synth 8-3352] multi-driven net Q with 1st driver pin 'U0/light_counter_v1_0_LIGHT_REG_AXI_inst/slv_reg1_reg[19]/Q' [f:/school/2018-2019/fall/hscd/lab2part2/lab2part2.srcs/sources_1/bd/flash_lights/ipshared/e9c3/hdl/light_counter_v1_0_LIGHT_REG_AXI.vhd:218]
CRITICAL WARNING: [Synth 8-3352] multi-driven net Q with 2nd driver pin 'GND' [f:/school/2018-2019/fall/hscd/lab2part2/lab2part2.srcs/sources_1/bd/flash_lights/ipshared/e9c3/hdl/light_counter_v1_0_LIGHT_REG_AXI.vhd:218]
CRITICAL WARNING: [Synth 8-5559] multi-driven net Q is connected to constant driver, other driver is ignored [f:/school/2018-2019/fall/hscd/lab2part2/lab2part2.srcs/sources_1/bd/flash_lights/ipshared/e9c3/hdl/light_counter_v1_0_LIGHT_REG_AXI.vhd:218]
INFO: [Synth 8-3332] Sequential element (U0/light_counter_v1_0_LIGHT_REG_AXI_inst/slv_reg1_reg[18]) is unused and will be removed from module flash_lights_light_counter_0_0.
CRITICAL WARNING: [Synth 8-3352] multi-driven net Q with 1st driver pin 'U0/light_counter_v1_0_LIGHT_REG_AXI_inst/slv_reg1_reg[18]/Q' [f:/school/2018-2019/fall/hscd/lab2part2/lab2part2.srcs/sources_1/bd/flash_lights/ipshared/e9c3/hdl/light_counter_v1_0_LIGHT_REG_AXI.vhd:218]
CRITICAL WARNING: [Synth 8-3352] multi-driven net Q with 2nd driver pin 'GND' [f:/school/2018-2019/fall/hscd/lab2part2/lab2part2.srcs/sources_1/bd/flash_lights/ipshared/e9c3/hdl/light_counter_v1_0_LIGHT_REG_AXI.vhd:218]
CRITICAL WARNING: [Synth 8-5559] multi-driven net Q is connected to constant driver, other driver is ignored [f:/school/2018-2019/fall/hscd/lab2part2/lab2part2.srcs/sources_1/bd/flash_lights/ipshared/e9c3/hdl/light_counter_v1_0_LIGHT_REG_AXI.vhd:218]
INFO: [Synth 8-3332] Sequential element (U0/light_counter_v1_0_LIGHT_REG_AXI_inst/slv_reg1_reg[17]) is unused and will be removed from module flash_lights_light_counter_0_0.
CRITICAL WARNING: [Synth 8-3352] multi-driven net Q with 1st driver pin 'U0/light_counter_v1_0_LIGHT_REG_AXI_inst/slv_reg1_reg[17]/Q' [f:/school/2018-2019/fall/hscd/lab2part2/lab2part2.srcs/sources_1/bd/flash_lights/ipshared/e9c3/hdl/light_counter_v1_0_LIGHT_REG_AXI.vhd:218]
CRITICAL WARNING: [Synth 8-3352] multi-driven net Q with 2nd driver pin 'GND' [f:/school/2018-2019/fall/hscd/lab2part2/lab2part2.srcs/sources_1/bd/flash_lights/ipshared/e9c3/hdl/light_counter_v1_0_LIGHT_REG_AXI.vhd:218]
CRITICAL WARNING: [Synth 8-5559] multi-driven net Q is connected to constant driver, other driver is ignored [f:/school/2018-2019/fall/hscd/lab2part2/lab2part2.srcs/sources_1/bd/flash_lights/ipshared/e9c3/hdl/light_counter_v1_0_LIGHT_REG_AXI.vhd:218]
INFO: [Synth 8-3332] Sequential element (U0/light_counter_v1_0_LIGHT_REG_AXI_inst/slv_reg1_reg[16]) is unused and will be removed from module flash_lights_light_counter_0_0.
CRITICAL WARNING: [Synth 8-3352] multi-driven net Q with 1st driver pin 'U0/light_counter_v1_0_LIGHT_REG_AXI_inst/slv_reg1_reg[16]/Q' [f:/school/2018-2019/fall/hscd/lab2part2/lab2part2.srcs/sources_1/bd/flash_lights/ipshared/e9c3/hdl/light_counter_v1_0_LIGHT_REG_AXI.vhd:218]
CRITICAL WARNING: [Synth 8-3352] multi-driven net Q with 2nd driver pin 'GND' [f:/school/2018-2019/fall/hscd/lab2part2/lab2part2.srcs/sources_1/bd/flash_lights/ipshared/e9c3/hdl/light_counter_v1_0_LIGHT_REG_AXI.vhd:218]
CRITICAL WARNING: [Synth 8-5559] multi-driven net Q is connected to constant driver, other driver is ignored [f:/school/2018-2019/fall/hscd/lab2part2/lab2part2.srcs/sources_1/bd/flash_lights/ipshared/e9c3/hdl/light_counter_v1_0_LIGHT_REG_AXI.vhd:218]
INFO: [Synth 8-3332] Sequential element (U0/light_counter_v1_0_LIGHT_REG_AXI_inst/slv_reg1_reg[15]) is unused and will be removed from module flash_lights_light_counter_0_0.
CRITICAL WARNING: [Synth 8-3352] multi-driven net Q with 1st driver pin 'U0/light_counter_v1_0_LIGHT_REG_AXI_inst/slv_reg1_reg[15]/Q' [f:/school/2018-2019/fall/hscd/lab2part2/lab2part2.srcs/sources_1/bd/flash_lights/ipshared/e9c3/hdl/light_counter_v1_0_LIGHT_REG_AXI.vhd:218]
CRITICAL WARNING: [Synth 8-3352] multi-driven net Q with 2nd driver pin 'GND' [f:/school/2018-2019/fall/hscd/lab2part2/lab2part2.srcs/sources_1/bd/flash_lights/ipshared/e9c3/hdl/light_counter_v1_0_LIGHT_REG_AXI.vhd:218]
CRITICAL WARNING: [Synth 8-5559] multi-driven net Q is connected to constant driver, other driver is ignored [f:/school/2018-2019/fall/hscd/lab2part2/lab2part2.srcs/sources_1/bd/flash_lights/ipshared/e9c3/hdl/light_counter_v1_0_LIGHT_REG_AXI.vhd:218]
INFO: [Synth 8-3332] Sequential element (U0/light_counter_v1_0_LIGHT_REG_AXI_inst/slv_reg1_reg[14]) is unused and will be removed from module flash_lights_light_counter_0_0.
CRITICAL WARNING: [Synth 8-3352] multi-driven net Q with 1st driver pin 'U0/light_counter_v1_0_LIGHT_REG_AXI_inst/slv_reg1_reg[14]/Q' [f:/school/2018-2019/fall/hscd/lab2part2/lab2part2.srcs/sources_1/bd/flash_lights/ipshared/e9c3/hdl/light_counter_v1_0_LIGHT_REG_AXI.vhd:218]
CRITICAL WARNING: [Synth 8-3352] multi-driven net Q with 2nd driver pin 'GND' [f:/school/2018-2019/fall/hscd/lab2part2/lab2part2.srcs/sources_1/bd/flash_lights/ipshared/e9c3/hdl/light_counter_v1_0_LIGHT_REG_AXI.vhd:218]
CRITICAL WARNING: [Synth 8-5559] multi-driven net Q is connected to constant driver, other driver is ignored [f:/school/2018-2019/fall/hscd/lab2part2/lab2part2.srcs/sources_1/bd/flash_lights/ipshared/e9c3/hdl/light_counter_v1_0_LIGHT_REG_AXI.vhd:218]
INFO: [Synth 8-3332] Sequential element (U0/light_counter_v1_0_LIGHT_REG_AXI_inst/slv_reg1_reg[13]) is unused and will be removed from module flash_lights_light_counter_0_0.
CRITICAL WARNING: [Synth 8-3352] multi-driven net Q with 1st driver pin 'U0/light_counter_v1_0_LIGHT_REG_AXI_inst/slv_reg1_reg[13]/Q' [f:/school/2018-2019/fall/hscd/lab2part2/lab2part2.srcs/sources_1/bd/flash_lights/ipshared/e9c3/hdl/light_counter_v1_0_LIGHT_REG_AXI.vhd:218]
CRITICAL WARNING: [Synth 8-3352] multi-driven net Q with 2nd driver pin 'GND' [f:/school/2018-2019/fall/hscd/lab2part2/lab2part2.srcs/sources_1/bd/flash_lights/ipshared/e9c3/hdl/light_counter_v1_0_LIGHT_REG_AXI.vhd:218]
CRITICAL WARNING: [Synth 8-5559] multi-driven net Q is connected to constant driver, other driver is ignored [f:/school/2018-2019/fall/hscd/lab2part2/lab2part2.srcs/sources_1/bd/flash_lights/ipshared/e9c3/hdl/light_counter_v1_0_LIGHT_REG_AXI.vhd:218]
INFO: [Synth 8-3332] Sequential element (U0/light_counter_v1_0_LIGHT_REG_AXI_inst/slv_reg1_reg[12]) is unused and will be removed from module flash_lights_light_counter_0_0.
CRITICAL WARNING: [Synth 8-3352] multi-driven net Q with 1st driver pin 'U0/light_counter_v1_0_LIGHT_REG_AXI_inst/slv_reg1_reg[12]/Q' [f:/school/2018-2019/fall/hscd/lab2part2/lab2part2.srcs/sources_1/bd/flash_lights/ipshared/e9c3/hdl/light_counter_v1_0_LIGHT_REG_AXI.vhd:218]
CRITICAL WARNING: [Synth 8-3352] multi-driven net Q with 2nd driver pin 'GND' [f:/school/2018-2019/fall/hscd/lab2part2/lab2part2.srcs/sources_1/bd/flash_lights/ipshared/e9c3/hdl/light_counter_v1_0_LIGHT_REG_AXI.vhd:218]
CRITICAL WARNING: [Synth 8-5559] multi-driven net Q is connected to constant driver, other driver is ignored [f:/school/2018-2019/fall/hscd/lab2part2/lab2part2.srcs/sources_1/bd/flash_lights/ipshared/e9c3/hdl/light_counter_v1_0_LIGHT_REG_AXI.vhd:218]
INFO: [Synth 8-3332] Sequential element (U0/light_counter_v1_0_LIGHT_REG_AXI_inst/slv_reg1_reg[11]) is unused and will be removed from module flash_lights_light_counter_0_0.
CRITICAL WARNING: [Synth 8-3352] multi-driven net Q with 1st driver pin 'U0/light_counter_v1_0_LIGHT_REG_AXI_inst/slv_reg1_reg[11]/Q' [f:/school/2018-2019/fall/hscd/lab2part2/lab2part2.srcs/sources_1/bd/flash_lights/ipshared/e9c3/hdl/light_counter_v1_0_LIGHT_REG_AXI.vhd:218]
CRITICAL WARNING: [Synth 8-3352] multi-driven net Q with 2nd driver pin 'GND' [f:/school/2018-2019/fall/hscd/lab2part2/lab2part2.srcs/sources_1/bd/flash_lights/ipshared/e9c3/hdl/light_counter_v1_0_LIGHT_REG_AXI.vhd:218]
CRITICAL WARNING: [Synth 8-5559] multi-driven net Q is connected to constant driver, other driver is ignored [f:/school/2018-2019/fall/hscd/lab2part2/lab2part2.srcs/sources_1/bd/flash_lights/ipshared/e9c3/hdl/light_counter_v1_0_LIGHT_REG_AXI.vhd:218]
INFO: [Synth 8-3332] Sequential element (U0/light_counter_v1_0_LIGHT_REG_AXI_inst/slv_reg1_reg[10]) is unused and will be removed from module flash_lights_light_counter_0_0.
CRITICAL WARNING: [Synth 8-3352] multi-driven net Q with 1st driver pin 'U0/light_counter_v1_0_LIGHT_REG_AXI_inst/slv_reg1_reg[10]/Q' [f:/school/2018-2019/fall/hscd/lab2part2/lab2part2.srcs/sources_1/bd/flash_lights/ipshared/e9c3/hdl/light_counter_v1_0_LIGHT_REG_AXI.vhd:218]
CRITICAL WARNING: [Synth 8-3352] multi-driven net Q with 2nd driver pin 'GND' [f:/school/2018-2019/fall/hscd/lab2part2/lab2part2.srcs/sources_1/bd/flash_lights/ipshared/e9c3/hdl/light_counter_v1_0_LIGHT_REG_AXI.vhd:218]
CRITICAL WARNING: [Synth 8-5559] multi-driven net Q is connected to constant driver, other driver is ignored [f:/school/2018-2019/fall/hscd/lab2part2/lab2part2.srcs/sources_1/bd/flash_lights/ipshared/e9c3/hdl/light_counter_v1_0_LIGHT_REG_AXI.vhd:218]
INFO: [Synth 8-3332] Sequential element (U0/light_counter_v1_0_LIGHT_REG_AXI_inst/slv_reg1_reg[9]) is unused and will be removed from module flash_lights_light_counter_0_0.
CRITICAL WARNING: [Synth 8-3352] multi-driven net Q with 1st driver pin 'U0/light_counter_v1_0_LIGHT_REG_AXI_inst/slv_reg1_reg[9]/Q' [f:/school/2018-2019/fall/hscd/lab2part2/lab2part2.srcs/sources_1/bd/flash_lights/ipshared/e9c3/hdl/light_counter_v1_0_LIGHT_REG_AXI.vhd:218]
CRITICAL WARNING: [Synth 8-3352] multi-driven net Q with 2nd driver pin 'GND' [f:/school/2018-2019/fall/hscd/lab2part2/lab2part2.srcs/sources_1/bd/flash_lights/ipshared/e9c3/hdl/light_counter_v1_0_LIGHT_REG_AXI.vhd:218]
CRITICAL WARNING: [Synth 8-5559] multi-driven net Q is connected to constant driver, other driver is ignored [f:/school/2018-2019/fall/hscd/lab2part2/lab2part2.srcs/sources_1/bd/flash_lights/ipshared/e9c3/hdl/light_counter_v1_0_LIGHT_REG_AXI.vhd:218]
INFO: [Synth 8-3332] Sequential element (U0/light_counter_v1_0_LIGHT_REG_AXI_inst/slv_reg1_reg[8]) is unused and will be removed from module flash_lights_light_counter_0_0.
CRITICAL WARNING: [Synth 8-3352] multi-driven net Q with 1st driver pin 'U0/light_counter_v1_0_LIGHT_REG_AXI_inst/slv_reg1_reg[8]/Q' [f:/school/2018-2019/fall/hscd/lab2part2/lab2part2.srcs/sources_1/bd/flash_lights/ipshared/e9c3/hdl/light_counter_v1_0_LIGHT_REG_AXI.vhd:218]
CRITICAL WARNING: [Synth 8-3352] multi-driven net Q with 2nd driver pin 'GND' [f:/school/2018-2019/fall/hscd/lab2part2/lab2part2.srcs/sources_1/bd/flash_lights/ipshared/e9c3/hdl/light_counter_v1_0_LIGHT_REG_AXI.vhd:218]
CRITICAL WARNING: [Synth 8-5559] multi-driven net Q is connected to constant driver, other driver is ignored [f:/school/2018-2019/fall/hscd/lab2part2/lab2part2.srcs/sources_1/bd/flash_lights/ipshared/e9c3/hdl/light_counter_v1_0_LIGHT_REG_AXI.vhd:218]
INFO: [Synth 8-3332] Sequential element (U0/light_counter_v1_0_LIGHT_REG_AXI_inst/slv_reg1_reg[7]) is unused and will be removed from module flash_lights_light_counter_0_0.
CRITICAL WARNING: [Synth 8-3352] multi-driven net Q with 1st driver pin 'U0/light_counter_v1_0_LIGHT_REG_AXI_inst/slv_reg1_reg[7]/Q' [f:/school/2018-2019/fall/hscd/lab2part2/lab2part2.srcs/sources_1/bd/flash_lights/ipshared/e9c3/hdl/light_counter_v1_0_LIGHT_REG_AXI.vhd:218]
CRITICAL WARNING: [Synth 8-3352] multi-driven net Q with 2nd driver pin 'GND' [f:/school/2018-2019/fall/hscd/lab2part2/lab2part2.srcs/sources_1/bd/flash_lights/ipshared/e9c3/hdl/light_counter_v1_0_LIGHT_REG_AXI.vhd:218]
CRITICAL WARNING: [Synth 8-5559] multi-driven net Q is connected to constant driver, other driver is ignored [f:/school/2018-2019/fall/hscd/lab2part2/lab2part2.srcs/sources_1/bd/flash_lights/ipshared/e9c3/hdl/light_counter_v1_0_LIGHT_REG_AXI.vhd:218]
INFO: [Synth 8-3332] Sequential element (U0/light_counter_v1_0_LIGHT_REG_AXI_inst/slv_reg1_reg[6]) is unused and will be removed from module flash_lights_light_counter_0_0.
CRITICAL WARNING: [Synth 8-3352] multi-driven net Q with 1st driver pin 'U0/light_counter_v1_0_LIGHT_REG_AXI_inst/slv_reg1_reg[6]/Q' [f:/school/2018-2019/fall/hscd/lab2part2/lab2part2.srcs/sources_1/bd/flash_lights/ipshared/e9c3/hdl/light_counter_v1_0_LIGHT_REG_AXI.vhd:218]
CRITICAL WARNING: [Synth 8-3352] multi-driven net Q with 2nd driver pin 'GND' [f:/school/2018-2019/fall/hscd/lab2part2/lab2part2.srcs/sources_1/bd/flash_lights/ipshared/e9c3/hdl/light_counter_v1_0_LIGHT_REG_AXI.vhd:218]
CRITICAL WARNING: [Synth 8-5559] multi-driven net Q is connected to constant driver, other driver is ignored [f:/school/2018-2019/fall/hscd/lab2part2/lab2part2.srcs/sources_1/bd/flash_lights/ipshared/e9c3/hdl/light_counter_v1_0_LIGHT_REG_AXI.vhd:218]
INFO: [Synth 8-3332] Sequential element (U0/light_counter_v1_0_LIGHT_REG_AXI_inst/slv_reg1_reg[5]) is unused and will be removed from module flash_lights_light_counter_0_0.
CRITICAL WARNING: [Synth 8-3352] multi-driven net Q with 1st driver pin 'U0/light_counter_v1_0_LIGHT_REG_AXI_inst/slv_reg1_reg[5]/Q' [f:/school/2018-2019/fall/hscd/lab2part2/lab2part2.srcs/sources_1/bd/flash_lights/ipshared/e9c3/hdl/light_counter_v1_0_LIGHT_REG_AXI.vhd:218]
CRITICAL WARNING: [Synth 8-3352] multi-driven net Q with 2nd driver pin 'GND' [f:/school/2018-2019/fall/hscd/lab2part2/lab2part2.srcs/sources_1/bd/flash_lights/ipshared/e9c3/hdl/light_counter_v1_0_LIGHT_REG_AXI.vhd:218]
CRITICAL WARNING: [Synth 8-5559] multi-driven net Q is connected to constant driver, other driver is ignored [f:/school/2018-2019/fall/hscd/lab2part2/lab2part2.srcs/sources_1/bd/flash_lights/ipshared/e9c3/hdl/light_counter_v1_0_LIGHT_REG_AXI.vhd:218]
INFO: [Synth 8-3332] Sequential element (U0/light_counter_v1_0_LIGHT_REG_AXI_inst/slv_reg1_reg[4]) is unused and will be removed from module flash_lights_light_counter_0_0.
CRITICAL WARNING: [Synth 8-3352] multi-driven net Q with 1st driver pin 'U0/light_counter_v1_0_LIGHT_REG_AXI_inst/slv_reg1_reg[4]/Q' [f:/school/2018-2019/fall/hscd/lab2part2/lab2part2.srcs/sources_1/bd/flash_lights/ipshared/e9c3/hdl/light_counter_v1_0_LIGHT_REG_AXI.vhd:218]
CRITICAL WARNING: [Synth 8-3352] multi-driven net Q with 2nd driver pin 'GND' [f:/school/2018-2019/fall/hscd/lab2part2/lab2part2.srcs/sources_1/bd/flash_lights/ipshared/e9c3/hdl/light_counter_v1_0_LIGHT_REG_AXI.vhd:218]
CRITICAL WARNING: [Synth 8-5559] multi-driven net Q is connected to constant driver, other driver is ignored [f:/school/2018-2019/fall/hscd/lab2part2/lab2part2.srcs/sources_1/bd/flash_lights/ipshared/e9c3/hdl/light_counter_v1_0_LIGHT_REG_AXI.vhd:218]
INFO: [Synth 8-3332] Sequential element (U0/light_counter_v1_0_LIGHT_REG_AXI_inst/slv_reg1_reg[3]) is unused and will be removed from module flash_lights_light_counter_0_0.
CRITICAL WARNING: [Synth 8-3352] multi-driven net Q with 1st driver pin 'U0/light_counter_v1_0_LIGHT_REG_AXI_inst/slv_reg1_reg[3]/Q' [f:/school/2018-2019/fall/hscd/lab2part2/lab2part2.srcs/sources_1/bd/flash_lights/ipshared/e9c3/hdl/light_counter_v1_0_LIGHT_REG_AXI.vhd:218]
CRITICAL WARNING: [Synth 8-3352] multi-driven net Q with 2nd driver pin 'GND' [f:/school/2018-2019/fall/hscd/lab2part2/lab2part2.srcs/sources_1/bd/flash_lights/ipshared/e9c3/hdl/light_counter_v1_0_LIGHT_REG_AXI.vhd:218]
CRITICAL WARNING: [Synth 8-5559] multi-driven net Q is connected to constant driver, other driver is ignored [f:/school/2018-2019/fall/hscd/lab2part2/lab2part2.srcs/sources_1/bd/flash_lights/ipshared/e9c3/hdl/light_counter_v1_0_LIGHT_REG_AXI.vhd:218]
INFO: [Synth 8-3332] Sequential element (U0/light_counter_v1_0_LIGHT_REG_AXI_inst/slv_reg1_reg[2]) is unused and will be removed from module flash_lights_light_counter_0_0.
CRITICAL WARNING: [Synth 8-3352] multi-driven net Q with 1st driver pin 'U0/light_counter_v1_0_LIGHT_REG_AXI_inst/slv_reg1_reg[2]/Q' [f:/school/2018-2019/fall/hscd/lab2part2/lab2part2.srcs/sources_1/bd/flash_lights/ipshared/e9c3/hdl/light_counter_v1_0_LIGHT_REG_AXI.vhd:218]
CRITICAL WARNING: [Synth 8-3352] multi-driven net Q with 2nd driver pin 'GND' [f:/school/2018-2019/fall/hscd/lab2part2/lab2part2.srcs/sources_1/bd/flash_lights/ipshared/e9c3/hdl/light_counter_v1_0_LIGHT_REG_AXI.vhd:218]
CRITICAL WARNING: [Synth 8-5559] multi-driven net Q is connected to constant driver, other driver is ignored [f:/school/2018-2019/fall/hscd/lab2part2/lab2part2.srcs/sources_1/bd/flash_lights/ipshared/e9c3/hdl/light_counter_v1_0_LIGHT_REG_AXI.vhd:218]
INFO: [Synth 8-3332] Sequential element (U0/light_counter_v1_0_LIGHT_REG_AXI_inst/slv_reg1_reg[1]) is unused and will be removed from module flash_lights_light_counter_0_0.
CRITICAL WARNING: [Synth 8-3352] multi-driven net Q with 1st driver pin 'U0/light_counter_v1_0_LIGHT_REG_AXI_inst/slv_reg1_reg[1]/Q' [f:/school/2018-2019/fall/hscd/lab2part2/lab2part2.srcs/sources_1/bd/flash_lights/ipshared/e9c3/hdl/light_counter_v1_0_LIGHT_REG_AXI.vhd:218]
CRITICAL WARNING: [Synth 8-3352] multi-driven net Q with 2nd driver pin 'GND' [f:/school/2018-2019/fall/hscd/lab2part2/lab2part2.srcs/sources_1/bd/flash_lights/ipshared/e9c3/hdl/light_counter_v1_0_LIGHT_REG_AXI.vhd:218]
CRITICAL WARNING: [Synth 8-5559] multi-driven net Q is connected to constant driver, other driver is ignored [f:/school/2018-2019/fall/hscd/lab2part2/lab2part2.srcs/sources_1/bd/flash_lights/ipshared/e9c3/hdl/light_counter_v1_0_LIGHT_REG_AXI.vhd:218]
INFO: [Synth 8-3332] Sequential element (U0/light_counter_v1_0_LIGHT_REG_AXI_inst/slv_reg1_reg[0]) is unused and will be removed from module flash_lights_light_counter_0_0.
CRITICAL WARNING: [Synth 8-3352] multi-driven net Q with 1st driver pin 'U0/light_counter_v1_0_LIGHT_REG_AXI_inst/slv_reg1_reg[0]/Q' [f:/school/2018-2019/fall/hscd/lab2part2/lab2part2.srcs/sources_1/bd/flash_lights/ipshared/e9c3/hdl/light_counter_v1_0_LIGHT_REG_AXI.vhd:218]
CRITICAL WARNING: [Synth 8-3352] multi-driven net Q with 2nd driver pin 'GND' [f:/school/2018-2019/fall/hscd/lab2part2/lab2part2.srcs/sources_1/bd/flash_lights/ipshared/e9c3/hdl/light_counter_v1_0_LIGHT_REG_AXI.vhd:218]
CRITICAL WARNING: [Synth 8-5559] multi-driven net Q is connected to constant driver, other driver is ignored [f:/school/2018-2019/fall/hscd/lab2part2/lab2part2.srcs/sources_1/bd/flash_lights/ipshared/e9c3/hdl/light_counter_v1_0_LIGHT_REG_AXI.vhd:218]
INFO: [Synth 8-3332] Sequential element (U0/light_counter_v1_0_LIGHT_REG_AXI_inst/aw_en_reg) is unused and will be removed from module flash_lights_light_counter_0_0.
INFO: [Synth 8-3332] Sequential element (U0/light_counter_v1_0_LIGHT_REG_AXI_inst/axi_bresp_reg[1]) is unused and will be removed from module flash_lights_light_counter_0_0.
INFO: [Synth 8-3332] Sequential element (U0/light_counter_v1_0_LIGHT_REG_AXI_inst/axi_araddr_reg[1]) is unused and will be removed from module flash_lights_light_counter_0_0.
INFO: [Synth 8-3332] Sequential element (U0/light_counter_v1_0_LIGHT_REG_AXI_inst/axi_araddr_reg[0]) is unused and will be removed from module flash_lights_light_counter_0_0.
INFO: [Synth 8-3332] Sequential element (U0/light_counter_v1_0_LIGHT_REG_AXI_inst/axi_awaddr_reg[1]) is unused and will be removed from module flash_lights_light_counter_0_0.
INFO: [Synth 8-3332] Sequential element (U0/light_counter_v1_0_LIGHT_REG_AXI_inst/axi_awaddr_reg[0]) is unused and will be removed from module flash_lights_light_counter_0_0.
INFO: [Synth 8-3332] Sequential element (U0/light_counter_v1_0_LIGHT_REG_AXI_inst/axi_rresp_reg[1]) is unused and will be removed from module flash_lights_light_counter_0_0.
INFO: [Synth 8-3332] Sequential element (U0/light_counter_v1_0_LIGHT_REG_AXI_inst/count_reg[30]) is unused and will be removed from module flash_lights_light_counter_0_0.
INFO: [Synth 8-3332] Sequential element (U0/light_counter_v1_0_LIGHT_REG_AXI_inst/count_reg[29]) is unused and will be removed from module flash_lights_light_counter_0_0.
INFO: [Synth 8-3332] Sequential element (U0/light_counter_v1_0_LIGHT_REG_AXI_inst/count_reg[28]) is unused and will be removed from module flash_lights_light_counter_0_0.
INFO: [Synth 8-3332] Sequential element (U0/light_counter_v1_0_LIGHT_REG_AXI_inst/count_reg[27]) is unused and will be removed from module flash_lights_light_counter_0_0.
INFO: [Synth 8-3332] Sequential element (U0/light_counter_v1_0_LIGHT_REG_AXI_inst/count_reg[26]) is unused and will be removed from module flash_lights_light_counter_0_0.
INFO: [Synth 8-3332] Sequential element (U0/light_counter_v1_0_LIGHT_REG_AXI_inst/count_reg[25]) is unused and will be removed from module flash_lights_light_counter_0_0.
INFO: [Synth 8-3332] Sequential element (U0/light_counter_v1_0_LIGHT_REG_AXI_inst/count_reg[24]) is unused and will be removed from module flash_lights_light_counter_0_0.
INFO: [Synth 8-3332] Sequential element (U0/light_counter_v1_0_LIGHT_REG_AXI_inst/count_reg[23]) is unused and will be removed from module flash_lights_light_counter_0_0.
INFO: [Synth 8-3332] Sequential element (U0/light_counter_v1_0_LIGHT_REG_AXI_inst/count_reg[22]) is unused and will be removed from module flash_lights_light_counter_0_0.
INFO: [Synth 8-3332] Sequential element (U0/light_counter_v1_0_LIGHT_REG_AXI_inst/count_reg[21]) is unused and will be removed from module flash_lights_light_counter_0_0.
INFO: [Synth 8-3332] Sequential element (U0/light_counter_v1_0_LIGHT_REG_AXI_inst/count_reg[20]) is unused and will be removed from module flash_lights_light_counter_0_0.
INFO: [Synth 8-3332] Sequential element (U0/light_counter_v1_0_LIGHT_REG_AXI_inst/count_reg[19]) is unused and will be removed from module flash_lights_light_counter_0_0.
INFO: [Synth 8-3332] Sequential element (U0/light_counter_v1_0_LIGHT_REG_AXI_inst/count_reg[18]) is unused and will be removed from module flash_lights_light_counter_0_0.
INFO: [Synth 8-3332] Sequential element (U0/light_counter_v1_0_LIGHT_REG_AXI_inst/count_reg[17]) is unused and will be removed from module flash_lights_light_counter_0_0.
INFO: [Synth 8-3332] Sequential element (U0/light_counter_v1_0_LIGHT_REG_AXI_inst/count_reg[16]) is unused and will be removed from module flash_lights_light_counter_0_0.
INFO: [Synth 8-3332] Sequential element (U0/light_counter_v1_0_LIGHT_REG_AXI_inst/count_reg[15]) is unused and will be removed from module flash_lights_light_counter_0_0.
INFO: [Synth 8-3332] Sequential element (U0/light_counter_v1_0_LIGHT_REG_AXI_inst/count_reg[14]) is unused and will be removed from module flash_lights_light_counter_0_0.
INFO: [Synth 8-3332] Sequential element (U0/light_counter_v1_0_LIGHT_REG_AXI_inst/count_reg[13]) is unused and will be removed from module flash_lights_light_counter_0_0.
INFO: [Synth 8-3332] Sequential element (U0/light_counter_v1_0_LIGHT_REG_AXI_inst/count_reg[12]) is unused and will be removed from module flash_lights_light_counter_0_0.
INFO: [Synth 8-3332] Sequential element (U0/light_counter_v1_0_LIGHT_REG_AXI_inst/count_reg[11]) is unused and will be removed from module flash_lights_light_counter_0_0.
INFO: [Synth 8-3332] Sequential element (U0/light_counter_v1_0_LIGHT_REG_AXI_inst/count_reg[10]) is unused and will be removed from module flash_lights_light_counter_0_0.
INFO: [Synth 8-3332] Sequential element (U0/light_counter_v1_0_LIGHT_REG_AXI_inst/count_reg[9]) is unused and will be removed from module flash_lights_light_counter_0_0.
INFO: [Synth 8-3332] Sequential element (U0/light_counter_v1_0_LIGHT_REG_AXI_inst/count_reg[8]) is unused and will be removed from module flash_lights_light_counter_0_0.
INFO: [Synth 8-3332] Sequential element (U0/light_counter_v1_0_LIGHT_REG_AXI_inst/count_reg[7]) is unused and will be removed from module flash_lights_light_counter_0_0.
INFO: [Synth 8-3332] Sequential element (U0/light_counter_v1_0_LIGHT_REG_AXI_inst/count_reg[6]) is unused and will be removed from module flash_lights_light_counter_0_0.
INFO: [Synth 8-3332] Sequential element (U0/light_counter_v1_0_LIGHT_REG_AXI_inst/count_reg[5]) is unused and will be removed from module flash_lights_light_counter_0_0.
INFO: [Synth 8-3332] Sequential element (U0/light_counter_v1_0_LIGHT_REG_AXI_inst/count_reg[4]) is unused and will be removed from module flash_lights_light_counter_0_0.
INFO: [Synth 8-3332] Sequential element (U0/light_counter_v1_0_LIGHT_REG_AXI_inst/count_reg[3]) is unused and will be removed from module flash_lights_light_counter_0_0.
INFO: [Synth 8-3332] Sequential element (U0/light_counter_v1_0_LIGHT_REG_AXI_inst/count_reg[2]) is unused and will be removed from module flash_lights_light_counter_0_0.
INFO: [Common 17-14] Message 'Synth 8-3332' appears 100 times and further instances of the messages will be disabled. Use the Tcl command set_msg_config to change the current settings.
---------------------------------------------------------------------------------
Finished Cross Boundary and Area Optimization : Time (s): cpu = 00:00:13 ; elapsed = 00:00:18 . Memory (MB): peak = 838.367 ; gain = 471.680
---------------------------------------------------------------------------------

Report RTL Partitions: 
+-+--------------+------------+----------+
| |RTL Partition |Replication |Instances |
+-+--------------+------------+----------+
+-+--------------+------------+----------+
---------------------------------------------------------------------------------
Start Applying XDC Timing Constraints
---------------------------------------------------------------------------------
---------------------------------------------------------------------------------
Finished Applying XDC Timing Constraints : Time (s): cpu = 00:00:22 ; elapsed = 00:00:29 . Memory (MB): peak = 839.594 ; gain = 472.906
---------------------------------------------------------------------------------
---------------------------------------------------------------------------------
Start Timing Optimization
---------------------------------------------------------------------------------
---------------------------------------------------------------------------------
Finished Timing Optimization : Time (s): cpu = 00:00:22 ; elapsed = 00:00:29 . Memory (MB): peak = 839.742 ; gain = 473.055
---------------------------------------------------------------------------------

Report RTL Partitions: 
+-+--------------+------------+----------+
| |RTL Partition |Replication |Instances |
+-+--------------+------------+----------+
+-+--------------+------------+----------+
---------------------------------------------------------------------------------
Start Technology Mapping
---------------------------------------------------------------------------------
---------------------------------------------------------------------------------
Finished Technology Mapping : Time (s): cpu = 00:00:22 ; elapsed = 00:00:29 . Memory (MB): peak = 850.121 ; gain = 483.434
---------------------------------------------------------------------------------

Report RTL Partitions: 
+-+--------------+------------+----------+
| |RTL Partition |Replication |Instances |
+-+--------------+------------+----------+
+-+--------------+------------+----------+
---------------------------------------------------------------------------------
Start IO Insertion
---------------------------------------------------------------------------------
---------------------------------------------------------------------------------
Start Flattening Before IO Insertion
---------------------------------------------------------------------------------
---------------------------------------------------------------------------------
Finished Flattening Before IO Insertion
---------------------------------------------------------------------------------
---------------------------------------------------------------------------------
Start Final Netlist Cleanup
---------------------------------------------------------------------------------
---------------------------------------------------------------------------------
Finished Final Netlist Cleanup
---------------------------------------------------------------------------------
---------------------------------------------------------------------------------
Finished IO Insertion : Time (s): cpu = 00:00:23 ; elapsed = 00:00:30 . Memory (MB): peak = 850.121 ; gain = 483.434
---------------------------------------------------------------------------------

Report Check Netlist: 
+------+------------------+-------+---------+-------+------------------+
|      |Item              |Errors |Warnings |Status |Description       |
+------+------------------+-------+---------+-------+------------------+
|1     |multi_driven_nets |      0|        0|Passed |Multi driven nets |
+------+------------------+-------+---------+-------+------------------+
---------------------------------------------------------------------------------
Start Renaming Generated Instances
---------------------------------------------------------------------------------
---------------------------------------------------------------------------------
Finished Renaming Generated Instances : Time (s): cpu = 00:00:23 ; elapsed = 00:00:30 . Memory (MB): peak = 850.121 ; gain = 483.434
---------------------------------------------------------------------------------

Report RTL Partitions: 
+-+--------------+------------+----------+
| |RTL Partition |Replication |Instances |
+-+--------------+------------+----------+
+-+--------------+------------+----------+
---------------------------------------------------------------------------------
Start Rebuilding User Hierarchy
---------------------------------------------------------------------------------
---------------------------------------------------------------------------------
Finished Rebuilding User Hierarchy : Time (s): cpu = 00:00:23 ; elapsed = 00:00:30 . Memory (MB): peak = 850.121 ; gain = 483.434
---------------------------------------------------------------------------------
---------------------------------------------------------------------------------
Start Renaming Generated Ports
---------------------------------------------------------------------------------
---------------------------------------------------------------------------------
Finished Renaming Generated Ports : Time (s): cpu = 00:00:23 ; elapsed = 00:00:30 . Memory (MB): peak = 850.121 ; gain = 483.434
---------------------------------------------------------------------------------
---------------------------------------------------------------------------------
Start Handling Custom Attributes
---------------------------------------------------------------------------------
---------------------------------------------------------------------------------
Finished Handling Custom Attributes : Time (s): cpu = 00:00:23 ; elapsed = 00:00:30 . Memory (MB): peak = 850.121 ; gain = 483.434
---------------------------------------------------------------------------------
---------------------------------------------------------------------------------
Start Renaming Generated Nets
---------------------------------------------------------------------------------
---------------------------------------------------------------------------------
Finished Renaming Generated Nets : Time (s): cpu = 00:00:23 ; elapsed = 00:00:30 . Memory (MB): peak = 850.121 ; gain = 483.434
---------------------------------------------------------------------------------
---------------------------------------------------------------------------------
Start Writing Synthesis Report
---------------------------------------------------------------------------------

Report BlackBoxes: 
+-+--------------+----------+
| |BlackBox name |Instances |
+-+--------------+----------+
+-+--------------+----------+

Report Cell Usage: 
+------+-----+------+
|      |Cell |Count |
+------+-----+------+
|1     |LUT1 |     1|
|2     |LUT2 |     1|
|3     |LUT3 |     3|
|4     |LUT4 |    16|
|5     |LUT5 |    34|
|6     |LUT6 |     1|
|7     |FDRE |   135|
|8     |FDSE |     2|
+------+-----+------+

Report Instance Areas: 
+------+------------------------------------------+---------------------------------+------+
|      |Instance                                  |Module                           |Cells |
+------+------------------------------------------+---------------------------------+------+
|1     |top                                       |                                 |   193|
|2     |  U0                                      |light_counter_v1_0               |   193|
|3     |    light_counter_v1_0_LIGHT_REG_AXI_inst |light_counter_v1_0_LIGHT_REG_AXI |   193|
+------+------------------------------------------+---------------------------------+------+
---------------------------------------------------------------------------------
Finished Writing Synthesis Report : Time (s): cpu = 00:00:23 ; elapsed = 00:00:30 . Memory (MB): peak = 850.121 ; gain = 483.434
---------------------------------------------------------------------------------
Synthesis finished with 0 errors, 96 critical warnings and 6 warnings.
Synthesis Optimization Runtime : Time (s): cpu = 00:00:14 ; elapsed = 00:00:21 . Memory (MB): peak = 850.121 ; gain = 161.336
Synthesis Optimization Complete : Time (s): cpu = 00:00:23 ; elapsed = 00:00:30 . Memory (MB): peak = 850.121 ; gain = 483.434
INFO: [Project 1-571] Translating synthesized netlist
INFO: [Project 1-570] Preparing netlist for logic optimization
INFO: [Opt 31-138] Pushed 0 inverter(s) to 0 load pin(s).
INFO: [Project 1-111] Unisim Transformation Summary:
No Unisim elements were transformed.

INFO: [Common 17-83] Releasing license: Synthesis
125 Infos, 15 Warnings, 96 Critical Warnings and 0 Errors encountered.
synth_design completed successfully
synth_design: Time (s): cpu = 00:00:25 ; elapsed = 00:00:33 . Memory (MB): peak = 859.906 ; gain = 504.691
WARNING: [Constraints 18-5210] No constraint will be written out.
INFO: [Common 17-1381] The checkpoint 'F:/school/2018-2019/fall/hscd/lab2part2/lab2part2.runs/flash_lights_light_counter_0_0_synth_1/flash_lights_light_counter_0_0.dcp' has been generated.
INFO: [Coretcl 2-1482] Added synthesis output to IP cache for IP f:/school/2018-2019/fall/hscd/lab2part2/lab2part2.srcs/sources_1/bd/flash_lights/ip/flash_lights_light_counter_0_0/flash_lights_light_counter_0_0.xci
INFO: [Coretcl 2-1174] Renamed 2 cell refs.
WARNING: [Constraints 18-5210] No constraint will be written out.
INFO: [Common 17-1381] The checkpoint 'F:/school/2018-2019/fall/hscd/lab2part2/lab2part2.runs/flash_lights_light_counter_0_0_synth_1/flash_lights_light_counter_0_0.dcp' has been generated.
INFO: [runtcl-4] Executing : report_utilization -file flash_lights_light_counter_0_0_utilization_synth.rpt -pb flash_lights_light_counter_0_0_utilization_synth.pb
report_utilization: Time (s): cpu = 00:00:00 ; elapsed = 00:00:00.027 . Memory (MB): peak = 859.906 ; gain = 0.000
INFO: [Common 17-206] Exiting Vivado at Fri Oct 26 00:35:32 2018...
