Copyright 1986-2018 Xilinx, Inc. All Rights Reserved.
------------------------------------------------------------------------------------
| Tool Version : Vivado v.2018.2 (win64) Build 2258646 Thu Jun 14 20:03:12 MDT 2018
| Date         : Fri Oct 26 00:34:24 2018
| Host         : DESKTOP-PVBM0UH running 64-bit major release  (build 9200)
| Command      : upgrade_ip
| Device       : xc7z010clg400-1
------------------------------------------------------------------------------------

Upgrade Log for IP 'flash_lights_light_counter_0_0'

1. Summary
----------

SUCCESS in the upgrade of flash_lights_light_counter_0_0 (xilinx.com:user:light_counter:1.0) from (Rev. 9) to (Rev. 10)






Copyright 1986-2018 Xilinx, Inc. All Rights Reserved.
------------------------------------------------------------------------------------
| Tool Version : Vivado v.2018.2 (win64) Build 2258646 Thu Jun 14 20:03:12 MDT 2018
| Date         : Fri Oct 26 00:16:00 2018
| Host         : DESKTOP-PVBM0UH running 64-bit major release  (build 9200)
| Command      : upgrade_ip
| Device       : xc7z010clg400-1
------------------------------------------------------------------------------------

Upgrade Log for IP 'flash_lights_light_counter_0_0'

1. Summary
----------

SUCCESS in the upgrade of flash_lights_light_counter_0_0 (xilinx.com:user:light_counter:1.0) from (Rev. 7) to (Rev. 9)






Copyright 1986-2018 Xilinx, Inc. All Rights Reserved.
------------------------------------------------------------------------------------
| Tool Version : Vivado v.2018.2 (win64) Build 2258646 Thu Jun 14 20:03:12 MDT 2018
| Date         : Thu Oct 25 22:56:07 2018
| Host         : DESKTOP-PVBM0UH running 64-bit major release  (build 9200)
| Command      : upgrade_ip
| Device       : xc7z010clg400-1
------------------------------------------------------------------------------------

Upgrade Log for IP 'flash_lights_light_counter_0_0'

1. Summary
----------

SUCCESS in the upgrade of flash_lights_light_counter_0_0 (xilinx.com:user:light_counter:1.0) from (Rev. 6) to (Rev. 7)






Copyright 1986-2018 Xilinx, Inc. All Rights Reserved.
------------------------------------------------------------------------------------
| Tool Version : Vivado v.2018.2 (win64) Build 2258646 Thu Jun 14 20:03:12 MDT 2018
| Date         : Wed Oct 24 18:28:21 2018
| Host         : DESKTOP-PVBM0UH running 64-bit major release  (build 9200)
| Command      : upgrade_ip
| Device       : xc7z010clg400-1
------------------------------------------------------------------------------------

Upgrade Log for IP 'flash_lights_light_counter_0_0'

1. Summary
----------

SUCCESS in the upgrade of flash_lights_light_counter_0_0 (xilinx.com:user:light_counter:1.0) from (Rev. 5) to (Rev. 6)






Copyright 1986-2018 Xilinx, Inc. All Rights Reserved.
------------------------------------------------------------------------------------
| Tool Version : Vivado v.2018.2 (win64) Build 2258646 Thu Jun 14 20:03:12 MDT 2018
| Date         : Wed Oct 17 21:47:44 2018
| Host         : DESKTOP-PVBM0UH running 64-bit major release  (build 9200)
| Command      : upgrade_ip
| Device       : xc7z010clg400-1
------------------------------------------------------------------------------------

Upgrade Log for IP 'flash_lights_light_counter_0_0'

1. Summary
----------

SUCCESS in the upgrade of flash_lights_light_counter_0_0 (xilinx.com:user:light_counter:1.0) from (Rev. 4) to (Rev. 5)






Copyright 1986-2018 Xilinx, Inc. All Rights Reserved.
------------------------------------------------------------------------------------
| Tool Version : Vivado v.2018.2 (win64) Build 2258646 Thu Jun 14 20:03:12 MDT 2018
| Date         : Wed Oct 17 20:40:58 2018
| Host         : DESKTOP-PVBM0UH running 64-bit major release  (build 9200)
| Command      : upgrade_ip
| Device       : xc7z010clg400-1
------------------------------------------------------------------------------------

Upgrade Log for IP 'flash_lights_light_counter_0_0'

1. Summary
----------

SUCCESS in the upgrade of flash_lights_light_counter_0_0 (xilinx.com:user:light_counter:1.0) from (Rev. 3) to (Rev. 4)






Copyright 1986-2018 Xilinx, Inc. All Rights Reserved.
------------------------------------------------------------------------------------
| Tool Version : Vivado v.2018.2 (win64) Build 2258646 Thu Jun 14 20:03:12 MDT 2018
| Date         : Wed Oct 17 20:31:16 2018
| Host         : DESKTOP-PVBM0UH running 64-bit major release  (build 9200)
| Command      : upgrade_ip
| Device       : xc7z010clg400-1
------------------------------------------------------------------------------------

Upgrade Log for IP 'flash_lights_light_counter_0_0'

1. Summary
----------

SUCCESS in the upgrade of flash_lights_light_counter_0_0 (xilinx.com:user:light_counter:1.0) from (Rev. 2) to (Rev. 3)

