    ____  ____
   /   /\/   /
  /___/  \  /    VENDOR      : Xilinx Inc.
  \   \   \/     VERSION     : 14.7 (P.20131013)
   \   \         APPLICATION : compxlib
   /   /         CONTENTS    : Compilation Log
  /___/   /\     FILENAME    : compxlib.log
  \   \  /  \    
   \___\/\___\

Processing command line ...
Library Source Paths => 'd:/Xilinx/14.7/ISE_DS/ISE'
Current Working Directory => 'D:\Charlie Coleman\School 2017\ECE 2205\DigitalLabs\Lab8'
Compilation Mode = FAST
Execute Mode = ON
Scheduling library installation & compilation for architectures: all

Scheduling library installation & compilation for libraries: all

Signature:-
------------------------------------------------------------------------------
compxlib -s mti_se -64bit -p D:\Xilinx\ModelSim\win32pe_edu -l all -arch all -lib all -w -exclude_superseded 
------------------------------------------------------------------------------
ERROR:Compxlib - COMPXLIB[sim]: Unable to automatically find executables for simulator 'mti_se' from the following paths:
    D:\Xilinx\ModelSim\win32pe_edu
   d:\Xilinx\14.7\ISE_DS\ISE\\lib\nt64
   d:\Xilinx\14.7\ISE_DS\ISE\\bin\nt64
   D:/Xilinx/ModelSim/win32pe_edu
   D:\Xilinx\14.7\ISE_DS\ISE\bin\nt64
   D:\Xilinx\14.7\ISE_DS\ISE\lib\nt64
   D:\Xilinx\14.7\ISE_DS\ISE\..\..\..\DocNav
   D:\Xilinx\14.7\ISE_DS\PlanAhead\bin
   D:\Xilinx\14.7\ISE_DS\EDK\bin\nt64
   D:\Xilinx\14.7\ISE_DS\EDK\lib\nt64
   D:\Xilinx\14.7\ISE_DS\EDK\gnu\microblaze\nt\bin
   D:\Xilinx\14.7\ISE_DS\EDK\gnu\powerpc-eabi\nt\bin
   D:\Xilinx\14.7\ISE_DS\EDK\gnuwin\bin
   D:\Xilinx\14.7\ISE_DS\EDK\gnu\arm\nt\bin
   D:\Xilinx\14.7\ISE_DS\EDK\gnu\microblaze\linux_toolchain\nt64_be\bin
   D:\Xilinx\14.7\ISE_DS\EDK\gnu\microblaze\linux_toolchain\nt64_le\bin
   D:\Xilinx\14.7\ISE_DS\common\bin\nt64
   D:\Xilinx\14.7\ISE_DS\common\lib\nt64
   C:\ProgramData\Oracle\Java\javapath
   C:\Windows\system32
   C:\Windows
   C:\Windows\System32\Wbem
   C:\Windows\System32\WindowsPowerShell\v1.0\
   C:\Program Files (x86)\NVIDIA Corporation\PhysX\Common
   C:\Program Files (x86)\Windows Live\Shared
   C:\Program Files (x86)\PharosSystems\Core
   C:\Windows\system32\config\systemprofile\.dnx\bin
   C:\Program Files\Microsoft DNX\Dnvm\
   C:\Program Files (x86)\Windows Kits\8.1\Windows Performance Toolkit\
   D:\Program Files\doxygen\bin
   C:\Program Files (x86)\GtkSharp\2.12\bin
   D:\Program Files\nodejs\
   D:\Program Files (x86)\Heroku\bin
   C:\Program Files (x86)\git\cmd
   D:\Anaconda2
   D:\Anaconda2\Scripts
   D:\Anaconda2\Library\bin
   C:\Program Files\Git\cmd
   C:\Program Files (x86)\Brackets\command
   C:\Program Files (x86)\Skype\Phone\
   C:\Users\Charlie\AppData\Roaming\npm
   C:\Users\Charlie\AppData\Local\atom\bin.
Simulator 'mti_se' is ignored.
