Release 14.7 - xst P.20131013 (nt64)
Copyright (c) 1995-2013 Xilinx, Inc.  All rights reserved.
--> Parameter TMPDIR set to xst/projnav.tmp


Total REAL time to Xst completion: 0.00 secs
Total CPU time to Xst completion: 0.07 secs
 
--> Parameter xsthdpdir set to xst


Total REAL time to Xst completion: 0.00 secs
Total CPU time to Xst completion: 0.07 secs
 
--> Reading design: FourBitRegister.prj

TABLE OF CONTENTS
  1) Synthesis Options Summary
  2) HDL Compilation
  3) Design Hierarchy Analysis
  4) HDL Analysis
  5) HDL Synthesis
     5.1) HDL Synthesis Report
  6) Advanced HDL Synthesis
     6.1) Advanced HDL Synthesis Report
  7) Low Level Synthesis
  8) Partition Report
  9) Final Report
	9.1) Device utilization summary
	9.2) Partition Resource Summary
	9.3) TIMING REPORT


=========================================================================
*                      Synthesis Options Summary                        *
=========================================================================
---- Source Parameters
Input File Name                    : "FourBitRegister.prj"
Input Format                       : mixed
Ignore Synthesis Constraint File   : NO

---- Target Parameters
Output File Name                   : "FourBitRegister"
Output Format                      : NGC
Target Device                      : xc3s500e-4-fg320

---- Source Options
Top Module Name                    : FourBitRegister
Automatic FSM Extraction           : YES
FSM Encoding Algorithm             : Auto
Safe Implementation                : No
FSM Style                          : LUT
RAM Extraction                     : Yes
RAM Style                          : Auto
ROM Extraction                     : Yes
Mux Style                          : Auto
Decoder Extraction                 : YES
Priority Encoder Extraction        : Yes
Shift Register Extraction          : YES
Logical Shifter Extraction         : YES
XOR Collapsing                     : YES
ROM Style                          : Auto
Mux Extraction                     : Yes
Resource Sharing                   : YES
Asynchronous To Synchronous        : NO
Multiplier Style                   : Auto
Automatic Register Balancing       : No

---- Target Options
Add IO Buffers                     : YES
Global Maximum Fanout              : 500
Add Generic Clock Buffer(BUFG)     : 24
Register Duplication               : YES
Slice Packing                      : YES
Optimize Instantiated Primitives   : NO
Use Clock Enable                   : Yes
Use Synchronous Set                : Yes
Use Synchronous Reset              : Yes
Pack IO Registers into IOBs        : Auto
Equivalent register Removal        : YES

---- General Options
Optimization Goal                  : Speed
Optimization Effort                : 1
Keep Hierarchy                     : No
Netlist Hierarchy                  : As_Optimized
RTL Output                         : Yes
Global Optimization                : AllClockNets
Read Cores                         : YES
Write Timing Constraints           : NO
Cross Clock Analysis               : NO
Hierarchy Separator                : /
Bus Delimiter                      : <>
Case Specifier                     : Maintain
Slice Utilization Ratio            : 100
BRAM Utilization Ratio             : 100
Verilog 2001                       : YES
Auto BRAM Packing                  : NO
Slice Utilization Ratio Delta      : 5

=========================================================================


=========================================================================
*                          HDL Compilation                              *
=========================================================================
Compiling vhdl file "D:/Charlie Coleman/School 2017/ECE 2205/DigitalLabs/Lab8/DFlipFlop.vhd" in Library work.
Architecture behavioral of Entity dflipflop is up to date.
Compiling vhdl file "D:/Charlie Coleman/School 2017/ECE 2205/DigitalLabs/Lab8/EdgeTriggeredDFlipFlop.vhd" in Library work.
Architecture behavioral of Entity edgetriggereddflipflop is up to date.
Compiling vhdl file "D:/Charlie Coleman/School 2017/ECE 2205/DigitalLabs/Lab8/FourBitRegister.vhd" in Library work.
Architecture behavioral of Entity fourbitregister is up to date.

=========================================================================
*                     Design Hierarchy Analysis                         *
=========================================================================
Analyzing hierarchy for entity <FourBitRegister> in library <work> (architecture <behavioral>).

Analyzing hierarchy for entity <EdgeTriggeredDFlipFlop> in library <work> (architecture <behavioral>).

Analyzing hierarchy for entity <DFlipFlop> in library <work> (architecture <behavioral>).


=========================================================================
*                            HDL Analysis                               *
=========================================================================
Analyzing Entity <FourBitRegister> in library <work> (Architecture <behavioral>).
Entity <FourBitRegister> analyzed. Unit <FourBitRegister> generated.

Analyzing Entity <EdgeTriggeredDFlipFlop> in library <work> (Architecture <behavioral>).
Entity <EdgeTriggeredDFlipFlop> analyzed. Unit <EdgeTriggeredDFlipFlop> generated.

Analyzing Entity <DFlipFlop> in library <work> (Architecture <behavioral>).
Entity <DFlipFlop> analyzed. Unit <DFlipFlop> generated.


=========================================================================
*                           HDL Synthesis                               *
=========================================================================

Performing bidirectional port resolution...

Synthesizing Unit <DFlipFlop>.
    Related source file is "D:/Charlie Coleman/School 2017/ECE 2205/DigitalLabs/Lab8/DFlipFlop.vhd".
WARNING:Xst:737 - Found 1-bit latch for signal <Q>. Latches may be generated from incomplete case or if statements. We do not recommend the use of latches in FPGA/CPLD designs, as they may lead to timing problems.
Unit <DFlipFlop> synthesized.


Synthesizing Unit <EdgeTriggeredDFlipFlop>.
    Related source file is "D:/Charlie Coleman/School 2017/ECE 2205/DigitalLabs/Lab8/EdgeTriggeredDFlipFlop.vhd".
Unit <EdgeTriggeredDFlipFlop> synthesized.


Synthesizing Unit <FourBitRegister>.
    Related source file is "D:/Charlie Coleman/School 2017/ECE 2205/DigitalLabs/Lab8/FourBitRegister.vhd".
WARNING:Xst:647 - Input <D4> is never used. This port will be preserved and left unconnected if it belongs to a top-level block or it belongs to a sub-block and the hierarchy of this sub-block is preserved.
Unit <FourBitRegister> synthesized.


=========================================================================
HDL Synthesis Report

Macro Statistics
# Latches                                              : 8
 1-bit latch                                           : 8

=========================================================================

=========================================================================
*                       Advanced HDL Synthesis                          *
=========================================================================


=========================================================================
Advanced HDL Synthesis Report

Macro Statistics
# Latches                                              : 8
 1-bit latch                                           : 8

=========================================================================

=========================================================================
*                         Low Level Synthesis                           *
=========================================================================
INFO:Xst:2261 - The FF/Latch <ETDFlipFlop4/DFlipFlop_1/Q> in Unit <FourBitRegister> is equivalent to the following FF/Latch, which will be removed : <ETDFlipFlop3/DFlipFlop_1/Q> 
INFO:Xst:2261 - The FF/Latch <ETDFlipFlop4/DFlipFlop_2/Q> in Unit <FourBitRegister> is equivalent to the following FF/Latch, which will be removed : <ETDFlipFlop3/DFlipFlop_2/Q> 

Optimizing unit <FourBitRegister> ...

Mapping all equations...
Building and optimizing final netlist ...
Found area constraint ratio of 100 (+ 5) on block FourBitRegister, actual ratio is 0.

Final Macro Processing ...

=========================================================================
Final Register Report

Found no macro
=========================================================================

=========================================================================
*                           Partition Report                            *
=========================================================================

Partition Implementation Status
-------------------------------

  No Partitions were found in this design.

-------------------------------

=========================================================================
*                            Final Report                               *
=========================================================================
Final Results
RTL Top Level Output File Name     : FourBitRegister.ngr
Top Level Output File Name         : FourBitRegister
Output Format                      : NGC
Optimization Goal                  : Speed
Keep Hierarchy                     : No

Design Statistics
# IOs                              : 9

Cell Usage :
# BELS                             : 1
#      INV                         : 1
# FlipFlops/Latches                : 6
#      LD                          : 6
# Clock Buffers                    : 1
#      BUFGP                       : 1
# IO Buffers                       : 7
#      IBUF                        : 3
#      OBUF                        : 4
=========================================================================

Device utilization summary:
---------------------------

Selected Device : 3s500efg320-4 

 Number of Slices:                        3  out of   4656     0%  
 Number of Slice Flip Flops:              6  out of   9312     0%  
 Number of 4 input LUTs:                  1  out of   9312     0%  
 Number of IOs:                           9
 Number of bonded IOBs:                   8  out of    232     3%  
 Number of GCLKs:                         1  out of     24     4%  

---------------------------
Partition Resource Summary:
---------------------------

  No Partitions were found in this design.

---------------------------


=========================================================================
TIMING REPORT

NOTE: THESE TIMING NUMBERS ARE ONLY A SYNTHESIS ESTIMATE.
      FOR ACCURATE TIMING INFORMATION PLEASE REFER TO THE TRACE REPORT
      GENERATED AFTER PLACE-and-ROUTE.

Clock Information:
------------------
-----------------------------------+------------------------+-------+
Clock Signal                       | Clock buffer(FF name)  | Load  |
-----------------------------------+------------------------+-------+
CLK                                | BUFGP                  | 6     |
-----------------------------------+------------------------+-------+

Asynchronous Control Signals Information:
----------------------------------------
No asynchronous control signals found in this design

Timing Summary:
---------------
Speed Grade: -4

   Minimum period: 2.808ns (Maximum Frequency: 356.125MHz)
   Minimum input arrival time before clock: 1.946ns
   Maximum output required time after clock: 4.395ns
   Maximum combinational path delay: No path found

Timing Detail:
--------------
All values displayed in nanoseconds (ns)

=========================================================================
Timing constraint: Default period analysis for Clock 'CLK'
  Clock period: 2.808ns (frequency: 356.125MHz)
  Total number of paths / destination ports: 3 / 3
-------------------------------------------------------------------------
Delay:               1.404ns (Levels of Logic = 0)
  Source:            ETDFlipFlop4/DFlipFlop_1/Q (LATCH)
  Destination:       ETDFlipFlop4/DFlipFlop_2/Q (LATCH)
  Source Clock:      CLK rising
  Destination Clock: CLK falling

  Data Path: ETDFlipFlop4/DFlipFlop_1/Q to ETDFlipFlop4/DFlipFlop_2/Q
                                Gate     Net
    Cell:in->out      fanout   Delay   Delay  Logical Name (Net Name)
    ----------------------------------------  ------------
     LD:G->Q               1   0.676   0.420  ETDFlipFlop4/DFlipFlop_1/Q (ETDFlipFlop4/DFlipFlop_1/Q)
     LD:D                      0.308          ETDFlipFlop4/DFlipFlop_2/Q
    ----------------------------------------
    Total                      1.404ns (0.984ns logic, 0.420ns route)
                                       (70.1% logic, 29.9% route)

=========================================================================
Timing constraint: Default OFFSET IN BEFORE for Clock 'CLK'
  Total number of paths / destination ports: 3 / 3
-------------------------------------------------------------------------
Offset:              1.946ns (Levels of Logic = 1)
  Source:            D3 (PAD)
  Destination:       ETDFlipFlop4/DFlipFlop_1/Q (LATCH)
  Destination Clock: CLK rising

  Data Path: D3 to ETDFlipFlop4/DFlipFlop_1/Q
                                Gate     Net
    Cell:in->out      fanout   Delay   Delay  Logical Name (Net Name)
    ----------------------------------------  ------------
     IBUF:I->O             1   1.218   0.420  D3_IBUF (D3_IBUF)
     LD:D                      0.308          ETDFlipFlop4/DFlipFlop_1/Q
    ----------------------------------------
    Total                      1.946ns (1.526ns logic, 0.420ns route)
                                       (78.4% logic, 21.6% route)

=========================================================================
Timing constraint: Default OFFSET OUT AFTER for Clock 'CLK'
  Total number of paths / destination ports: 4 / 4
-------------------------------------------------------------------------
Offset:              4.395ns (Levels of Logic = 1)
  Source:            ETDFlipFlop4/DFlipFlop_2/Q (LATCH)
  Destination:       Q3 (PAD)
  Source Clock:      CLK falling

  Data Path: ETDFlipFlop4/DFlipFlop_2/Q to Q3
                                Gate     Net
    Cell:in->out      fanout   Delay   Delay  Logical Name (Net Name)
    ----------------------------------------  ------------
     LD:G->Q               2   0.676   0.447  ETDFlipFlop4/DFlipFlop_2/Q (ETDFlipFlop4/DFlipFlop_2/Q)
     OBUF:I->O                 3.272          Q3_OBUF (Q3)
    ----------------------------------------
    Total                      4.395ns (3.948ns logic, 0.447ns route)
                                       (89.8% logic, 10.2% route)

=========================================================================


Total REAL time to Xst completion: 4.00 secs
Total CPU time to Xst completion: 3.93 secs
 
--> 

Total memory usage is 294400 kilobytes

Number of errors   :    0 (   0 filtered)
Number of warnings :    2 (   0 filtered)
Number of infos    :    2 (   0 filtered)

