This is pdfTeX, Version 3.14159265-2.6-1.40.16 (TeX Live 2015/Debian) (preloaded format=pdflatex 2018.12.6)  25 FEB 2019 00:23
entering extended mode
 restricted \write18 enabled.
 %&-line parsing enabled.
**pa1paper.tex
(./pa1paper.tex
LaTeX2e <2016/02/01>
Babel <3.9q> and hyphenation patterns for 3 language(s) loaded.
(/usr/share/texlive/texmf-dist/tex/latex/base/article.cls
Document Class: article 2014/09/29 v1.4h Standard LaTeX document class
(/usr/share/texlive/texmf-dist/tex/latex/base/size12.clo
File: size12.clo 2014/09/29 v1.4h Standard LaTeX file (size option)
)
\c@part=\count79
\c@section=\count80
\c@subsection=\count81
\c@subsubsection=\count82
\c@paragraph=\count83
\c@subparagraph=\count84
\c@figure=\count85
\c@table=\count86
\abovecaptionskip=\skip41
\belowcaptionskip=\skip42
\bibindent=\dimen102
)
(/usr/share/texlive/texmf-dist/tex/latex/geometry/geometry.sty
Package: geometry 2010/09/12 v5.6 Page Geometry

(/usr/share/texlive/texmf-dist/tex/latex/graphics/keyval.sty
Package: keyval 2014/10/28 v1.15 key=value parser (DPC)
\KV@toks@=\toks14
)
(/usr/share/texlive/texmf-dist/tex/generic/oberdiek/ifpdf.sty
Package: ifpdf 2011/01/30 v2.3 Provides the ifpdf switch (HO)
Package ifpdf Info: pdfTeX in PDF mode is detected.
)
(/usr/share/texlive/texmf-dist/tex/generic/oberdiek/ifvtex.sty
Package: ifvtex 2010/03/01 v1.5 Detect VTeX and its facilities (HO)
Package ifvtex Info: VTeX not detected.
)
(/usr/share/texlive/texmf-dist/tex/generic/ifxetex/ifxetex.sty
Package: ifxetex 2010/09/12 v0.6 Provides ifxetex conditional
)
\Gm@cnth=\count87
\Gm@cntv=\count88
\c@Gm@tempcnt=\count89
\Gm@bindingoffset=\dimen103
\Gm@wd@mp=\dimen104
\Gm@odd@mp=\dimen105
\Gm@even@mp=\dimen106
\Gm@layoutwidth=\dimen107
\Gm@layoutheight=\dimen108
\Gm@layouthoffset=\dimen109
\Gm@layoutvoffset=\dimen110
\Gm@dimlist=\toks15
)
(/usr/share/texlive/texmf-dist/tex/latex/graphics/graphicx.sty
Package: graphicx 2014/10/28 v1.0g Enhanced LaTeX Graphics (DPC,SPQR)

(/usr/share/texlive/texmf-dist/tex/latex/graphics/graphics.sty
Package: graphics 2016/01/03 v1.0q Standard LaTeX Graphics (DPC,SPQR)

(/usr/share/texlive/texmf-dist/tex/latex/graphics/trig.sty
Package: trig 2016/01/03 v1.10 sin cos tan (DPC)
)
(/usr/share/texlive/texmf-dist/tex/latex/latexconfig/graphics.cfg
File: graphics.cfg 2010/04/23 v1.9 graphics configuration of TeX Live
)
Package graphics Info: Driver file: pdftex.def on input line 95.

(/usr/share/texlive/texmf-dist/tex/latex/pdftex-def/pdftex.def
File: pdftex.def 2011/05/27 v0.06d Graphics/color for pdfTeX

(/usr/share/texlive/texmf-dist/tex/generic/oberdiek/infwarerr.sty
Package: infwarerr 2010/04/08 v1.3 Providing info/warning/error messages (HO)
)
(/usr/share/texlive/texmf-dist/tex/generic/oberdiek/ltxcmds.sty
Package: ltxcmds 2011/11/09 v1.22 LaTeX kernel commands for general use (HO)
)
\Gread@gobject=\count90
))
\Gin@req@height=\dimen111
\Gin@req@width=\dimen112
)
(/usr/share/texlive/texmf-dist/tex/latex/setspace/setspace.sty
Package: setspace 2011/12/19 v6.7a set line spacing
)
(/usr/share/texlive/texmf-dist/tex/latex/hyphenat/hyphenat.sty
Package: hyphenat 2009/09/02 v2.3c hyphenation utilities


Package hyphenat Warning: *******************************
(hyphenat)                * You have used the htt option.
(hyphenat)                * You are likely to get many Font Warning messages.
(hyphenat)                * These can usually be ignored.
(hyphenat)                *******************************.

\langwohyphens=\language3
LaTeX Info: Redefining \_ on input line 43.
) (./pa1paper.aux)
\openout1 = `pa1paper.aux'.

LaTeX Font Info:    Checking defaults for OML/cmm/m/it on input line 9.
LaTeX Font Info:    ... okay on input line 9.
LaTeX Font Info:    Checking defaults for T1/cmr/m/n on input line 9.
LaTeX Font Info:    ... okay on input line 9.
LaTeX Font Info:    Checking defaults for OT1/cmr/m/n on input line 9.
LaTeX Font Info:    ... okay on input line 9.
LaTeX Font Info:    Checking defaults for OMS/cmsy/m/n on input line 9.
LaTeX Font Info:    ... okay on input line 9.
LaTeX Font Info:    Checking defaults for OMX/cmex/m/n on input line 9.
LaTeX Font Info:    ... okay on input line 9.
LaTeX Font Info:    Checking defaults for U/cmr/m/n on input line 9.
LaTeX Font Info:    ... okay on input line 9.

*geometry* driver: auto-detecting
*geometry* detected driver: pdftex
*geometry* verbose mode - [ preamble ] result:
* driver: pdftex
* paper: <default>
* layout: <same size as paper>
* layoutoffset:(h,v)=(0.0pt,0.0pt)
* modes: 
* h-part:(L,W,R)=(72.26999pt, 469.75502pt, 72.26999pt)
* v-part:(T,H,B)=(72.26999pt, 650.43001pt, 72.26999pt)
* \paperwidth=614.295pt
* \paperheight=794.96999pt
* \textwidth=469.75502pt
* \textheight=650.43001pt
* \oddsidemargin=0.0pt
* \evensidemargin=0.0pt
* \topmargin=-37.0pt
* \headheight=12.0pt
* \headsep=25.0pt
* \topskip=12.0pt
* \footskip=30.0pt
* \marginparwidth=44.0pt
* \marginparsep=10.0pt
* \columnsep=10.0pt
* \skip\footins=10.8pt plus 4.0pt minus 2.0pt
* \hoffset=0.0pt
* \voffset=0.0pt
* \mag=1000
* \@twocolumnfalse
* \@twosidefalse
* \@mparswitchfalse
* \@reversemarginfalse
* (1in=72.27pt=25.4mm, 1cm=28.453pt)

(/usr/share/texlive/texmf-dist/tex/context/base/supp-pdf.mkii
[Loading MPS to PDF converter (version 2006.09.02).]
\scratchcounter=\count91
\scratchdimen=\dimen113
\scratchbox=\box26
\nofMPsegments=\count92
\nofMParguments=\count93
\everyMPshowfont=\toks16
\MPscratchCnt=\count94
\MPscratchDim=\dimen114
\MPnumerator=\count95
\makeMPintoPDFobject=\count96
\everyMPtoPDFconversion=\toks17
) (/usr/share/texlive/texmf-dist/tex/generic/oberdiek/pdftexcmds.sty
Package: pdftexcmds 2011/11/29 v0.20 Utility functions of pdfTeX for LuaTeX (HO
)

(/usr/share/texlive/texmf-dist/tex/generic/oberdiek/ifluatex.sty
Package: ifluatex 2010/03/01 v1.3 Provides the ifluatex switch (HO)
Package ifluatex Info: LuaTeX not detected.
)
Package pdftexcmds Info: LuaTeX not detected.
Package pdftexcmds Info: \pdf@primitive is available.
Package pdftexcmds Info: \pdf@ifprimitive is available.
Package pdftexcmds Info: \pdfdraftmode found.
)
(/usr/share/texlive/texmf-dist/tex/latex/oberdiek/epstopdf-base.sty
Package: epstopdf-base 2010/02/09 v2.5 Base part for package epstopdf

(/usr/share/texlive/texmf-dist/tex/latex/oberdiek/grfext.sty
Package: grfext 2010/08/19 v1.1 Manage graphics extensions (HO)

(/usr/share/texlive/texmf-dist/tex/generic/oberdiek/kvdefinekeys.sty
Package: kvdefinekeys 2011/04/07 v1.3 Define keys (HO)
))
(/usr/share/texlive/texmf-dist/tex/latex/oberdiek/kvoptions.sty
Package: kvoptions 2011/06/30 v3.11 Key value format for package options (HO)

(/usr/share/texlive/texmf-dist/tex/generic/oberdiek/kvsetkeys.sty
Package: kvsetkeys 2012/04/25 v1.16 Key value parser (HO)

(/usr/share/texlive/texmf-dist/tex/generic/oberdiek/etexcmds.sty
Package: etexcmds 2011/02/16 v1.5 Avoid name clashes with e-TeX commands (HO)
Package etexcmds Info: Could not find \expanded.
(etexcmds)             That can mean that you are not using pdfTeX 1.50 or
(etexcmds)             that some package has redefined \expanded.
(etexcmds)             In the latter case, load this package earlier.
)))
Package grfext Info: Graphics extension search list:
(grfext)             [.png,.pdf,.jpg,.mps,.jpeg,.jbig2,.jb2,.PNG,.PDF,.JPG,.JPE
G,.JBIG2,.JB2,.eps]
(grfext)             \AppendGraphicsExtensions on input line 452.

(/usr/share/texlive/texmf-dist/tex/latex/latexconfig/epstopdf-sys.cfg
File: epstopdf-sys.cfg 2010/07/13 v1.3 Configuration of (r)epstopdf for TeX Liv
e
))

LaTeX Font Warning: Font shape `OT1/cmtt/b/n' undefined
(Font)              using `OT1/cmtt/m/n' instead on input line 9.


LaTeX Font Warning: Font shape `OT1/cmtt/b/it' undefined
(Font)              using `OT1/cmtt/b/n' instead on input line 9.


LaTeX Font Warning: Font shape `OT1/cmtt/b/sl' undefined
(Font)              using `OT1/cmtt/b/n' instead on input line 9.


LaTeX Font Warning: Font shape `OT1/cmtt/b/sc' undefined
(Font)              using `OT1/cmtt/b/n' instead on input line 9.

LaTeX Font Info:    Font shape `OT1/cmtt/bx/n' in size <12> not available
(Font)              Font shape `OT1/cmtt/m/n' tried instead on input line 9.
LaTeX Font Info:    Font shape `OT1/cmtt/bx/it' in size <12> not available
(Font)              Font shape `OT1/cmtt/m/it' tried instead on input line 9.

LaTeX Font Warning: Font shape `OT1/cmtt/bx/sl' undefined
(Font)              using `OT1/cmtt/bx/n' instead on input line 9.


LaTeX Font Warning: Font shape `OT1/cmtt/bx/sc' undefined
(Font)              using `OT1/cmtt/bx/n' instead on input line 9.


LaTeX Font Warning: Font shape `OT1/cmtt/sb/n' undefined
(Font)              using `OT1/cmtt/m/n' instead on input line 9.


LaTeX Font Warning: Font shape `OT1/cmtt/sb/it' undefined
(Font)              using `OT1/cmtt/sb/n' instead on input line 9.


LaTeX Font Warning: Font shape `OT1/cmtt/sb/sl' undefined
(Font)              using `OT1/cmtt/sb/n' instead on input line 9.


LaTeX Font Warning: Font shape `OT1/cmtt/sb/sc' undefined
(Font)              using `OT1/cmtt/sb/n' instead on input line 9.


LaTeX Font Warning: Font shape `OT1/cmtt/c/n' undefined
(Font)              using `OT1/cmtt/m/n' instead on input line 9.


LaTeX Font Warning: Font shape `OT1/cmtt/c/it' undefined
(Font)              using `OT1/cmtt/c/n' instead on input line 9.


LaTeX Font Warning: Font shape `OT1/cmtt/c/sl' undefined
(Font)              using `OT1/cmtt/c/n' instead on input line 9.


LaTeX Font Warning: Font shape `OT1/cmtt/c/sc' undefined
(Font)              using `OT1/cmtt/c/n' instead on input line 9.


LaTeX Font Warning: Font shape `OT1/cmtt/l/n' undefined
(Font)              using `OT1/cmtt/m/n' instead on input line 9.


LaTeX Font Warning: Font shape `OT1/cmtt/l/it' undefined
(Font)              using `OT1/cmtt/l/n' instead on input line 9.


LaTeX Font Warning: Font shape `OT1/cmtt/l/sl' undefined
(Font)              using `OT1/cmtt/l/n' instead on input line 9.


LaTeX Font Warning: Font shape `OT1/cmtt/l/sc' undefined
(Font)              using `OT1/cmtt/l/n' instead on input line 9.

LaTeX Font Info:    Font shape `OT1/cmtt/m/ui' in size <12> not available
(Font)              Font shape `OT1/cmtt/m/it' tried instead on input line 9.
LaTeX Font Info:    Font shape `OT1/cmtt/bx/ui' in size <12> not available
(Font)              Font shape `OT1/cmtt/m/it' tried instead on input line 9.

LaTeX Font Warning: Font shape `OT1/cmtt/m/In' undefined
(Font)              using `OT1/cmtt/m/n' instead on input line 9.


Underfull \hbox (badness 10000) in paragraph at lines 17--18

 []

<rtt0ms.png, id=1, 455.45157pt x 255.95625pt>
File: rtt0ms.png Graphic file (type png)
 <use rtt0ms.png>
Package pdftex.def Info: rtt0ms.png used on input line 27.
(pdftex.def)             Requested size: 234.8775pt x 132.00053pt.

<tput0ms.png, id=2, 455.45157pt x 255.95625pt>
File: tput0ms.png Graphic file (type png)
 <use tput0ms.png>
Package pdftex.def Info: tput0ms.png used on input line 28.
(pdftex.def)             Requested size: 234.8775pt x 132.00053pt.

Overfull \hbox (20.23589pt too wide) in paragraph at lines 27--29
[][] [] 
 []

<rtt10ms.png, id=3, 455.45157pt x 255.95625pt> [1

{/var/lib/texmf/fonts/map/pdftex/updmap/pdftex.map}]
File: rtt10ms.png Graphic file (type png)
 <use rtt10ms.png>
Package pdftex.def Info: rtt10ms.png used on input line 30.
(pdftex.def)             Requested size: 234.8775pt x 132.00053pt.

<tput10ms.png, id=11, 455.45157pt x 255.95625pt>
File: tput10ms.png Graphic file (type png)
 <use tput10ms.png>
Package pdftex.def Info: tput10ms.png used on input line 31.
(pdftex.def)             Requested size: 234.8775pt x 132.00053pt.

Overfull \hbox (20.23589pt too wide) in paragraph at lines 30--32
[][] [] 
 []

<rtt100ms.png, id=12, 455.45157pt x 255.95625pt>
File: rtt100ms.png Graphic file (type png)
 <use rtt100ms.png>
Package pdftex.def Info: rtt100ms.png used on input line 33.
(pdftex.def)             Requested size: 234.8775pt x 132.00053pt.

<tput100ms.png, id=13, 455.45157pt x 255.95625pt>
File: tput100ms.png Graphic file (type png)
 <use tput100ms.png>
Package pdftex.def Info: tput100ms.png used on input line 34.
(pdftex.def)             Requested size: 234.8775pt x 132.00053pt.

Overfull \hbox (20.23589pt too wide) in paragraph at lines 33--35
[][] [] 
 []

[2 <./rtt0ms.png (PNG copy)> <./tput0ms.png (PNG copy)> <./rtt10ms.png (PNG cop
y)> <./tput10ms.png (PNG copy)> <./rtt100ms.png (PNG copy)> <./tput100ms.png (P
NG copy)>] (./pa1paper.aux)

LaTeX Font Warning: Some font shapes were not available, defaults substituted.

 )
(\end occurred inside a group at level 1)

### semi simple group (level 1) entered at line 10 (\begingroup)
### bottom level 
Here is how much of TeX's memory you used:
 2087 strings out of 494953
 30172 string characters out of 6180977
 90599 words of memory out of 5000000
 5364 multiletter control sequences out of 15000+600000
 4912 words of font info for 20 fonts, out of 8000000 for 9000
 14 hyphenation exceptions out of 8191
 38i,5n,32p,664b,240s stack positions out of 5000i,500n,10000p,200000b,80000s
</usr/share/texlive/texmf-dist/fonts/type1/public/amsfonts/cm/c
mr12.pfb></usr/share/texlive/texmf-dist/fonts/type1/public/amsfonts/cm/cmtt12.p
fb>
Output written on pa1paper.pdf (2 pages, 151826 bytes).
PDF statistics:
 25 PDF objects out of 1000 (max. 8388607)
 12 compressed objects within 1 object stream
 0 named destinations out of 1000 (max. 500000)
 31 words of extra memory for PDF output out of 10000 (max. 10000000)

